/root/miniconda3/envs/npu/lib/python3.10/site-packages/torch_npu/contrib/transfer_to_npu.py:347: ImportWarning: 
    *************************************************************************************************************
    The torch.Tensor.cuda and torch.nn.Module.cuda are replaced with torch.Tensor.npu and torch.nn.Module.npu now..
    The torch.cuda.DoubleTensor is replaced with torch.npu.FloatTensor cause the double type is not supported now..
    The backend in torch.distributed.init_process_group set to hccl now..
    The torch.cuda.* and torch.cuda.amp.* are replaced with torch.npu.* and torch.npu.amp.* now..
    The device parameters have been replaced with npu in the function below:
    torch.logspace, torch.randint, torch.hann_window, torch.rand, torch.full_like, torch.ones_like, torch.rand_like, torch.randperm, torch.arange, torch.frombuffer, torch.normal, torch._empty_per_channel_affine_quantized, torch.empty_strided, torch.empty_like, torch.scalar_tensor, torch.tril_indices, torch.bartlett_window, torch.ones, torch.sparse_coo_tensor, torch.randn, torch.kaiser_window, torch.tensor, torch.triu_indices, torch.as_tensor, torch.zeros, torch.randint_like, torch.full, torch.eye, torch._sparse_csr_tensor_unsafe, torch.empty, torch._sparse_coo_tensor_unsafe, torch.blackman_window, torch.zeros_like, torch.range, torch.sparse_csr_tensor, torch.randn_like, torch.from_file, torch._cudnn_init_dropout_state, torch._empty_affine_quantized, torch.linspace, torch.hamming_window, torch.empty_quantized, torch._pin_memory, torch.load, torch.set_default_device, torch.get_device_module, torch.sparse_compressed_tensor, torch.Tensor.new_empty, torch.Tensor.new_empty_strided, torch.Tensor.new_full, torch.Tensor.new_ones, torch.Tensor.new_tensor, torch.Tensor.new_zeros, torch.Tensor.to, torch.Tensor.pin_memory, torch.nn.Module.to, torch.nn.Module.to_empty
    *************************************************************************************************************
    
  warnings.warn(msg, ImportWarning)
/root/miniconda3/envs/npu/lib/python3.10/site-packages/torch_npu/contrib/transfer_to_npu.py:276: RuntimeWarning: torch.jit.script and torch.jit.script_method will be disabled by transfer_to_npu, which currently does not support them, if you need to enable them, please do not use transfer_to_npu.
  warnings.warn(msg, RuntimeWarning)
Reset report and wrote header to /root/.cache/nanochat/report/header.md
/root/miniconda3/envs/npu/lib/python3.10/site-packages/torch_npu/contrib/transfer_to_npu.py:347: ImportWarning: 
    *************************************************************************************************************
    The torch.Tensor.cuda and torch.nn.Module.cuda are replaced with torch.Tensor.npu and torch.nn.Module.npu now..
    The torch.cuda.DoubleTensor is replaced with torch.npu.FloatTensor cause the double type is not supported now..
    The backend in torch.distributed.init_process_group set to hccl now..
    The torch.cuda.* and torch.cuda.amp.* are replaced with torch.npu.* and torch.npu.amp.* now..
    The device parameters have been replaced with npu in the function below:
    torch.logspace, torch.randint, torch.hann_window, torch.rand, torch.full_like, torch.ones_like, torch.rand_like, torch.randperm, torch.arange, torch.frombuffer, torch.normal, torch._empty_per_channel_affine_quantized, torch.empty_strided, torch.empty_like, torch.scalar_tensor, torch.tril_indices, torch.bartlett_window, torch.ones, torch.sparse_coo_tensor, torch.randn, torch.kaiser_window, torch.tensor, torch.triu_indices, torch.as_tensor, torch.zeros, torch.randint_like, torch.full, torch.eye, torch._sparse_csr_tensor_unsafe, torch.empty, torch._sparse_coo_tensor_unsafe, torch.blackman_window, torch.zeros_like, torch.range, torch.sparse_csr_tensor, torch.randn_like, torch.from_file, torch._cudnn_init_dropout_state, torch._empty_affine_quantized, torch.linspace, torch.hamming_window, torch.empty_quantized, torch._pin_memory, torch.load, torch.set_default_device, torch.get_device_module, torch.sparse_compressed_tensor, torch.Tensor.new_empty, torch.Tensor.new_empty_strided, torch.Tensor.new_full, torch.Tensor.new_ones, torch.Tensor.new_tensor, torch.Tensor.new_zeros, torch.Tensor.to, torch.Tensor.pin_memory, torch.nn.Module.to, torch.nn.Module.to_empty
    *************************************************************************************************************
    
  warnings.warn(msg, ImportWarning)
/root/miniconda3/envs/npu/lib/python3.10/site-packages/torch_npu/contrib/transfer_to_npu.py:276: RuntimeWarning: torch.jit.script and torch.jit.script_method will be disabled by transfer_to_npu, which currently does not support them, if you need to enable them, please do not use transfer_to_npu.
  warnings.warn(msg, RuntimeWarning)
Downloading 9 shards using 4 workers...
Target directory: /root/.cache/nanochat/base_data_climbmix

Skipping /root/.cache/nanochat/base_data_climbmix/shard_00002.parquet (already exists)
Skipping /root/.cache/nanochat/base_data_climbmix/shard_06542.parquet (already exists)
Skipping /root/.cache/nanochat/base_data_climbmix/shard_00003.parquet (already exists)
Skipping /root/.cache/nanochat/base_data_climbmix/shard_00007.parquet (already exists)
Done! Downloaded: 9/9 shards to /root/.cache/nanochat/base_data_climbmix
Waiting for dataset download to complete...
/root/miniconda3/envs/npu/lib/python3.10/site-packages/torch_npu/contrib/transfer_to_npu.py:347: ImportWarning: 
    *************************************************************************************************************
    The torch.Tensor.cuda and torch.nn.Module.cuda are replaced with torch.Tensor.npu and torch.nn.Module.npu now..
    The torch.cuda.DoubleTensor is replaced with torch.npu.FloatTensor cause the double type is not supported now..
    The backend in torch.distributed.init_process_group set to hccl now..
    The torch.cuda.* and torch.cuda.amp.* are replaced with torch.npu.* and torch.npu.amp.* now..
    The device parameters have been replaced with npu in the function below:
    torch.logspace, torch.randint, torch.hann_window, torch.rand, torch.full_like, torch.ones_like, torch.rand_like, torch.randperm, torch.arange, torch.frombuffer, torch.normal, torch._empty_per_channel_affine_quantized, torch.empty_strided, torch.empty_like, torch.scalar_tensor, torch.tril_indices, torch.bartlett_window, torch.ones, torch.sparse_coo_tensor, torch.randn, torch.kaiser_window, torch.tensor, torch.triu_indices, torch.as_tensor, torch.zeros, torch.randint_like, torch.full, torch.eye, torch._sparse_csr_tensor_unsafe, torch.empty, torch._sparse_coo_tensor_unsafe, torch.blackman_window, torch.zeros_like, torch.range, torch.sparse_csr_tensor, torch.randn_like, torch.from_file, torch._cudnn_init_dropout_state, torch._empty_affine_quantized, torch.linspace, torch.hamming_window, torch.empty_quantized, torch._pin_memory, torch.load, torch.set_default_device, torch.get_device_module, torch.sparse_compressed_tensor, torch.Tensor.new_empty, torch.Tensor.new_empty_strided, torch.Tensor.new_full, torch.Tensor.new_ones, torch.Tensor.new_tensor, torch.Tensor.new_zeros, torch.Tensor.to, torch.Tensor.pin_memory, torch.nn.Module.to, torch.nn.Module.to_empty
    *************************************************************************************************************
    
  warnings.warn(msg, ImportWarning)
/root/miniconda3/envs/npu/lib/python3.10/site-packages/torch_npu/contrib/transfer_to_npu.py:276: RuntimeWarning: torch.jit.script and torch.jit.script_method will be disabled by transfer_to_npu, which currently does not support them, if you need to enable them, please do not use transfer_to_npu.
  warnings.warn(msg, RuntimeWarning)
Downloading 171 shards using 4 workers...
Target directory: /root/.cache/nanochat/base_data_climbmix

Skipping /root/.cache/nanochat/base_data_climbmix/shard_00011.parquet (already exists)
Skipping /root/.cache/nanochat/base_data_climbmix/shard_00012.parquet (already exists)
Skipping /root/.cache/nanochat/base_data_climbmix/shard_00013.parquet (already exists)
Skipping /root/.cache/nanochat/base_data_climbmix/shard_00014.parquet (already exists)
Skipping /root/.cache/nanochat/base_data_climbmix/shard_00015.parquet (already exists)
Skipping /root/.cache/nanochat/base_data_climbmix/shard_00016.parquet (already exists)
Skipping /root/.cache/nanochat/base_data_climbmix/shard_00017.parquet (already exists)
Skipping /root/.cache/nanochat/base_data_climbmix/shard_00018.parquet (already exists)
Skipping /root/.cache/nanochat/base_data_climbmix/shard_00019.parquet (already exists)
Skipping /root/.cache/nanochat/base_data_climbmix/shard_00020.parquet (already exists)
Skipping /root/.cache/nanochat/base_data_climbmix/shard_00021.parquet (already exists)
Skipping /root/.cache/nanochat/base_data_climbmix/shard_00055.parquet (already exists)
Skipping /root/.cache/nanochat/base_data_climbmix/shard_00056.parquet (already exists)
Skipping /root/.cache/nanochat/base_data_climbmix/shard_00057.parquet (already exists)
Skipping /root/.cache/nanochat/base_data_climbmix/shard_00058.parquet (already exists)
Skipping /root/.cache/nanochat/base_data_climbmix/shard_00059.parquet (already exists)
Skipping /root/.cache/nanochat/base_data_climbmix/shard_00060.parquet (already exists)
Skipping /root/.cache/nanochat/base_data_climbmix/shard_00061.parquet (already exists)
Skipping /root/.cache/nanochat/base_data_climbmix/shard_00062.parquet (already exists)
Skipping /root/.cache/nanochat/base_data_climbmix/shard_00063.parquet (already exists)
Skipping /root/.cache/nanochat/base_data_climbmix/shard_00064.parquet (already exists)
Skipping /root/.cache/nanochat/base_data_climbmix/shard_00065.parquet (already exists)
Skipping /root/.cache/nanochat/base_data_climbmix/shard_00099.parquet (already exists)
Skipping /root/.cache/nanochat/base_data_climbmix/shard_00100.parquet (already exists)
Skipping /root/.cache/nanochat/base_data_climbmix/shard_00101.parquet (already exists)
Skipping /root/.cache/nanochat/base_data_climbmix/shard_00102.parquet (already exists)
Skipping /root/.cache/nanochat/base_data_climbmix/shard_00103.parquet (already exists)
Skipping /root/.cache/nanochat/base_data_climbmix/shard_00104.parquet (already exists)
Skipping /root/.cache/nanochat/base_data_climbmix/shard_00105.parquet (already exists)
Skipping /root/.cache/nanochat/base_data_climbmix/shard_00106.parquet (already exists)
Skipping /root/.cache/nanochat/base_data_climbmix/shard_00107.parquet (already exists)
Skipping /root/.cache/nanochat/base_data_climbmix/shard_00108.parquet (already exists)
Skipping /root/.cache/nanochat/base_data_climbmix/shard_00109.parquet (already exists)
Skipping /root/.cache/nanochat/base_data_climbmix/shard_00143.parquet (already exists)
Skipping /root/.cache/nanochat/base_data_climbmix/shard_00144.parquet (already exists)
Skipping /root/.cache/nanochat/base_data_climbmix/shard_00145.parquet (already exists)
Skipping /root/.cache/nanochat/base_data_climbmix/shard_00146.parquet (already exists)
Skipping /root/.cache/nanochat/base_data_climbmix/shard_00147.parquet (already exists)
Skipping /root/.cache/nanochat/base_data_climbmix/shard_00148.parquet (already exists)
Skipping /root/.cache/nanochat/base_data_climbmix/shard_00149.parquet (already exists)
Skipping /root/.cache/nanochat/base_data_climbmix/shard_00150.parquet (already exists)
Skipping /root/.cache/nanochat/base_data_climbmix/shard_00151.parquet (already exists)
Skipping /root/.cache/nanochat/base_data_climbmix/shard_00152.parquet (already exists)
Skipping /root/.cache/nanochat/base_data_climbmix/shard_00153.parquet (already exists)
Skipping /root/.cache/nanochat/base_data_climbmix/shard_00022.parquet (already exists)
Skipping /root/.cache/nanochat/base_data_climbmix/shard_00023.parquet (already exists)
Skipping /root/.cache/nanochat/base_data_climbmix/shard_00024.parquet (already exists)
Skipping /root/.cache/nanochat/base_data_climbmix/shard_00025.parquet (already exists)
Skipping /root/.cache/nanochat/base_data_climbmix/shard_00026.parquet (already exists)
Skipping /root/.cache/nanochat/base_data_climbmix/shard_00027.parquet (already exists)
Skipping /root/.cache/nanochat/base_data_climbmix/shard_00028.parquet (already exists)
Skipping /root/.cache/nanochat/base_data_climbmix/shard_00029.parquet (already exists)
Skipping /root/.cache/nanochat/base_data_climbmix/shard_00030.parquet (already exists)
Skipping /root/.cache/nanochat/base_data_climbmix/shard_00031.parquet (already exists)
Skipping /root/.cache/nanochat/base_data_climbmix/shard_00032.parquet (already exists)
Skipping /root/.cache/nanochat/base_data_climbmix/shard_00088.parquet (already exists)
Skipping /root/.cache/nanochat/base_data_climbmix/shard_00089.parquet (already exists)
Skipping /root/.cache/nanochat/base_data_climbmix/shard_00090.parquet (already exists)
Skipping /root/.cache/nanochat/base_data_climbmix/shard_00091.parquet (already exists)
Skipping /root/.cache/nanochat/base_data_climbmix/shard_00092.parquet (already exists)
Skipping /root/.cache/nanochat/base_data_climbmix/shard_00093.parquet (already exists)
Skipping /root/.cache/nanochat/base_data_climbmix/shard_00094.parquet (already exists)
Skipping /root/.cache/nanochat/base_data_climbmix/shard_00095.parquet (already exists)
Skipping /root/.cache/nanochat/base_data_climbmix/shard_00096.parquet (already exists)
Skipping /root/.cache/nanochat/base_data_climbmix/shard_00097.parquet (already exists)
Skipping /root/.cache/nanochat/base_data_climbmix/shard_00098.parquet (already exists)
Skipping /root/.cache/nanochat/base_data_climbmix/shard_00132.parquet (already exists)
Skipping /root/.cache/nanochat/base_data_climbmix/shard_00133.parquet (already exists)
Skipping /root/.cache/nanochat/base_data_climbmix/shard_00134.parquet (already exists)
Skipping /root/.cache/nanochat/base_data_climbmix/shard_00135.parquet (already exists)
Skipping /root/.cache/nanochat/base_data_climbmix/shard_00136.parquet (already exists)
Skipping /root/.cache/nanochat/base_data_climbmix/shard_00137.parquet (already exists)
Skipping /root/.cache/nanochat/base_data_climbmix/shard_00138.parquet (already exists)
Skipping /root/.cache/nanochat/base_data_climbmix/shard_00139.parquet (already exists)
Skipping /root/.cache/nanochat/base_data_climbmix/shard_00140.parquet (already exists)
Skipping /root/.cache/nanochat/base_data_climbmix/shard_00141.parquet (already exists)
Skipping /root/.cache/nanochat/base_data_climbmix/shard_00142.parquet (already exists)
Skipping /root/.cache/nanochat/base_data_climbmix/shard_00033.parquet (already exists)
Skipping /root/.cache/nanochat/base_data_climbmix/shard_00034.parquet (already exists)
Skipping /root/.cache/nanochat/base_data_climbmix/shard_00035.parquet (already exists)
Skipping /root/.cache/nanochat/base_data_climbmix/shard_00036.parquet (already exists)
Skipping /root/.cache/nanochat/base_data_climbmix/shard_00037.parquet (already exists)
Skipping /root/.cache/nanochat/base_data_climbmix/shard_00038.parquet (already exists)
Skipping /root/.cache/nanochat/base_data_climbmix/shard_00039.parquet (already exists)
Skipping /root/.cache/nanochat/base_data_climbmix/shard_00040.parquet (already exists)
Skipping /root/.cache/nanochat/base_data_climbmix/shard_00041.parquet (already exists)
Skipping /root/.cache/nanochat/base_data_climbmix/shard_00042.parquet (already exists)
Skipping /root/.cache/nanochat/base_data_climbmix/shard_00043.parquet (already exists)
Skipping /root/.cache/nanochat/base_data_climbmix/shard_00077.parquet (already exists)
Skipping /root/.cache/nanochat/base_data_climbmix/shard_00078.parquet (already exists)
Skipping /root/.cache/nanochat/base_data_climbmix/shard_00079.parquet (already exists)
Skipping /root/.cache/nanochat/base_data_climbmix/shard_00080.parquet (already exists)
Skipping /root/.cache/nanochat/base_data_climbmix/shard_00081.parquet (already exists)
Skipping /root/.cache/nanochat/base_data_climbmix/shard_00082.parquet (already exists)
Skipping /root/.cache/nanochat/base_data_climbmix/shard_00083.parquet (already exists)
Skipping /root/.cache/nanochat/base_data_climbmix/shard_00084.parquet (already exists)
Skipping /root/.cache/nanochat/base_data_climbmix/shard_00085.parquet (already exists)
Skipping /root/.cache/nanochat/base_data_climbmix/shard_00086.parquet (already exists)
Skipping /root/.cache/nanochat/base_data_climbmix/shard_00087.parquet (already exists)
Skipping /root/.cache/nanochat/base_data_climbmix/shard_00121.parquet (already exists)
Skipping /root/.cache/nanochat/base_data_climbmix/shard_00122.parquet (already exists)
Skipping /root/.cache/nanochat/base_data_climbmix/shard_00123.parquet (already exists)
Skipping /root/.cache/nanochat/base_data_climbmix/shard_00124.parquet (already exists)
Skipping /root/.cache/nanochat/base_data_climbmix/shard_00125.parquet (already exists)
Skipping /root/.cache/nanochat/base_data_climbmix/shard_00126.parquet (already exists)
Skipping /root/.cache/nanochat/base_data_climbmix/shard_00127.parquet (already exists)
Skipping /root/.cache/nanochat/base_data_climbmix/shard_00128.parquet (already exists)
Skipping /root/.cache/nanochat/base_data_climbmix/shard_00129.parquet (already exists)
Skipping /root/.cache/nanochat/base_data_climbmix/shard_00130.parquet (already exists)
Skipping /root/.cache/nanochat/base_data_climbmix/shard_00131.parquet (already exists)
Skipping /root/.cache/nanochat/base_data_climbmix/shard_00165.parquet (already exists)
Skipping /root/.cache/nanochat/base_data_climbmix/shard_00166.parquet (already exists)
Skipping /root/.cache/nanochat/base_data_climbmix/shard_00167.parquet (already exists)
Skipping /root/.cache/nanochat/base_data_climbmix/shard_00168.parquet (already exists)
Skipping /root/.cache/nanochat/base_data_climbmix/shard_00169.parquet (already exists)
Skipping /root/.cache/nanochat/base_data_climbmix/shard_06542.parquet (already exists)
Skipping /root/.cache/nanochat/base_data_climbmix/shard_00000.parquet (already exists)
Skipping /root/.cache/nanochat/base_data_climbmix/shard_00001.parquet (already exists)
Skipping /root/.cache/nanochat/base_data_climbmix/shard_00002.parquet (already exists)
Skipping /root/.cache/nanochat/base_data_climbmix/shard_00003.parquet (already exists)
Skipping /root/.cache/nanochat/base_data_climbmix/shard_00004.parquet (already exists)
Skipping /root/.cache/nanochat/base_data_climbmix/shard_00005.parquet (already exists)
Skipping /root/.cache/nanochat/base_data_climbmix/shard_00006.parquet (already exists)
Skipping /root/.cache/nanochat/base_data_climbmix/shard_00007.parquet (already exists)
Skipping /root/.cache/nanochat/base_data_climbmix/shard_00008.parquet (already exists)
Skipping /root/.cache/nanochat/base_data_climbmix/shard_00009.parquet (already exists)
Skipping /root/.cache/nanochat/base_data_climbmix/shard_00010.parquet (already exists)
Skipping /root/.cache/nanochat/base_data_climbmix/shard_00044.parquet (already exists)
Skipping /root/.cache/nanochat/base_data_climbmix/shard_00045.parquet (already exists)
Skipping /root/.cache/nanochat/base_data_climbmix/shard_00046.parquet (already exists)
Skipping /root/.cache/nanochat/base_data_climbmix/shard_00047.parquet (already exists)
Skipping /root/.cache/nanochat/base_data_climbmix/shard_00048.parquet (already exists)
Skipping /root/.cache/nanochat/base_data_climbmix/shard_00049.parquet (already exists)
Skipping /root/.cache/nanochat/base_data_climbmix/shard_00050.parquet (already exists)
Skipping /root/.cache/nanochat/base_data_climbmix/shard_00051.parquet (already exists)
Skipping /root/.cache/nanochat/base_data_climbmix/shard_00052.parquet (already exists)
Skipping /root/.cache/nanochat/base_data_climbmix/shard_00053.parquet (already exists)
Skipping /root/.cache/nanochat/base_data_climbmix/shard_00054.parquet (already exists)
Skipping /root/.cache/nanochat/base_data_climbmix/shard_00066.parquet (already exists)
Skipping /root/.cache/nanochat/base_data_climbmix/shard_00067.parquet (already exists)
Skipping /root/.cache/nanochat/base_data_climbmix/shard_00068.parquet (already exists)
Skipping /root/.cache/nanochat/base_data_climbmix/shard_00069.parquet (already exists)
Skipping /root/.cache/nanochat/base_data_climbmix/shard_00070.parquet (already exists)
Skipping /root/.cache/nanochat/base_data_climbmix/shard_00071.parquet (already exists)
Skipping /root/.cache/nanochat/base_data_climbmix/shard_00072.parquet (already exists)
Skipping /root/.cache/nanochat/base_data_climbmix/shard_00073.parquet (already exists)
Skipping /root/.cache/nanochat/base_data_climbmix/shard_00074.parquet (already exists)
Skipping /root/.cache/nanochat/base_data_climbmix/shard_00075.parquet (already exists)
Skipping /root/.cache/nanochat/base_data_climbmix/shard_00076.parquet (already exists)
Skipping /root/.cache/nanochat/base_data_climbmix/shard_00110.parquet (already exists)
Skipping /root/.cache/nanochat/base_data_climbmix/shard_00111.parquet (already exists)
Skipping /root/.cache/nanochat/base_data_climbmix/shard_00112.parquet (already exists)
Skipping /root/.cache/nanochat/base_data_climbmix/shard_00113.parquet (already exists)
Skipping /root/.cache/nanochat/base_data_climbmix/shard_00114.parquet (already exists)
Skipping /root/.cache/nanochat/base_data_climbmix/shard_00115.parquet (already exists)
Skipping /root/.cache/nanochat/base_data_climbmix/shard_00116.parquet (already exists)
Skipping /root/.cache/nanochat/base_data_climbmix/shard_00117.parquet (already exists)
Skipping /root/.cache/nanochat/base_data_climbmix/shard_00118.parquet (already exists)
Skipping /root/.cache/nanochat/base_data_climbmix/shard_00119.parquet (already exists)
Skipping /root/.cache/nanochat/base_data_climbmix/shard_00120.parquet (already exists)
Skipping /root/.cache/nanochat/base_data_climbmix/shard_00154.parquet (already exists)
Skipping /root/.cache/nanochat/base_data_climbmix/shard_00155.parquet (already exists)
Skipping /root/.cache/nanochat/base_data_climbmix/shard_00156.parquet (already exists)
Skipping /root/.cache/nanochat/base_data_climbmix/shard_00157.parquet (already exists)
Skipping /root/.cache/nanochat/base_data_climbmix/shard_00158.parquet (already exists)
Skipping /root/.cache/nanochat/base_data_climbmix/shard_00159.parquet (already exists)
Skipping /root/.cache/nanochat/base_data_climbmix/shard_00160.parquet (already exists)
Skipping /root/.cache/nanochat/base_data_climbmix/shard_00161.parquet (already exists)
Skipping /root/.cache/nanochat/base_data_climbmix/shard_00162.parquet (already exists)
Skipping /root/.cache/nanochat/base_data_climbmix/shard_00163.parquet (already exists)
Skipping /root/.cache/nanochat/base_data_climbmix/shard_00164.parquet (already exists)
Done! Downloaded: 171/171 shards to /root/.cache/nanochat/base_data_climbmix
/root/miniconda3/envs/npu/lib/python3.10/site-packages/torch_npu/contrib/transfer_to_npu.py:345: ImportWarning: 
    *************************************************************************************************************
    The torch.Tensor.cuda and torch.nn.Module.cuda are replaced with torch.Tensor.npu and torch.nn.Module.npu now..
    The torch.cuda.DoubleTensor is replaced with torch.npu.FloatTensor cause the double type is not supported now..
    The backend in torch.distributed.init_process_group set to hccl now..
    The torch.cuda.* and torch.cuda.amp.* are replaced with torch.npu.* and torch.npu.amp.* now..
    The device parameters have been replaced with npu in the function below:
    torch.logspace, torch.randint, torch.hann_window, torch.rand, torch.full_like, torch.ones_like, torch.rand_like, torch.randperm, torch.arange, torch.frombuffer, torch.normal, torch._empty_per_channel_affine_quantized, torch.empty_strided, torch.empty_like, torch.scalar_tensor, torch.tril_indices, torch.bartlett_window, torch.ones, torch.sparse_coo_tensor, torch.randn, torch.kaiser_window, torch.tensor, torch.triu_indices, torch.as_tensor, torch.zeros, torch.randint_like, torch.full, torch.eye, torch._sparse_csr_tensor_unsafe, torch.empty, torch._sparse_coo_tensor_unsafe, torch.blackman_window, torch.zeros_like, torch.range, torch.sparse_csr_tensor, torch.randn_like, torch.from_file, torch._cudnn_init_dropout_state, torch._empty_affine_quantized, torch.linspace, torch.hamming_window, torch.empty_quantized, torch._pin_memory, torch.load, torch.set_default_device, torch.get_device_module, torch.sparse_compressed_tensor, torch.Tensor.new_empty, torch.Tensor.new_empty_strided, torch.Tensor.new_full, torch.Tensor.new_ones, torch.Tensor.new_tensor, torch.Tensor.new_zeros, torch.Tensor.to, torch.Tensor.pin_memory, torch.nn.Module.to, torch.nn.Module.to_empty
    *************************************************************************************************************
    
  warnings.warn(msg, ImportWarning)
/root/miniconda3/envs/npu/lib/python3.10/site-packages/torch_npu/contrib/transfer_to_npu.py:276: RuntimeWarning: torch.jit.script and torch.jit.script_method will be disabled by transfer_to_npu, which currently does not support them, if you need to enable them, please do not use transfer_to_npu.
  warnings.warn(msg, RuntimeWarning)
/root/miniconda3/envs/npu/lib/python3.10/site-packages/torch_npu/dynamo/torchair/__init__.py:8: UserWarning: pkg_resources is deprecated as an API. See https://setuptools.pypa.io/en/latest/pkg_resources.html. The pkg_resources package is slated for removal as early as 2025-11-30. Refrain from using this package or pin to Setuptools<81.
  import pkg_resources
/root/miniconda3/envs/npu/lib/python3.10/site-packages/torch_npu/npu/__init__.py:488: UserWarning: torch.npu.get_device_capability isn't implemented!
  warnings.warn("torch.npu.get_device_capability isn't implemented!")

                                                       █████                █████
                                                      ░░███                ░░███
     ████████    ██████   ████████    ██████   ██████  ░███████    ██████  ███████
    ░░███░░███  ░░░░░███ ░░███░░███  ███░░███ ███░░███ ░███░░███  ░░░░░███░░░███░
     ░███ ░███   ███████  ░███ ░███ ░███ ░███░███ ░░░  ░███ ░███   ███████  ░███
     ░███ ░███  ███░░███  ░███ ░███ ░███ ░███░███  ███ ░███ ░███  ███░░███  ░███ ███
     ████ █████░░████████ ████ █████░░██████ ░░██████  ████ █████░░███████  ░░█████
    ░░░░ ░░░░░  ░░░░░░░░ ░░░░ ░░░░░  ░░░░░░   ░░░░░░  ░░░░ ░░░░░  ░░░░░░░░   ░░░░░
    
Autodetected device type: npu
/root/miniconda3/envs/npu/lib/python3.10/site-packages/torch/distributed/distributed_c10d.py:4876: UserWarning: barrier(): using the device under current context. You can specify `device_id` in `init_process_group` to mute this warning.
  warnings.warn(  # warn only once
2026-03-17 13:41:28,434 - nanochat.common - [32m[1mINFO[0m - Distributed world size: 1
NPU: Ascend910B2 | Peak FLOPS (BF16): 3.20e+14
COMPUTE_DTYPE: torch.bfloat16 (auto-detected: NPU (bf16 supported))
✓ Using NPU Flash Attention (torch_npu.npu_fusion_attention), optimized for Ascend NPU.
Vocab size: 32,768
Model config:
{
  "sequence_len": 1024,
  "vocab_size": 32768,
  "n_layer": 12,
  "n_head": 6,
  "n_kv_head": 6,
  "n_embd": 768,
  "window_pattern": "L"
}
/root/miniconda3/envs/npu/lib/python3.10/site-packages/torch_npu/dynamo/torchair/configs/compiler_config.py:106: UserWarning: The following torchair config or properties may not take effect or report error in reduce-overhead mode: config.experimental_config.enable_view_optimize:True, set_dim_gears, dynamo_export, scope, npu_print
  warnings.warn(
Model compiled with TorchAir NPU backend (reduce-overhead mode)
Parameter counts:
wte                     : 25,165,824
value_embeds            : 150,994,944
lm_head                 : 25,165,824
transformer_matrices    : 84,935,088
scalars                 : 24
total                   : 286,261,704
Estimated FLOPs per token: 7.738517e+08
Scaling LRs by 0.3062 for batch size 49,152 (reference: 524,288)
Scaling weight decay from 0.280000 to 0.085732 for depth 12
Scaling the LR for the AdamW parameters ∝1/√(768/768) = 1.000000
Calculated number of iterations from target data:param ratio: 23,520
Total number of training tokens: 1,156,055,040
Tokens : Scaling params ratio: 10.50
Total training FLOPs estimate: 8.946151e+17
Tokens / micro-batch / rank: 48 x 1024 = 49,152
Tokens / micro-batch: 49,152
Total batch size 49,152 => gradient accumulation steps: 1
/root/miniconda3/envs/npu/lib/python3.10/site-packages/torch_npu/npu/__init__.py:488: UserWarning: torch.npu.get_device_capability isn't implemented!
  warnings.warn("torch.npu.get_device_capability isn't implemented!")
[rank0]:E0317 13:41:29.477000 4387 site-packages/torch/_dynamo/metrics_context.py:105] [0/0] Unexpected exception logging compilation metrics
[rank0]:E0317 13:41:29.477000 4387 site-packages/torch/_dynamo/metrics_context.py:105] [0/0] Traceback (most recent call last):
[rank0]:E0317 13:41:29.477000 4387 site-packages/torch/_dynamo/metrics_context.py:105] [0/0]   File "/root/miniconda3/envs/npu/lib/python3.10/site-packages/torch/_dynamo/convert_frame.py", line 1494, in _compile
[rank0]:E0317 13:41:29.477000 4387 site-packages/torch/_dynamo/metrics_context.py:105] [0/0]     raise InternalTorchDynamoError(
[rank0]:E0317 13:41:29.477000 4387 site-packages/torch/_dynamo/metrics_context.py:105] [0/0]   File "/root/miniconda3/envs/npu/lib/python3.10/site-packages/torch/_dynamo/convert_frame.py", line 1433, in _compile
[rank0]:E0317 13:41:29.477000 4387 site-packages/torch/_dynamo/metrics_context.py:105] [0/0]     guarded_code, tracer_output = compile_inner(code, one_graph, hooks)
[rank0]:E0317 13:41:29.477000 4387 site-packages/torch/_dynamo/metrics_context.py:105] [0/0]   File "/root/miniconda3/envs/npu/lib/python3.10/site-packages/torch/_utils_internal.py", line 92, in wrapper_function
[rank0]:E0317 13:41:29.477000 4387 site-packages/torch/_dynamo/metrics_context.py:105] [0/0]     return function(*args, **kwargs)
[rank0]:E0317 13:41:29.477000 4387 site-packages/torch/_dynamo/metrics_context.py:105] [0/0]   File "/root/miniconda3/envs/npu/lib/python3.10/site-packages/torch/_dynamo/convert_frame.py", line 1117, in compile_inner
[rank0]:E0317 13:41:29.477000 4387 site-packages/torch/_dynamo/metrics_context.py:105] [0/0]     return _compile_inner(code, one_graph, hooks)
[rank0]:E0317 13:41:29.477000 4387 site-packages/torch/_dynamo/metrics_context.py:105] [0/0]   File "/root/miniconda3/envs/npu/lib/python3.10/site-packages/torch/_dynamo/convert_frame.py", line 1151, in _compile_inner
[rank0]:E0317 13:41:29.477000 4387 site-packages/torch/_dynamo/metrics_context.py:105] [0/0]     dynamo_output = compile_frame(
[rank0]:E0317 13:41:29.477000 4387 site-packages/torch/_dynamo/metrics_context.py:105] [0/0]   File "/root/miniconda3/envs/npu/lib/python3.10/site-packages/torch/_dynamo/convert_frame.py", line 1032, in compile_frame
[rank0]:E0317 13:41:29.477000 4387 site-packages/torch/_dynamo/metrics_context.py:105] [0/0]     bytecode, tracer_output = transform_code_object(code, transform)
[rank0]:E0317 13:41:29.477000 4387 site-packages/torch/_dynamo/metrics_context.py:105] [0/0]   File "/root/miniconda3/envs/npu/lib/python3.10/site-packages/torch/_dynamo/bytecode_transformation.py", line 1592, in transform_code_object
[rank0]:E0317 13:41:29.477000 4387 site-packages/torch/_dynamo/metrics_context.py:105] [0/0]     tracer_output = transformations(instructions, code_options)
[rank0]:E0317 13:41:29.477000 4387 site-packages/torch/_dynamo/metrics_context.py:105] [0/0]   File "/root/miniconda3/envs/npu/lib/python3.10/site-packages/torch/_dynamo/convert_frame.py", line 1004, in transform
[rank0]:E0317 13:41:29.477000 4387 site-packages/torch/_dynamo/metrics_context.py:105] [0/0]     tracer_output = trace_frame(
[rank0]:E0317 13:41:29.477000 4387 site-packages/torch/_dynamo/metrics_context.py:105] [0/0]   File "/root/miniconda3/envs/npu/lib/python3.10/site-packages/torch/_dynamo/convert_frame.py", line 312, in _fn
[rank0]:E0317 13:41:29.477000 4387 site-packages/torch/_dynamo/metrics_context.py:105] [0/0]     return fn(*args, **kwargs)
[rank0]:E0317 13:41:29.477000 4387 site-packages/torch/_dynamo/metrics_context.py:105] [0/0]   File "/root/miniconda3/envs/npu/lib/python3.10/site-packages/torch/_dynamo/convert_frame.py", line 815, in trace_frame
[rank0]:E0317 13:41:29.477000 4387 site-packages/torch/_dynamo/metrics_context.py:105] [0/0]     run_tracer()
[rank0]:E0317 13:41:29.477000 4387 site-packages/torch/_dynamo/metrics_context.py:105] [0/0]   File "/root/miniconda3/envs/npu/lib/python3.10/site-packages/torch/_dynamo/convert_frame.py", line 797, in run_tracer
[rank0]:E0317 13:41:29.477000 4387 site-packages/torch/_dynamo/metrics_context.py:105] [0/0]     tracer.run()
[rank0]:E0317 13:41:29.477000 4387 site-packages/torch/_dynamo/metrics_context.py:105] [0/0]   File "/root/miniconda3/envs/npu/lib/python3.10/site-packages/torch/_dynamo/symbolic_convert.py", line 1487, in run
[rank0]:E0317 13:41:29.477000 4387 site-packages/torch/_dynamo/metrics_context.py:105] [0/0]     while self.step():
[rank0]:E0317 13:41:29.477000 4387 site-packages/torch/_dynamo/metrics_context.py:105] [0/0]   File "/root/miniconda3/envs/npu/lib/python3.10/site-packages/torch/_dynamo/symbolic_convert.py", line 1348, in step
[rank0]:E0317 13:41:29.477000 4387 site-packages/torch/_dynamo/metrics_context.py:105] [0/0]     self.dispatch_table[inst.opcode](self, inst)
[rank0]:E0317 13:41:29.477000 4387 site-packages/torch/_dynamo/metrics_context.py:105] [0/0]   File "/root/miniconda3/envs/npu/lib/python3.10/site-packages/torch/_dynamo/symbolic_convert.py", line 2437, in LOAD_ATTR
[rank0]:E0317 13:41:29.477000 4387 site-packages/torch/_dynamo/metrics_context.py:105] [0/0]     self._load_attr(inst)
[rank0]:E0317 13:41:29.477000 4387 site-packages/torch/_dynamo/metrics_context.py:105] [0/0]   File "/root/miniconda3/envs/npu/lib/python3.10/site-packages/torch/_dynamo/symbolic_convert.py", line 2425, in _load_attr
[rank0]:E0317 13:41:29.477000 4387 site-packages/torch/_dynamo/metrics_context.py:105] [0/0]     result = BuiltinVariable(getattr).call_function(
[rank0]:E0317 13:41:29.477000 4387 site-packages/torch/_dynamo/metrics_context.py:105] [0/0]   File "/root/miniconda3/envs/npu/lib/python3.10/site-packages/torch/_dynamo/variables/builtin.py", line 1347, in call_function
[rank0]:E0317 13:41:29.477000 4387 site-packages/torch/_dynamo/metrics_context.py:105] [0/0]     return handler(tx, args, kwargs)
[rank0]:E0317 13:41:29.477000 4387 site-packages/torch/_dynamo/metrics_context.py:105] [0/0]   File "/root/miniconda3/envs/npu/lib/python3.10/site-packages/torch/_dynamo/variables/builtin.py", line 967, in <lambda>
[rank0]:E0317 13:41:29.477000 4387 site-packages/torch/_dynamo/metrics_context.py:105] [0/0]     tx, [v.realize() for v in args], kwargs
[rank0]:E0317 13:41:29.477000 4387 site-packages/torch/_dynamo/metrics_context.py:105] [0/0]   File "/root/miniconda3/envs/npu/lib/python3.10/site-packages/torch/_dynamo/variables/builtin.py", line 967, in <listcomp>
[rank0]:E0317 13:41:29.477000 4387 site-packages/torch/_dynamo/metrics_context.py:105] [0/0]     tx, [v.realize() for v in args], kwargs
[rank0]:E0317 13:41:29.477000 4387 site-packages/torch/_dynamo/metrics_context.py:105] [0/0]   File "/root/miniconda3/envs/npu/lib/python3.10/site-packages/torch/_dynamo/variables/lazy.py", line 72, in realize
[rank0]:E0317 13:41:29.477000 4387 site-packages/torch/_dynamo/metrics_context.py:105] [0/0]     self._cache.realize()
[rank0]:E0317 13:41:29.477000 4387 site-packages/torch/_dynamo/metrics_context.py:105] [0/0]   File "/root/miniconda3/envs/npu/lib/python3.10/site-packages/torch/_dynamo/variables/lazy.py", line 33, in realize
[rank0]:E0317 13:41:29.477000 4387 site-packages/torch/_dynamo/metrics_context.py:105] [0/0]     self.vt = builder.VariableBuilder(tx, self.source)(self.value)
[rank0]:E0317 13:41:29.477000 4387 site-packages/torch/_dynamo/metrics_context.py:105] [0/0]   File "/root/miniconda3/envs/npu/lib/python3.10/site-packages/torch/_dynamo/variables/builder.py", line 446, in __call__
[rank0]:E0317 13:41:29.477000 4387 site-packages/torch/_dynamo/metrics_context.py:105] [0/0]     vt = self._wrap(value)
[rank0]:E0317 13:41:29.477000 4387 site-packages/torch/_dynamo/metrics_context.py:105] [0/0]   File "/root/miniconda3/envs/npu/lib/python3.10/site-packages/torch/_dynamo/variables/builder.py", line 660, in _wrap
[rank0]:E0317 13:41:29.477000 4387 site-packages/torch/_dynamo/metrics_context.py:105] [0/0]     if has_triton_experimental_host_tma():
[rank0]:E0317 13:41:29.477000 4387 site-packages/torch/_dynamo/metrics_context.py:105] [0/0]   File "/root/miniconda3/envs/npu/lib/python3.10/site-packages/torch/utils/_triton.py", line 41, in has_triton_experimental_host_tma
[rank0]:E0317 13:41:29.477000 4387 site-packages/torch/_dynamo/metrics_context.py:105] [0/0]     if _device_supports_tma():
[rank0]:E0317 13:41:29.477000 4387 site-packages/torch/_dynamo/metrics_context.py:105] [0/0]   File "/root/miniconda3/envs/npu/lib/python3.10/site-packages/torch/utils/_triton.py", line 33, in _device_supports_tma
[rank0]:E0317 13:41:29.477000 4387 site-packages/torch/_dynamo/metrics_context.py:105] [0/0]     and torch.cuda.get_device_capability() >= (9, 0)
[rank0]:E0317 13:41:29.477000 4387 site-packages/torch/_dynamo/metrics_context.py:105] [0/0] torch._dynamo.exc.InternalTorchDynamoError: TypeError: '>=' not supported between instances of 'NoneType' and 'tuple'
[rank0]:E0317 13:41:29.477000 4387 site-packages/torch/_dynamo/metrics_context.py:105] [0/0] 
[rank0]:E0317 13:41:29.477000 4387 site-packages/torch/_dynamo/metrics_context.py:105] [0/0] from user code:
[rank0]:E0317 13:41:29.477000 4387 site-packages/torch/_dynamo/metrics_context.py:105] [0/0]    File "/root/autodl-tmp/nanochat-ascend/nanochat/gpt.py", line 415, in forward
[rank0]:E0317 13:41:29.477000 4387 site-packages/torch/_dynamo/metrics_context.py:105] [0/0]     B, T = idx.size()
[rank0]:E0317 13:41:29.477000 4387 site-packages/torch/_dynamo/metrics_context.py:105] [0/0] 
[rank0]:E0317 13:41:29.477000 4387 site-packages/torch/_dynamo/metrics_context.py:105] [0/0] Set TORCHDYNAMO_VERBOSE=1 for the internal stack trace (please do this especially if you're reporting a bug to PyTorch). For even more developer context, set TORCH_LOGS="+dynamo"
[rank0]:E0317 13:41:29.477000 4387 site-packages/torch/_dynamo/metrics_context.py:105] [0/0] 
[rank0]:E0317 13:41:29.477000 4387 site-packages/torch/_dynamo/metrics_context.py:105] [0/0] 
[rank0]:E0317 13:41:29.477000 4387 site-packages/torch/_dynamo/metrics_context.py:105] [0/0] During handling of the above exception, another exception occurred:
[rank0]:E0317 13:41:29.477000 4387 site-packages/torch/_dynamo/metrics_context.py:105] [0/0] 
[rank0]:E0317 13:41:29.477000 4387 site-packages/torch/_dynamo/metrics_context.py:105] [0/0] Traceback (most recent call last):
[rank0]:E0317 13:41:29.477000 4387 site-packages/torch/_dynamo/metrics_context.py:105] [0/0]   File "/root/miniconda3/envs/npu/lib/python3.10/site-packages/torch/_dynamo/metrics_context.py", line 101, in __exit__
[rank0]:E0317 13:41:29.477000 4387 site-packages/torch/_dynamo/metrics_context.py:105] [0/0]     self._on_exit(
[rank0]:E0317 13:41:29.477000 4387 site-packages/torch/_dynamo/metrics_context.py:105] [0/0]   File "/root/miniconda3/envs/npu/lib/python3.10/site-packages/torch/_dynamo/utils.py", line 1632, in record_compilation_metrics
[rank0]:E0317 13:41:29.477000 4387 site-packages/torch/_dynamo/metrics_context.py:105] [0/0]     "triton_version": triton.__version__ if has_triton() else "",
[rank0]:E0317 13:41:29.477000 4387 site-packages/torch/_dynamo/metrics_context.py:105] [0/0]   File "/root/miniconda3/envs/npu/lib/python3.10/site-packages/torch/utils/_triton.py", line 159, in has_triton
[rank0]:E0317 13:41:29.477000 4387 site-packages/torch/_dynamo/metrics_context.py:105] [0/0]     return is_device_compatible_with_triton()
[rank0]:E0317 13:41:29.477000 4387 site-packages/torch/_dynamo/metrics_context.py:105] [0/0]   File "/root/miniconda3/envs/npu/lib/python3.10/site-packages/torch/utils/_triton.py", line 155, in is_device_compatible_with_triton
[rank0]:E0317 13:41:29.477000 4387 site-packages/torch/_dynamo/metrics_context.py:105] [0/0]     if device_interface.is_available() and extra_check(device_interface):
[rank0]:E0317 13:41:29.477000 4387 site-packages/torch/_dynamo/metrics_context.py:105] [0/0]   File "/root/miniconda3/envs/npu/lib/python3.10/site-packages/torch/utils/_triton.py", line 135, in cuda_extra_check
[rank0]:E0317 13:41:29.477000 4387 site-packages/torch/_dynamo/metrics_context.py:105] [0/0]     return device_interface.Worker.get_device_properties().major >= 7
[rank0]:E0317 13:41:29.477000 4387 site-packages/torch/_dynamo/metrics_context.py:105] [0/0] TypeError: '>=' not supported between instances of 'NoneType' and 'int'
[rank0]: Traceback (most recent call last):
[rank0]:   File "/root/miniconda3/envs/npu/lib/python3.10/runpy.py", line 196, in _run_module_as_main
[rank0]:     return _run_code(code, main_globals, None,
[rank0]:   File "/root/miniconda3/envs/npu/lib/python3.10/runpy.py", line 86, in _run_code
[rank0]:     exec(code, run_globals)
[rank0]:   File "/root/autodl-tmp/nanochat-ascend/scripts/base_train.py", line 451, in <module>
[rank0]:     val_bpb = evaluate_bpb(model, val_loader, eval_steps, token_bytes)
[rank0]:   File "/root/miniconda3/envs/npu/lib/python3.10/site-packages/torch/utils/_contextlib.py", line 120, in decorate_context
[rank0]:     return func(*args, **kwargs)
[rank0]:   File "/root/autodl-tmp/nanochat-ascend/nanochat/loss_eval.py", line 34, in evaluate_bpb
[rank0]:     loss2d = model(x, y, loss_reduction='none') # (B, T)
[rank0]:   File "/root/miniconda3/envs/npu/lib/python3.10/site-packages/torch/_dynamo/eval_frame.py", line 414, in __call__
[rank0]:     return super().__call__(*args, **kwargs)
[rank0]:   File "/root/miniconda3/envs/npu/lib/python3.10/site-packages/torch/nn/modules/module.py", line 1775, in _wrapped_call_impl
[rank0]:     return self._call_impl(*args, **kwargs)
[rank0]:   File "/root/miniconda3/envs/npu/lib/python3.10/site-packages/torch/nn/modules/module.py", line 1786, in _call_impl
[rank0]:     return forward_call(*args, **kwargs)
[rank0]:   File "/root/miniconda3/envs/npu/lib/python3.10/site-packages/torch/_dynamo/eval_frame.py", line 832, in compile_wrapper
[rank0]:     return fn(*args, **kwargs)
[rank0]:   File "/root/miniconda3/envs/npu/lib/python3.10/site-packages/torch/nn/modules/module.py", line 1775, in _wrapped_call_impl
[rank0]:     return self._call_impl(*args, **kwargs)
[rank0]:   File "/root/miniconda3/envs/npu/lib/python3.10/site-packages/torch/nn/modules/module.py", line 1786, in _call_impl
[rank0]:     return forward_call(*args, **kwargs)
[rank0]:   File "/root/miniconda3/envs/npu/lib/python3.10/site-packages/torch/_dynamo/convert_frame.py", line 1874, in __call__
[rank0]:     result = self._torchdynamo_orig_backend(
[rank0]:   File "/root/miniconda3/envs/npu/lib/python3.10/site-packages/torch/_dynamo/convert_frame.py", line 1624, in __call__
[rank0]:     result = self._inner_convert(
[rank0]:   File "/root/miniconda3/envs/npu/lib/python3.10/site-packages/torch/_dynamo/convert_frame.py", line 688, in __call__
[rank0]:     result = _compile(
[rank0]:   File "/root/miniconda3/envs/npu/lib/python3.10/site-packages/torch/_dynamo/convert_frame.py", line 1494, in _compile
[rank0]:     raise InternalTorchDynamoError(
[rank0]:   File "/root/miniconda3/envs/npu/lib/python3.10/site-packages/torch/_dynamo/convert_frame.py", line 1433, in _compile
[rank0]:     guarded_code, tracer_output = compile_inner(code, one_graph, hooks)
[rank0]:   File "/root/miniconda3/envs/npu/lib/python3.10/site-packages/torch/_utils_internal.py", line 92, in wrapper_function
[rank0]:     return function(*args, **kwargs)
[rank0]:   File "/root/miniconda3/envs/npu/lib/python3.10/site-packages/torch/_dynamo/convert_frame.py", line 1117, in compile_inner
[rank0]:     return _compile_inner(code, one_graph, hooks)
[rank0]:   File "/root/miniconda3/envs/npu/lib/python3.10/site-packages/torch/_dynamo/convert_frame.py", line 1151, in _compile_inner
[rank0]:     dynamo_output = compile_frame(
[rank0]:   File "/root/miniconda3/envs/npu/lib/python3.10/site-packages/torch/_dynamo/convert_frame.py", line 1032, in compile_frame
[rank0]:     bytecode, tracer_output = transform_code_object(code, transform)
[rank0]:   File "/root/miniconda3/envs/npu/lib/python3.10/site-packages/torch/_dynamo/bytecode_transformation.py", line 1592, in transform_code_object
[rank0]:     tracer_output = transformations(instructions, code_options)
[rank0]:   File "/root/miniconda3/envs/npu/lib/python3.10/site-packages/torch/_dynamo/convert_frame.py", line 1004, in transform
[rank0]:     tracer_output = trace_frame(
[rank0]:   File "/root/miniconda3/envs/npu/lib/python3.10/site-packages/torch/_dynamo/convert_frame.py", line 312, in _fn
[rank0]:     return fn(*args, **kwargs)
[rank0]:   File "/root/miniconda3/envs/npu/lib/python3.10/site-packages/torch/_dynamo/convert_frame.py", line 815, in trace_frame
[rank0]:     run_tracer()
[rank0]:   File "/root/miniconda3/envs/npu/lib/python3.10/site-packages/torch/_dynamo/convert_frame.py", line 797, in run_tracer
[rank0]:     tracer.run()
[rank0]:   File "/root/miniconda3/envs/npu/lib/python3.10/site-packages/torch/_dynamo/symbolic_convert.py", line 1487, in run
[rank0]:     while self.step():
[rank0]:   File "/root/miniconda3/envs/npu/lib/python3.10/site-packages/torch/_dynamo/symbolic_convert.py", line 1348, in step
[rank0]:     self.dispatch_table[inst.opcode](self, inst)
[rank0]:   File "/root/miniconda3/envs/npu/lib/python3.10/site-packages/torch/_dynamo/symbolic_convert.py", line 2437, in LOAD_ATTR
[rank0]:     self._load_attr(inst)
[rank0]:   File "/root/miniconda3/envs/npu/lib/python3.10/site-packages/torch/_dynamo/symbolic_convert.py", line 2425, in _load_attr
[rank0]:     result = BuiltinVariable(getattr).call_function(
[rank0]:   File "/root/miniconda3/envs/npu/lib/python3.10/site-packages/torch/_dynamo/variables/builtin.py", line 1347, in call_function
[rank0]:     return handler(tx, args, kwargs)
[rank0]:   File "/root/miniconda3/envs/npu/lib/python3.10/site-packages/torch/_dynamo/variables/builtin.py", line 967, in <lambda>
[rank0]:     tx, [v.realize() for v in args], kwargs
[rank0]:   File "/root/miniconda3/envs/npu/lib/python3.10/site-packages/torch/_dynamo/variables/builtin.py", line 967, in <listcomp>
[rank0]:     tx, [v.realize() for v in args], kwargs
[rank0]:   File "/root/miniconda3/envs/npu/lib/python3.10/site-packages/torch/_dynamo/variables/lazy.py", line 72, in realize
[rank0]:     self._cache.realize()
[rank0]:   File "/root/miniconda3/envs/npu/lib/python3.10/site-packages/torch/_dynamo/variables/lazy.py", line 33, in realize
[rank0]:     self.vt = builder.VariableBuilder(tx, self.source)(self.value)
[rank0]:   File "/root/miniconda3/envs/npu/lib/python3.10/site-packages/torch/_dynamo/variables/builder.py", line 446, in __call__
[rank0]:     vt = self._wrap(value)
[rank0]:   File "/root/miniconda3/envs/npu/lib/python3.10/site-packages/torch/_dynamo/variables/builder.py", line 660, in _wrap
[rank0]:     if has_triton_experimental_host_tma():
[rank0]:   File "/root/miniconda3/envs/npu/lib/python3.10/site-packages/torch/utils/_triton.py", line 41, in has_triton_experimental_host_tma
[rank0]:     if _device_supports_tma():
[rank0]:   File "/root/miniconda3/envs/npu/lib/python3.10/site-packages/torch/utils/_triton.py", line 33, in _device_supports_tma
[rank0]:     and torch.cuda.get_device_capability() >= (9, 0)
[rank0]: torch._dynamo.exc.InternalTorchDynamoError: TypeError: '>=' not supported between instances of 'NoneType' and 'tuple'

[rank0]: from user code:
[rank0]:    File "/root/autodl-tmp/nanochat-ascend/nanochat/gpt.py", line 415, in forward
[rank0]:     B, T = idx.size()

[rank0]: Set TORCHDYNAMO_VERBOSE=1 for the internal stack trace (please do this especially if you're reporting a bug to PyTorch). For even more developer context, set TORCH_LOGS="+dynamo"

[ERROR] 2026-03-17-13:41:30 (PID:4387, Device:0, RankID:-1) ERR99999 UNKNOWN applicaiton exception
E0317 13:41:36.239000 4271 site-packages/torch/distributed/elastic/multiprocessing/api.py:882] failed (exitcode: 1) local_rank: 0 (pid: 4387) of binary: /root/miniconda3/envs/npu/bin/python3.10
Traceback (most recent call last):
  File "/root/miniconda3/envs/npu/bin/torchrun", line 6, in <module>
    sys.exit(main())
  File "/root/miniconda3/envs/npu/lib/python3.10/site-packages/torch/distributed/elastic/multiprocessing/errors/__init__.py", line 357, in wrapper
    return f(*args, **kwargs)
  File "/root/miniconda3/envs/npu/lib/python3.10/site-packages/torch/distributed/run.py", line 936, in main
    run(args)
  File "/root/miniconda3/envs/npu/lib/python3.10/site-packages/torch/distributed/run.py", line 927, in run
    elastic_launch(
  File "/root/miniconda3/envs/npu/lib/python3.10/site-packages/torch/distributed/launcher/api.py", line 156, in __call__
    return launch_agent(self._config, self._entrypoint, list(args))
  File "/root/miniconda3/envs/npu/lib/python3.10/site-packages/torch/distributed/launcher/api.py", line 293, in launch_agent
    raise ChildFailedError(
torch.distributed.elastic.multiprocessing.errors.ChildFailedError: 
============================================================
scripts.base_train FAILED
------------------------------------------------------------
Failures:
  <NO_OTHER_FAILURES>
------------------------------------------------------------
Root Cause (first observed failure):
[0]:
  time      : 2026-03-17_13:41:36
  host      : localhost
  rank      : 0 (local_rank: 0)
  exitcode  : 1 (pid: 4387)
  error_file: <N/A>
  traceback : To enable traceback see: https://pytorch.org/docs/stable/elastic/errors.html
============================================================
[ERROR] 2026-03-17-13:41:36 (PID:4271, Device:-1, RankID:-1) ERR99999 UNKNOWN applicaiton exception
/root/miniconda3/envs/npu/lib/python3.10/site-packages/torch_npu/contrib/transfer_to_npu.py:345: ImportWarning: 
    *************************************************************************************************************
    The torch.Tensor.cuda and torch.nn.Module.cuda are replaced with torch.Tensor.npu and torch.nn.Module.npu now..
    The torch.cuda.DoubleTensor is replaced with torch.npu.FloatTensor cause the double type is not supported now..
    The backend in torch.distributed.init_process_group set to hccl now..
    The torch.cuda.* and torch.cuda.amp.* are replaced with torch.npu.* and torch.npu.amp.* now..
    The device parameters have been replaced with npu in the function below:
    torch.logspace, torch.randint, torch.hann_window, torch.rand, torch.full_like, torch.ones_like, torch.rand_like, torch.randperm, torch.arange, torch.frombuffer, torch.normal, torch._empty_per_channel_affine_quantized, torch.empty_strided, torch.empty_like, torch.scalar_tensor, torch.tril_indices, torch.bartlett_window, torch.ones, torch.sparse_coo_tensor, torch.randn, torch.kaiser_window, torch.tensor, torch.triu_indices, torch.as_tensor, torch.zeros, torch.randint_like, torch.full, torch.eye, torch._sparse_csr_tensor_unsafe, torch.empty, torch._sparse_coo_tensor_unsafe, torch.blackman_window, torch.zeros_like, torch.range, torch.sparse_csr_tensor, torch.randn_like, torch.from_file, torch._cudnn_init_dropout_state, torch._empty_affine_quantized, torch.linspace, torch.hamming_window, torch.empty_quantized, torch._pin_memory, torch.load, torch.set_default_device, torch.get_device_module, torch.sparse_compressed_tensor, torch.Tensor.new_empty, torch.Tensor.new_empty_strided, torch.Tensor.new_full, torch.Tensor.new_ones, torch.Tensor.new_tensor, torch.Tensor.new_zeros, torch.Tensor.to, torch.Tensor.pin_memory, torch.nn.Module.to, torch.nn.Module.to_empty
    *************************************************************************************************************
    
  warnings.warn(msg, ImportWarning)
/root/miniconda3/envs/npu/lib/python3.10/site-packages/torch_npu/contrib/transfer_to_npu.py:276: RuntimeWarning: torch.jit.script and torch.jit.script_method will be disabled by transfer_to_npu, which currently does not support them, if you need to enable them, please do not use transfer_to_npu.
  warnings.warn(msg, RuntimeWarning)
/root/miniconda3/envs/npu/lib/python3.10/site-packages/torch_npu/dynamo/torchair/__init__.py:8: UserWarning: pkg_resources is deprecated as an API. See https://setuptools.pypa.io/en/latest/pkg_resources.html. The pkg_resources package is slated for removal as early as 2025-11-30. Refrain from using this package or pin to Setuptools<81.
  import pkg_resources
/root/miniconda3/envs/npu/lib/python3.10/site-packages/torch_npu/npu/__init__.py:488: UserWarning: torch.npu.get_device_capability isn't implemented!
  warnings.warn("torch.npu.get_device_capability isn't implemented!")
Autodetected device type: npu
/root/miniconda3/envs/npu/lib/python3.10/site-packages/torch/distributed/distributed_c10d.py:4876: UserWarning: barrier(): using the device under current context. You can specify `device_id` in `init_process_group` to mute this warning.
  warnings.warn(  # warn only once
2026-03-17 13:42:01,428 - nanochat.common - [32m[1mINFO[0m - Distributed world size: 1
[rank0]: Traceback (most recent call last):
[rank0]:   File "/root/miniconda3/envs/npu/lib/python3.10/runpy.py", line 196, in _run_module_as_main
[rank0]:     return _run_code(code, main_globals, None,
[rank0]:   File "/root/miniconda3/envs/npu/lib/python3.10/runpy.py", line 86, in _run_code
[rank0]:     exec(code, run_globals)
[rank0]:   File "/root/autodl-tmp/nanochat-ascend/scripts/base_eval.py", line 324, in <module>
[rank0]:     main()
[rank0]:   File "/root/autodl-tmp/nanochat-ascend/scripts/base_eval.py", line 210, in main
[rank0]:     model, tokenizer, meta = load_model("base", device, phase="eval", model_tag=args.model_tag, step=args.step)
[rank0]:   File "/root/autodl-tmp/nanochat-ascend/nanochat/checkpoint_manager.py", line 173, in load_model
[rank0]:     return load_model_from_dir(checkpoints_dir, *args, **kwargs)
[rank0]:   File "/root/autodl-tmp/nanochat-ascend/nanochat/checkpoint_manager.py", line 153, in load_model_from_dir
[rank0]:     model_tag = find_largest_model(checkpoints_dir)
[rank0]:   File "/root/autodl-tmp/nanochat-ascend/nanochat/checkpoint_manager.py", line 121, in find_largest_model
[rank0]:     model_tags = [f for f in os.listdir(checkpoints_dir) if os.path.isdir(os.path.join(checkpoints_dir, f))]
[rank0]: FileNotFoundError: [Errno 2] No such file or directory: '/root/.cache/nanochat/base_checkpoints'
[ERROR] 2026-03-17-13:42:02 (PID:5207, Device:0, RankID:-1) ERR99999 UNKNOWN applicaiton exception
E0317 13:42:07.509000 5081 site-packages/torch/distributed/elastic/multiprocessing/api.py:882] failed (exitcode: 1) local_rank: 0 (pid: 5207) of binary: /root/miniconda3/envs/npu/bin/python3.10
Traceback (most recent call last):
  File "/root/miniconda3/envs/npu/bin/torchrun", line 6, in <module>
    sys.exit(main())
  File "/root/miniconda3/envs/npu/lib/python3.10/site-packages/torch/distributed/elastic/multiprocessing/errors/__init__.py", line 357, in wrapper
    return f(*args, **kwargs)
  File "/root/miniconda3/envs/npu/lib/python3.10/site-packages/torch/distributed/run.py", line 936, in main
    run(args)
  File "/root/miniconda3/envs/npu/lib/python3.10/site-packages/torch/distributed/run.py", line 927, in run
    elastic_launch(
  File "/root/miniconda3/envs/npu/lib/python3.10/site-packages/torch/distributed/launcher/api.py", line 156, in __call__
    return launch_agent(self._config, self._entrypoint, list(args))
  File "/root/miniconda3/envs/npu/lib/python3.10/site-packages/torch/distributed/launcher/api.py", line 293, in launch_agent
    raise ChildFailedError(
torch.distributed.elastic.multiprocessing.errors.ChildFailedError: 
============================================================
scripts.base_eval FAILED
------------------------------------------------------------
Failures:
  <NO_OTHER_FAILURES>
------------------------------------------------------------
Root Cause (first observed failure):
[0]:
  time      : 2026-03-17_13:42:07
  host      : localhost
  rank      : 0 (local_rank: 0)
  exitcode  : 1 (pid: 5207)
  error_file: <N/A>
  traceback : To enable traceback see: https://pytorch.org/docs/stable/elastic/errors.html
============================================================
[ERROR] 2026-03-17-13:42:07 (PID:5081, Device:-1, RankID:-1) ERR99999 UNKNOWN applicaiton exception
  % Total    % Received % Xferd  Average Speed   Time    Time     Time  Current
                                 Dload  Upload   Total   Spent    Left  Speed
  0     0    0     0    0     0      0      0 --:--:-- --:--:-- --:--:--     0  0     0    0     0    0     0      0      0 --:--:-- --:--:-- --:--:--     0 12 2452k   12  305k    0     0   268k      0  0:00:09  0:00:01  0:00:08  268k100 2452k  100 2452k    0     0  1707k      0  0:00:01  0:00:01 --:--:-- 1707k
/root/miniconda3/envs/npu/lib/python3.10/site-packages/torch_npu/contrib/transfer_to_npu.py:345: ImportWarning: 
    *************************************************************************************************************
    The torch.Tensor.cuda and torch.nn.Module.cuda are replaced with torch.Tensor.npu and torch.nn.Module.npu now..
    The torch.cuda.DoubleTensor is replaced with torch.npu.FloatTensor cause the double type is not supported now..
    The backend in torch.distributed.init_process_group set to hccl now..
    The torch.cuda.* and torch.cuda.amp.* are replaced with torch.npu.* and torch.npu.amp.* now..
    The device parameters have been replaced with npu in the function below:
    torch.logspace, torch.randint, torch.hann_window, torch.rand, torch.full_like, torch.ones_like, torch.rand_like, torch.randperm, torch.arange, torch.frombuffer, torch.normal, torch._empty_per_channel_affine_quantized, torch.empty_strided, torch.empty_like, torch.scalar_tensor, torch.tril_indices, torch.bartlett_window, torch.ones, torch.sparse_coo_tensor, torch.randn, torch.kaiser_window, torch.tensor, torch.triu_indices, torch.as_tensor, torch.zeros, torch.randint_like, torch.full, torch.eye, torch._sparse_csr_tensor_unsafe, torch.empty, torch._sparse_coo_tensor_unsafe, torch.blackman_window, torch.zeros_like, torch.range, torch.sparse_csr_tensor, torch.randn_like, torch.from_file, torch._cudnn_init_dropout_state, torch._empty_affine_quantized, torch.linspace, torch.hamming_window, torch.empty_quantized, torch._pin_memory, torch.load, torch.set_default_device, torch.get_device_module, torch.sparse_compressed_tensor, torch.Tensor.new_empty, torch.Tensor.new_empty_strided, torch.Tensor.new_full, torch.Tensor.new_ones, torch.Tensor.new_tensor, torch.Tensor.new_zeros, torch.Tensor.to, torch.Tensor.pin_memory, torch.nn.Module.to, torch.nn.Module.to_empty
    *************************************************************************************************************
    
  warnings.warn(msg, ImportWarning)
/root/miniconda3/envs/npu/lib/python3.10/site-packages/torch_npu/contrib/transfer_to_npu.py:276: RuntimeWarning: torch.jit.script and torch.jit.script_method will be disabled by transfer_to_npu, which currently does not support them, if you need to enable them, please do not use transfer_to_npu.
  warnings.warn(msg, RuntimeWarning)
/root/miniconda3/envs/npu/lib/python3.10/site-packages/torch_npu/dynamo/torchair/__init__.py:8: UserWarning: pkg_resources is deprecated as an API. See https://setuptools.pypa.io/en/latest/pkg_resources.html. The pkg_resources package is slated for removal as early as 2025-11-30. Refrain from using this package or pin to Setuptools<81.
  import pkg_resources
/root/miniconda3/envs/npu/lib/python3.10/site-packages/torch_npu/npu/__init__.py:488: UserWarning: torch.npu.get_device_capability isn't implemented!
  warnings.warn("torch.npu.get_device_capability isn't implemented!")
Autodetected device type: npu
/root/miniconda3/envs/npu/lib/python3.10/site-packages/torch/distributed/distributed_c10d.py:4876: UserWarning: barrier(): using the device under current context. You can specify `device_id` in `init_process_group` to mute this warning.
  warnings.warn(  # warn only once
2026-03-17 13:42:36,558 - nanochat.common - [32m[1mINFO[0m - Distributed world size: 1
COMPUTE_DTYPE: torch.bfloat16 (auto-detected: NPU (bf16 supported))
✓ Using NPU Flash Attention (torch_npu.npu_fusion_attention), optimized for Ascend NPU.
[rank0]: Traceback (most recent call last):
[rank0]:   File "/root/miniconda3/envs/npu/lib/python3.10/runpy.py", line 196, in _run_module_as_main
[rank0]:     return _run_code(code, main_globals, None,
[rank0]:   File "/root/miniconda3/envs/npu/lib/python3.10/runpy.py", line 86, in _run_code
[rank0]:     exec(code, run_globals)
[rank0]:   File "/root/autodl-tmp/nanochat-ascend/scripts/chat_sft.py", line 106, in <module>
[rank0]:     model, tokenizer, meta = load_model("base", device, phase="train", model_tag=args.model_tag, step=args.model_step)
[rank0]:   File "/root/autodl-tmp/nanochat-ascend/nanochat/checkpoint_manager.py", line 173, in load_model
[rank0]:     return load_model_from_dir(checkpoints_dir, *args, **kwargs)
[rank0]:   File "/root/autodl-tmp/nanochat-ascend/nanochat/checkpoint_manager.py", line 153, in load_model_from_dir
[rank0]:     model_tag = find_largest_model(checkpoints_dir)
[rank0]:   File "/root/autodl-tmp/nanochat-ascend/nanochat/checkpoint_manager.py", line 121, in find_largest_model
[rank0]:     model_tags = [f for f in os.listdir(checkpoints_dir) if os.path.isdir(os.path.join(checkpoints_dir, f))]
[rank0]: FileNotFoundError: [Errno 2] No such file or directory: '/root/.cache/nanochat/base_checkpoints'
[ERROR] 2026-03-17-13:42:37 (PID:5724, Device:0, RankID:-1) ERR99999 UNKNOWN applicaiton exception
E0317 13:42:42.329000 5632 site-packages/torch/distributed/elastic/multiprocessing/api.py:882] failed (exitcode: 1) local_rank: 0 (pid: 5724) of binary: /root/miniconda3/envs/npu/bin/python3.10
Traceback (most recent call last):
  File "/root/miniconda3/envs/npu/bin/torchrun", line 6, in <module>
    sys.exit(main())
  File "/root/miniconda3/envs/npu/lib/python3.10/site-packages/torch/distributed/elastic/multiprocessing/errors/__init__.py", line 357, in wrapper
    return f(*args, **kwargs)
  File "/root/miniconda3/envs/npu/lib/python3.10/site-packages/torch/distributed/run.py", line 936, in main
    run(args)
  File "/root/miniconda3/envs/npu/lib/python3.10/site-packages/torch/distributed/run.py", line 927, in run
    elastic_launch(
  File "/root/miniconda3/envs/npu/lib/python3.10/site-packages/torch/distributed/launcher/api.py", line 156, in __call__
    return launch_agent(self._config, self._entrypoint, list(args))
  File "/root/miniconda3/envs/npu/lib/python3.10/site-packages/torch/distributed/launcher/api.py", line 293, in launch_agent
    raise ChildFailedError(
torch.distributed.elastic.multiprocessing.errors.ChildFailedError: 
============================================================
scripts.chat_sft FAILED
------------------------------------------------------------
Failures:
  <NO_OTHER_FAILURES>
------------------------------------------------------------
Root Cause (first observed failure):
[0]:
  time      : 2026-03-17_13:42:42
  host      : localhost
  rank      : 0 (local_rank: 0)
  exitcode  : 1 (pid: 5724)
  error_file: <N/A>
  traceback : To enable traceback see: https://pytorch.org/docs/stable/elastic/errors.html
============================================================
[ERROR] 2026-03-17-13:42:42 (PID:5632, Device:-1, RankID:-1) ERR99999 UNKNOWN applicaiton exception
/root/miniconda3/envs/npu/lib/python3.10/site-packages/torch_npu/contrib/transfer_to_npu.py:345: ImportWarning: 
    *************************************************************************************************************
    The torch.Tensor.cuda and torch.nn.Module.cuda are replaced with torch.Tensor.npu and torch.nn.Module.npu now..
    The torch.cuda.DoubleTensor is replaced with torch.npu.FloatTensor cause the double type is not supported now..
    The backend in torch.distributed.init_process_group set to hccl now..
    The torch.cuda.* and torch.cuda.amp.* are replaced with torch.npu.* and torch.npu.amp.* now..
    The device parameters have been replaced with npu in the function below:
    torch.logspace, torch.randint, torch.hann_window, torch.rand, torch.full_like, torch.ones_like, torch.rand_like, torch.randperm, torch.arange, torch.frombuffer, torch.normal, torch._empty_per_channel_affine_quantized, torch.empty_strided, torch.empty_like, torch.scalar_tensor, torch.tril_indices, torch.bartlett_window, torch.ones, torch.sparse_coo_tensor, torch.randn, torch.kaiser_window, torch.tensor, torch.triu_indices, torch.as_tensor, torch.zeros, torch.randint_like, torch.full, torch.eye, torch._sparse_csr_tensor_unsafe, torch.empty, torch._sparse_coo_tensor_unsafe, torch.blackman_window, torch.zeros_like, torch.range, torch.sparse_csr_tensor, torch.randn_like, torch.from_file, torch._cudnn_init_dropout_state, torch._empty_affine_quantized, torch.linspace, torch.hamming_window, torch.empty_quantized, torch._pin_memory, torch.load, torch.set_default_device, torch.get_device_module, torch.sparse_compressed_tensor, torch.Tensor.new_empty, torch.Tensor.new_empty_strided, torch.Tensor.new_full, torch.Tensor.new_ones, torch.Tensor.new_tensor, torch.Tensor.new_zeros, torch.Tensor.to, torch.Tensor.pin_memory, torch.nn.Module.to, torch.nn.Module.to_empty
    *************************************************************************************************************
    
  warnings.warn(msg, ImportWarning)
/root/miniconda3/envs/npu/lib/python3.10/site-packages/torch_npu/contrib/transfer_to_npu.py:276: RuntimeWarning: torch.jit.script and torch.jit.script_method will be disabled by transfer_to_npu, which currently does not support them, if you need to enable them, please do not use transfer_to_npu.
  warnings.warn(msg, RuntimeWarning)
/root/miniconda3/envs/npu/lib/python3.10/site-packages/torch_npu/dynamo/torchair/__init__.py:8: UserWarning: pkg_resources is deprecated as an API. See https://setuptools.pypa.io/en/latest/pkg_resources.html. The pkg_resources package is slated for removal as early as 2025-11-30. Refrain from using this package or pin to Setuptools<81.
  import pkg_resources
/root/miniconda3/envs/npu/lib/python3.10/site-packages/torch_npu/npu/__init__.py:488: UserWarning: torch.npu.get_device_capability isn't implemented!
  warnings.warn("torch.npu.get_device_capability isn't implemented!")
Autodetected device type: npu
/root/miniconda3/envs/npu/lib/python3.10/site-packages/torch/distributed/distributed_c10d.py:4876: UserWarning: barrier(): using the device under current context. You can specify `device_id` in `init_process_group` to mute this warning.
  warnings.warn(  # warn only once
2026-03-17 13:43:09,536 - nanochat.common - [32m[1mINFO[0m - Distributed world size: 1
[rank0]: Traceback (most recent call last):
[rank0]:   File "/root/miniconda3/envs/npu/lib/python3.10/runpy.py", line 196, in _run_module_as_main
[rank0]:     return _run_code(code, main_globals, None,
[rank0]:   File "/root/miniconda3/envs/npu/lib/python3.10/runpy.py", line 86, in _run_code
[rank0]:     exec(code, run_globals)
[rank0]:   File "/root/autodl-tmp/nanochat-ascend/scripts/chat_eval.py", line 201, in <module>
[rank0]:     model, tokenizer, meta = load_model(args.source, device, phase="eval", model_tag=args.model_tag, step=args.step)
[rank0]:   File "/root/autodl-tmp/nanochat-ascend/nanochat/checkpoint_manager.py", line 173, in load_model
[rank0]:     return load_model_from_dir(checkpoints_dir, *args, **kwargs)
[rank0]:   File "/root/autodl-tmp/nanochat-ascend/nanochat/checkpoint_manager.py", line 153, in load_model_from_dir
[rank0]:     model_tag = find_largest_model(checkpoints_dir)
[rank0]:   File "/root/autodl-tmp/nanochat-ascend/nanochat/checkpoint_manager.py", line 121, in find_largest_model
[rank0]:     model_tags = [f for f in os.listdir(checkpoints_dir) if os.path.isdir(os.path.join(checkpoints_dir, f))]
[rank0]: FileNotFoundError: [Errno 2] No such file or directory: '/root/.cache/nanochat/chatsft_checkpoints'
[ERROR] 2026-03-17-13:43:10 (PID:6282, Device:0, RankID:-1) ERR99999 UNKNOWN applicaiton exception
E0317 13:43:16.173000 6168 site-packages/torch/distributed/elastic/multiprocessing/api.py:882] failed (exitcode: 1) local_rank: 0 (pid: 6282) of binary: /root/miniconda3/envs/npu/bin/python3.10
Traceback (most recent call last):
  File "/root/miniconda3/envs/npu/bin/torchrun", line 6, in <module>
    sys.exit(main())
  File "/root/miniconda3/envs/npu/lib/python3.10/site-packages/torch/distributed/elastic/multiprocessing/errors/__init__.py", line 357, in wrapper
    return f(*args, **kwargs)
  File "/root/miniconda3/envs/npu/lib/python3.10/site-packages/torch/distributed/run.py", line 936, in main
    run(args)
  File "/root/miniconda3/envs/npu/lib/python3.10/site-packages/torch/distributed/run.py", line 927, in run
    elastic_launch(
  File "/root/miniconda3/envs/npu/lib/python3.10/site-packages/torch/distributed/launcher/api.py", line 156, in __call__
    return launch_agent(self._config, self._entrypoint, list(args))
  File "/root/miniconda3/envs/npu/lib/python3.10/site-packages/torch/distributed/launcher/api.py", line 293, in launch_agent
    raise ChildFailedError(
torch.distributed.elastic.multiprocessing.errors.ChildFailedError: 
============================================================
scripts.chat_eval FAILED
------------------------------------------------------------
Failures:
  <NO_OTHER_FAILURES>
------------------------------------------------------------
Root Cause (first observed failure):
[0]:
  time      : 2026-03-17_13:43:16
  host      : localhost
  rank      : 0 (local_rank: 0)
  exitcode  : 1 (pid: 6282)
  error_file: <N/A>
  traceback : To enable traceback see: https://pytorch.org/docs/stable/elastic/errors.html
============================================================
[ERROR] 2026-03-17-13:43:16 (PID:6168, Device:-1, RankID:-1) ERR99999 UNKNOWN applicaiton exception
/root/miniconda3/envs/npu/lib/python3.10/site-packages/torch_npu/contrib/transfer_to_npu.py:347: ImportWarning: 
    *************************************************************************************************************
    The torch.Tensor.cuda and torch.nn.Module.cuda are replaced with torch.Tensor.npu and torch.nn.Module.npu now..
    The torch.cuda.DoubleTensor is replaced with torch.npu.FloatTensor cause the double type is not supported now..
    The backend in torch.distributed.init_process_group set to hccl now..
    The torch.cuda.* and torch.cuda.amp.* are replaced with torch.npu.* and torch.npu.amp.* now..
    The device parameters have been replaced with npu in the function below:
    torch.logspace, torch.randint, torch.hann_window, torch.rand, torch.full_like, torch.ones_like, torch.rand_like, torch.randperm, torch.arange, torch.frombuffer, torch.normal, torch._empty_per_channel_affine_quantized, torch.empty_strided, torch.empty_like, torch.scalar_tensor, torch.tril_indices, torch.bartlett_window, torch.ones, torch.sparse_coo_tensor, torch.randn, torch.kaiser_window, torch.tensor, torch.triu_indices, torch.as_tensor, torch.zeros, torch.randint_like, torch.full, torch.eye, torch._sparse_csr_tensor_unsafe, torch.empty, torch._sparse_coo_tensor_unsafe, torch.blackman_window, torch.zeros_like, torch.range, torch.sparse_csr_tensor, torch.randn_like, torch.from_file, torch._cudnn_init_dropout_state, torch._empty_affine_quantized, torch.linspace, torch.hamming_window, torch.empty_quantized, torch._pin_memory, torch.load, torch.set_default_device, torch.get_device_module, torch.sparse_compressed_tensor, torch.Tensor.new_empty, torch.Tensor.new_empty_strided, torch.Tensor.new_full, torch.Tensor.new_ones, torch.Tensor.new_tensor, torch.Tensor.new_zeros, torch.Tensor.to, torch.Tensor.pin_memory, torch.nn.Module.to, torch.nn.Module.to_empty
    *************************************************************************************************************
    
  warnings.warn(msg, ImportWarning)
/root/miniconda3/envs/npu/lib/python3.10/site-packages/torch_npu/contrib/transfer_to_npu.py:276: RuntimeWarning: torch.jit.script and torch.jit.script_method will be disabled by transfer_to_npu, which currently does not support them, if you need to enable them, please do not use transfer_to_npu.
  warnings.warn(msg, RuntimeWarning)
Generating report to /root/.cache/nanochat/report/report.md
Warning: /root/.cache/nanochat/report/tokenizer-training.md does not exist, skipping
Warning: /root/.cache/nanochat/report/tokenizer-evaluation.md does not exist, skipping
Warning: /root/.cache/nanochat/report/base-model-training.md does not exist, skipping
Warning: /root/.cache/nanochat/report/base-model-loss.md does not exist, skipping
Warning: /root/.cache/nanochat/report/base-model-evaluation.md does not exist, skipping
Warning: /root/.cache/nanochat/report/chat-sft.md does not exist, skipping
Warning: /root/.cache/nanochat/report/chat-evaluation-sft.md does not exist, skipping
Warning: /root/.cache/nanochat/report/chat-rl.md does not exist, skipping
Warning: /root/.cache/nanochat/report/chat-evaluation-rl.md does not exist, skipping
Copying report.md to current directory for convenience
