/root/miniconda3/envs/npu/lib/python3.10/site-packages/torch_npu/contrib/transfer_to_npu.py:345: ImportWarning: 
    *************************************************************************************************************
    The torch.Tensor.cuda and torch.nn.Module.cuda are replaced with torch.Tensor.npu and torch.nn.Module.npu now..
    The torch.cuda.DoubleTensor is replaced with torch.npu.FloatTensor cause the double type is not supported now..
    The backend in torch.distributed.init_process_group set to hccl now..
    The torch.cuda.* and torch.cuda.amp.* are replaced with torch.npu.* and torch.npu.amp.* now..
    The device parameters have been replaced with npu in the function below:
    torch.logspace, torch.randint, torch.hann_window, torch.rand, torch.full_like, torch.ones_like, torch.rand_like, torch.randperm, torch.arange, torch.frombuffer, torch.normal, torch._empty_per_channel_affine_quantized, torch.empty_strided, torch.empty_like, torch.scalar_tensor, torch.tril_indices, torch.bartlett_window, torch.ones, torch.sparse_coo_tensor, torch.randn, torch.kaiser_window, torch.tensor, torch.triu_indices, torch.as_tensor, torch.zeros, torch.randint_like, torch.full, torch.eye, torch._sparse_csr_tensor_unsafe, torch.empty, torch._sparse_coo_tensor_unsafe, torch.blackman_window, torch.zeros_like, torch.range, torch.sparse_csr_tensor, torch.randn_like, torch.from_file, torch._cudnn_init_dropout_state, torch._empty_affine_quantized, torch.linspace, torch.hamming_window, torch.empty_quantized, torch._pin_memory, torch.load, torch.set_default_device, torch.get_device_module, torch.sparse_compressed_tensor, torch.Tensor.new_empty, torch.Tensor.new_empty_strided, torch.Tensor.new_full, torch.Tensor.new_ones, torch.Tensor.new_tensor, torch.Tensor.new_zeros, torch.Tensor.to, torch.Tensor.pin_memory, torch.nn.Module.to, torch.nn.Module.to_empty
    *************************************************************************************************************
    
  warnings.warn(msg, ImportWarning)
/root/miniconda3/envs/npu/lib/python3.10/site-packages/torch_npu/contrib/transfer_to_npu.py:276: RuntimeWarning: torch.jit.script and torch.jit.script_method will be disabled by transfer_to_npu, which currently does not support them, if you need to enable them, please do not use transfer_to_npu.
  warnings.warn(msg, RuntimeWarning)
/root/miniconda3/envs/npu/lib/python3.10/site-packages/torch_npu/npu/__init__.py:488: UserWarning: torch.npu.get_device_capability isn't implemented!
  warnings.warn("torch.npu.get_device_capability isn't implemented!")

                                                       █████                █████
                                                      ░░███                ░░███
     ████████    ██████   ████████    ██████   ██████  ░███████    ██████  ███████
    ░░███░░███  ░░░░░███ ░░███░░███  ███░░███ ███░░███ ░███░░███  ░░░░░███░░░███░
     ░███ ░███   ███████  ░███ ░███ ░███ ░███░███ ░░░  ░███ ░███   ███████  ░███
     ░███ ░███  ███░░███  ░███ ░███ ░███ ░███░███  ███ ░███ ░███  ███░░███  ░███ ███
     ████ █████░░████████ ████ █████░░██████ ░░██████  ████ █████░░███████  ░░█████
    ░░░░ ░░░░░  ░░░░░░░░ ░░░░ ░░░░░  ░░░░░░   ░░░░░░  ░░░░ ░░░░░  ░░░░░░░░   ░░░░░
    
Autodetected device type: npu
Traceback (most recent call last):
  File "/root/miniconda3/envs/npu/lib/python3.10/runpy.py", line 196, in _run_module_as_main
    return _run_code(code, main_globals, None,
  File "/root/miniconda3/envs/npu/lib/python3.10/runpy.py", line 86, in _run_code
    exec(code, run_globals)
  File "/root/autodl-tmp/nanochat-ascend/scripts/base_train.py", line 87, in <module>
    ddp, ddp_rank, ddp_local_rank, ddp_world_size, device = compute_init(device_type)
  File "/root/autodl-tmp/nanochat-ascend/nanochat/common.py", line 219, in compute_init
    torch.npu.set_device(device)  # make "npu" default to this device
  File "/root/miniconda3/envs/npu/lib/python3.10/site-packages/torch_npu/npu/utils.py", line 91, in set_device
    torch_npu._C._npu_setDevice(device_id)
RuntimeError: SetPrecisionMode:build/CMakeFiles/torch_npu.dir/compiler_depend.ts:175 NPU function error: at_npu::native::AclSetCompileopt(aclCompileOpt::ACL_PRECISION_MODE, precision_mode), error code is 500001
[ERROR] 2026-03-16-16:35:35 (PID:90117, Device:0, RankID:0) ERR00100 PTA call acl api failed
[Error]: The internal ACL of the system is incorrect.
        Rectify the fault based on the error information in the ascend log.
E49999: Inner Error!
E49999: [PID: 90117] 2026-03-16-16:35:35.502.958 AOE Failed to call InitCannKB[FUNC:Initialize][FILE:python_adapter_manager.cc][LINE:47]
        TraceBack (most recent call last):
       Failed to initialize TeConfigInfo.
       [GraphOpt][InitializeInner][InitTbeFunc] Failed to init tbe.[FUNC:InitializeTeFusion][FILE:tbe_op_store_adapter.cc][LINE:1889]
       [GraphOpt][InitializeInner][InitTeFusion]: Failed to initialize TeFusion.[FUNC:InitializeInner][FILE:tbe_op_store_adapter.cc][LINE:1856]
       [SubGraphOpt][PreCompileOp][InitAdapter] InitializeAdapter adapter [tbe_op_adapter] failed! Ret [4294967295][FUNC:InitializeAdapter][FILE:op_store_adapter_manager.cc][LINE:79]
       [SubGraphOpt][PreCompileOp][Init] Initialize op store adapter failed, OpsStoreName[tbe-custom].[FUNC:Initialize][FILE:op_store_adapter_manager.cc][LINE:120]
       [FusionMngr][Init] Op store adapter manager init failed.[FUNC:Initialize][FILE:fusion_manager.cc][LINE:115]
       PluginManager InvokeAll failed.[FUNC:Initialize][FILE:ops_kernel_manager.cc][LINE:83]
       OpsManager initialize failed.[FUNC:InnerInitialize][FILE:gelib.cc][LINE:259]
       GELib::InnerInitialize failed.[FUNC:Initialize][FILE:gelib.cc][LINE:184]
       GEInitialize failed.[FUNC:GEInitialize][FILE:ge_api.cc][LINE:371]
       [Initialize][Ge]GEInitialize failed. ge result = 4294967295[FUNC:ReportCallError][FILE:log_inner.cpp][LINE:161]
       [Init][Compiler]Init compiler failed[FUNC:ReportInnerError][FILE:log_inner.cpp][LINE:145]
       [Set][Options]OpCompileProcessor init failed![FUNC:ReportInnerError][FILE:log_inner.cpp][LINE:145]

Exception in thread Thread-1:
Traceback (most recent call last):
  File "/root/miniconda3/envs/npu/lib/python3.10/threading.py", line 1016, in _bootstrap_inner
    self.run()
  File "/usr/local/Ascend/ascend-toolkit/latest/python/site-packages/tbe/common/repository_manager/utils/multiprocess_util.py", line 91, in run
E0316 16:35:40.634000 89994 site-packages/torch/distributed/elastic/multiprocessing/api.py:882] failed (exitcode: 1) local_rank: 0 (pid: 90117) of binary: /root/miniconda3/envs/npu/bin/python3.10
Traceback (most recent call last):
  File "/root/miniconda3/envs/npu/bin/torchrun", line 6, in <module>
    sys.exit(main())
  File "/root/miniconda3/envs/npu/lib/python3.10/site-packages/torch/distributed/elastic/multiprocessing/errors/__init__.py", line 357, in wrapper
    return f(*args, **kwargs)
  File "/root/miniconda3/envs/npu/lib/python3.10/site-packages/torch/distributed/run.py", line 936, in main
    run(args)
  File "/root/miniconda3/envs/npu/lib/python3.10/site-packages/torch/distributed/run.py", line 927, in run
    elastic_launch(
  File "/root/miniconda3/envs/npu/lib/python3.10/site-packages/torch/distributed/launcher/api.py", line 156, in __call__
    return launch_agent(self._config, self._entrypoint, list(args))
  File "/root/miniconda3/envs/npu/lib/python3.10/site-packages/torch/distributed/launcher/api.py", line 293, in launch_agent
    raise ChildFailedError(
torch.distributed.elastic.multiprocessing.errors.ChildFailedError: 
============================================================
scripts.base_train FAILED
------------------------------------------------------------
Failures:
  <NO_OTHER_FAILURES>
------------------------------------------------------------
Root Cause (first observed failure):
[0]:
  time      : 2026-03-16_16:35:40
  host      : localhost
  rank      : 0 (local_rank: 0)
  exitcode  : 1 (pid: 90117)
  error_file: <N/A>
  traceback : To enable traceback see: https://pytorch.org/docs/stable/elastic/errors.html
============================================================
[ERROR] 2026-03-16-16:35:40 (PID:89994, Device:-1, RankID:-1) ERR99999 UNKNOWN applicaiton exception
