/root/miniconda3/envs/npu/lib/python3.10/site-packages/torch_npu/contrib/transfer_to_npu.py:345: ImportWarning: 
    *************************************************************************************************************
    The torch.Tensor.cuda and torch.nn.Module.cuda are replaced with torch.Tensor.npu and torch.nn.Module.npu now..
    The torch.cuda.DoubleTensor is replaced with torch.npu.FloatTensor cause the double type is not supported now..
    The backend in torch.distributed.init_process_group set to hccl now..
    The torch.cuda.* and torch.cuda.amp.* are replaced with torch.npu.* and torch.npu.amp.* now..
    The device parameters have been replaced with npu in the function below:
    torch.logspace, torch.randint, torch.hann_window, torch.rand, torch.full_like, torch.ones_like, torch.rand_like, torch.randperm, torch.arange, torch.frombuffer, torch.normal, torch._empty_per_channel_affine_quantized, torch.empty_strided, torch.empty_like, torch.scalar_tensor, torch.tril_indices, torch.bartlett_window, torch.ones, torch.sparse_coo_tensor, torch.randn, torch.kaiser_window, torch.tensor, torch.triu_indices, torch.as_tensor, torch.zeros, torch.randint_like, torch.full, torch.eye, torch._sparse_csr_tensor_unsafe, torch.empty, torch._sparse_coo_tensor_unsafe, torch.blackman_window, torch.zeros_like, torch.range, torch.sparse_csr_tensor, torch.randn_like, torch.from_file, torch._cudnn_init_dropout_state, torch._empty_affine_quantized, torch.linspace, torch.hamming_window, torch.empty_quantized, torch._pin_memory, torch.load, torch.set_default_device, torch.get_device_module, torch.sparse_compressed_tensor, torch.Tensor.new_empty, torch.Tensor.new_empty_strided, torch.Tensor.new_full, torch.Tensor.new_ones, torch.Tensor.new_tensor, torch.Tensor.new_zeros, torch.Tensor.to, torch.Tensor.pin_memory, torch.nn.Module.to, torch.nn.Module.to_empty
    *************************************************************************************************************
    
  warnings.warn(msg, ImportWarning)
/root/miniconda3/envs/npu/lib/python3.10/site-packages/torch_npu/contrib/transfer_to_npu.py:276: RuntimeWarning: torch.jit.script and torch.jit.script_method will be disabled by transfer_to_npu, which currently does not support them, if you need to enable them, please do not use transfer_to_npu.
  warnings.warn(msg, RuntimeWarning)
/root/miniconda3/envs/npu/lib/python3.10/site-packages/torch_npu/npu/__init__.py:488: UserWarning: torch.npu.get_device_capability isn't implemented!
  warnings.warn("torch.npu.get_device_capability isn't implemented!")

                                                       █████                █████
                                                      ░░███                ░░███
     ████████    ██████   ████████    ██████   ██████  ░███████    ██████  ███████
    ░░███░░███  ░░░░░███ ░░███░░███  ███░░███ ███░░███ ░███░░███  ░░░░░███░░░███░
     ░███ ░███   ███████  ░███ ░███ ░███ ░███░███ ░░░  ░███ ░███   ███████  ░███
     ░███ ░███  ███░░███  ░███ ░███ ░███ ░███░███  ███ ░███ ░███  ███░░███  ░███ ███
     ████ █████░░████████ ████ █████░░██████ ░░██████  ████ █████░░███████  ░░█████
    ░░░░ ░░░░░  ░░░░░░░░ ░░░░ ░░░░░  ░░░░░░   ░░░░░░  ░░░░ ░░░░░  ░░░░░░░░   ░░░░░
    
Autodetected device type: npu
/root/miniconda3/envs/npu/lib/python3.10/site-packages/torch/distributed/distributed_c10d.py:4876: UserWarning: barrier(): using the device under current context. You can specify `device_id` in `init_process_group` to mute this warning.
  warnings.warn(  # warn only once
2026-03-16 16:59:33,129 - nanochat.common - [32m[1mINFO[0m - Distributed world size: 1
NPU: Ascend910B2 | Peak FLOPS (BF16): 3.20e+14
COMPUTE_DTYPE: torch.bfloat16 (auto-detected: NPU (bf16 supported))
✓ Using NPU Flash Attention (torch_npu.npu_fusion_attention), optimized for Ascend NPU.
Vocab size: 32,768
Model config:
{
  "sequence_len": 2048,
  "vocab_size": 32768,
  "n_layer": 12,
  "n_head": 6,
  "n_kv_head": 6,
  "n_embd": 768,
  "window_pattern": "L"
}
Parameter counts:
wte                     : 25,165,824
value_embeds            : 150,994,944
lm_head                 : 25,165,824
transformer_matrices    : 84,935,088
scalars                 : 24
total                   : 286,261,704
Estimated FLOPs per token: 8.870979e+08
Scaling LRs by 0.2500 for batch size 32,768 (reference: 524,288)
Scaling weight decay from 0.280000 to 0.070000 for depth 12
Scaling the LR for the AdamW parameters ∝1/√(768/768) = 1.000000
Using user-provided number of iterations: 6
Total number of training tokens: 196,608
Tokens : Scaling params ratio: 0.00
Total training FLOPs estimate: 1.744105e+14
Tokens / micro-batch / rank: 16 x 2048 = 32,768
Tokens / micro-batch: 32,768
Total batch size 32,768 => gradient accumulation steps: 1
step 00000/00006 (0.00%) | loss: 10.398174 | lrm: 0.03 | dt: 1385.94ms | tok/sec: 23,643 | bf16_mfu: 6.55 | epoch: 1 pq: 0 rg: 1 | total time: 0.00m
step 00001/00006 (16.67%) | loss: 10.395716 | lrm: 0.05 | dt: 415.74ms | tok/sec: 78,818 | bf16_mfu: 21.85 | epoch: 1 pq: 0 rg: 1 | total time: 0.00m
step 00002/00006 (33.33%) | loss: 10.391280 | lrm: 0.07 | dt: 414.53ms | tok/sec: 79,049 | bf16_mfu: 21.91 | epoch: 1 pq: 0 rg: 1 | total time: 0.00m
step 00003/00006 (50.00%) | loss: 10.385530 | lrm: 0.10 | dt: 414.81ms | tok/sec: 78,995 | bf16_mfu: 21.90 | epoch: 1 pq: 0 rg: 1 | total time: 0.00m
step 00004/00006 (66.67%) | loss: 10.377790 | lrm: 0.12 | dt: 415.37ms | tok/sec: 78,889 | bf16_mfu: 21.87 | epoch: 1 pq: 0 rg: 1 | total time: 0.00m
step 00005/00006 (83.33%) | loss: 10.367806 | lrm: 0.15 | dt: 415.17ms | tok/sec: 78,926 | bf16_mfu: 21.88 | epoch: 1 pq: 0 rg: 1 | total time: 0.00m
2026-03-16 16:59:40,953 - nanochat.checkpoint_manager - [32m[1mINFO[0m - Saved model parameters to: /root/autodl-tmp/nanochat_cache/base_checkpoints/d12_ladder_seq2048_bs16_20260316_165908/model_000006.pt
2026-03-16 16:59:40,955 - nanochat.checkpoint_manager - [32m[1mINFO[0m - Saved metadata to: /root/autodl-tmp/nanochat_cache/base_checkpoints/d12_ladder_seq2048_bs16_20260316_165908/meta_000006.json
2026-03-16 16:59:45,450 - nanochat.checkpoint_manager - [32m[1mINFO[0m - Saved optimizer state to: /root/autodl-tmp/nanochat_cache/base_checkpoints/d12_ladder_seq2048_bs16_20260316_165908/optim_000006_rank0.pt
Peak memory usage: 30139.92MiB
Total training time: 0.00m
