LOG:/root/autodl-tmp/nanochat-ascend/docs/probe_seq2048_20260316_161201.log
===== PROBE bs=28 total=57344 =====
/root/miniconda3/envs/npu/lib/python3.10/site-packages/torch_npu/contrib/transfer_to_npu.py:345: ImportWarning: 
    *************************************************************************************************************
    The torch.Tensor.cuda and torch.nn.Module.cuda are replaced with torch.Tensor.npu and torch.nn.Module.npu now..
    The torch.cuda.DoubleTensor is replaced with torch.npu.FloatTensor cause the double type is not supported now..
    The backend in torch.distributed.init_process_group set to hccl now..
    The torch.cuda.* and torch.cuda.amp.* are replaced with torch.npu.* and torch.npu.amp.* now..
    The device parameters have been replaced with npu in the function below:
    torch.logspace, torch.randint, torch.hann_window, torch.rand, torch.full_like, torch.ones_like, torch.rand_like, torch.randperm, torch.arange, torch.frombuffer, torch.normal, torch._empty_per_channel_affine_quantized, torch.empty_strided, torch.empty_like, torch.scalar_tensor, torch.tril_indices, torch.bartlett_window, torch.ones, torch.sparse_coo_tensor, torch.randn, torch.kaiser_window, torch.tensor, torch.triu_indices, torch.as_tensor, torch.zeros, torch.randint_like, torch.full, torch.eye, torch._sparse_csr_tensor_unsafe, torch.empty, torch._sparse_coo_tensor_unsafe, torch.blackman_window, torch.zeros_like, torch.range, torch.sparse_csr_tensor, torch.randn_like, torch.from_file, torch._cudnn_init_dropout_state, torch._empty_affine_quantized, torch.linspace, torch.hamming_window, torch.empty_quantized, torch._pin_memory, torch.load, torch.set_default_device, torch.get_device_module, torch.sparse_compressed_tensor, torch.Tensor.new_empty, torch.Tensor.new_empty_strided, torch.Tensor.new_full, torch.Tensor.new_ones, torch.Tensor.new_tensor, torch.Tensor.new_zeros, torch.Tensor.to, torch.Tensor.pin_memory, torch.nn.Module.to, torch.nn.Module.to_empty
    *************************************************************************************************************
    
  warnings.warn(msg, ImportWarning)
/root/miniconda3/envs/npu/lib/python3.10/site-packages/torch_npu/contrib/transfer_to_npu.py:276: RuntimeWarning: torch.jit.script and torch.jit.script_method will be disabled by transfer_to_npu, which currently does not support them, if you need to enable them, please do not use transfer_to_npu.
  warnings.warn(msg, RuntimeWarning)
/root/miniconda3/envs/npu/lib/python3.10/site-packages/torch_npu/npu/__init__.py:488: UserWarning: torch.npu.get_device_capability isn't implemented!
  warnings.warn("torch.npu.get_device_capability isn't implemented!")

                                                       █████                █████
                                                      ░░███                ░░███
     ████████    ██████   ████████    ██████   ██████  ░███████    ██████  ███████
    ░░███░░███  ░░░░░███ ░░███░░███  ███░░███ ███░░███ ░███░░███  ░░░░░███░░░███░
     ░███ ░███   ███████  ░███ ░███ ░███ ░███░███ ░░░  ░███ ░███   ███████  ░███
     ░███ ░███  ███░░███  ░███ ░███ ░███ ░███░███  ███ ░███ ░███  ███░░███  ░███ ███
     ████ █████░░████████ ████ █████░░██████ ░░██████  ████ █████░░███████  ░░█████
    ░░░░ ░░░░░  ░░░░░░░░ ░░░░ ░░░░░  ░░░░░░   ░░░░░░  ░░░░ ░░░░░  ░░░░░░░░   ░░░░░
    
Autodetected device type: npu
/root/miniconda3/envs/npu/lib/python3.10/site-packages/torch/distributed/distributed_c10d.py:4876: UserWarning: barrier(): using the device under current context. You can specify `device_id` in `init_process_group` to mute this warning.
  warnings.warn(  # warn only once
2026-03-16 16:12:34,206 - nanochat.common - [32m[1mINFO[0m - Distributed world size: 1
NPU: Ascend910B2 | Peak FLOPS (BF16): 3.20e+14
COMPUTE_DTYPE: torch.bfloat16 (auto-detected: NPU (bf16 supported))
✓ Using NPU Flash Attention (torch_npu.npu_fusion_attention), optimized for Ascend NPU.
Vocab size: 32,768
Model config:
{
  "sequence_len": 2048,
  "vocab_size": 32768,
  "n_layer": 12,
  "n_head": 6,
  "n_kv_head": 6,
  "n_embd": 768,
  "window_pattern": "L"
}
Parameter counts:
wte                     : 25,165,824
value_embeds            : 150,994,944
lm_head                 : 25,165,824
transformer_matrices    : 84,935,088
scalars                 : 24
total                   : 286,261,704
Estimated FLOPs per token: 8.870979e+08
Scaling LRs by 0.3307 for batch size 57,344 (reference: 524,288)
Scaling weight decay from 0.280000 to 0.092601 for depth 12
Scaling the LR for the AdamW parameters ∝1/√(768/768) = 1.000000
Using user-provided number of iterations: 5
Total number of training tokens: 286,720
Tokens : Scaling params ratio: 0.00
Total training FLOPs estimate: 2.543487e+14
Tokens / micro-batch / rank: 28 x 2048 = 57,344
Tokens / micro-batch: 57,344
Total batch size 57,344 => gradient accumulation steps: 1
step 00000/00005 (0.00%) | loss: 10.398058 | lrm: 0.03 | dt: 1530.12ms | tok/sec: 37,476 | bf16_mfu: 10.39 | epoch: 1 pq: 0 rg: 1 | total time: 0.00m
step 00001/00005 (20.00%) | loss: 10.394453 | lrm: 0.05 | dt: 715.58ms | tok/sec: 80,135 | bf16_mfu: 22.22 | epoch: 1 pq: 0 rg: 1 | total time: 0.00m
step 00002/00005 (40.00%) | loss: 10.388742 | lrm: 0.07 | dt: 715.98ms | tok/sec: 80,091 | bf16_mfu: 22.20 | epoch: 1 pq: 0 rg: 1 | total time: 0.00m
step 00003/00005 (60.00%) | loss: 10.380105 | lrm: 0.10 | dt: 715.71ms | tok/sec: 80,121 | bf16_mfu: 22.21 | epoch: 1 pq: 0 rg: 1 | total time: 0.00m
step 00004/00005 (80.00%) | loss: 10.368469 | lrm: 0.12 | dt: 715.33ms | tok/sec: 80,164 | bf16_mfu: 22.22 | epoch: 1 pq: 0 rg: 1 | total time: 0.00m
2026-03-16 16:12:41,030 - nanochat.checkpoint_manager - [32m[1mINFO[0m - Saved model parameters to: /root/.cache/nanochat/base_checkpoints/d12_probe_seq2048_bs28/model_000005.pt
2026-03-16 16:12:41,031 - nanochat.checkpoint_manager - [32m[1mINFO[0m - Saved metadata to: /root/.cache/nanochat/base_checkpoints/d12_probe_seq2048_bs28/meta_000005.json
2026-03-16 16:12:43,712 - nanochat.checkpoint_manager - [32m[1mINFO[0m - Saved optimizer state to: /root/.cache/nanochat/base_checkpoints/d12_probe_seq2048_bs28/optim_000005_rank0.pt
Peak memory usage: 51104.09MiB
Total training time: 0.00m
EXIT_CODE:0
===== END bs=28 =====
===== PROBE bs=30 total=61440 =====
/root/miniconda3/envs/npu/lib/python3.10/site-packages/torch_npu/contrib/transfer_to_npu.py:345: ImportWarning: 
    *************************************************************************************************************
    The torch.Tensor.cuda and torch.nn.Module.cuda are replaced with torch.Tensor.npu and torch.nn.Module.npu now..
    The torch.cuda.DoubleTensor is replaced with torch.npu.FloatTensor cause the double type is not supported now..
    The backend in torch.distributed.init_process_group set to hccl now..
    The torch.cuda.* and torch.cuda.amp.* are replaced with torch.npu.* and torch.npu.amp.* now..
    The device parameters have been replaced with npu in the function below:
    torch.logspace, torch.randint, torch.hann_window, torch.rand, torch.full_like, torch.ones_like, torch.rand_like, torch.randperm, torch.arange, torch.frombuffer, torch.normal, torch._empty_per_channel_affine_quantized, torch.empty_strided, torch.empty_like, torch.scalar_tensor, torch.tril_indices, torch.bartlett_window, torch.ones, torch.sparse_coo_tensor, torch.randn, torch.kaiser_window, torch.tensor, torch.triu_indices, torch.as_tensor, torch.zeros, torch.randint_like, torch.full, torch.eye, torch._sparse_csr_tensor_unsafe, torch.empty, torch._sparse_coo_tensor_unsafe, torch.blackman_window, torch.zeros_like, torch.range, torch.sparse_csr_tensor, torch.randn_like, torch.from_file, torch._cudnn_init_dropout_state, torch._empty_affine_quantized, torch.linspace, torch.hamming_window, torch.empty_quantized, torch._pin_memory, torch.load, torch.set_default_device, torch.get_device_module, torch.sparse_compressed_tensor, torch.Tensor.new_empty, torch.Tensor.new_empty_strided, torch.Tensor.new_full, torch.Tensor.new_ones, torch.Tensor.new_tensor, torch.Tensor.new_zeros, torch.Tensor.to, torch.Tensor.pin_memory, torch.nn.Module.to, torch.nn.Module.to_empty
    *************************************************************************************************************
    
  warnings.warn(msg, ImportWarning)
/root/miniconda3/envs/npu/lib/python3.10/site-packages/torch_npu/contrib/transfer_to_npu.py:276: RuntimeWarning: torch.jit.script and torch.jit.script_method will be disabled by transfer_to_npu, which currently does not support them, if you need to enable them, please do not use transfer_to_npu.
  warnings.warn(msg, RuntimeWarning)
/root/miniconda3/envs/npu/lib/python3.10/site-packages/torch_npu/npu/__init__.py:488: UserWarning: torch.npu.get_device_capability isn't implemented!
  warnings.warn("torch.npu.get_device_capability isn't implemented!")

                                                       █████                █████
                                                      ░░███                ░░███
     ████████    ██████   ████████    ██████   ██████  ░███████    ██████  ███████
    ░░███░░███  ░░░░░███ ░░███░░███  ███░░███ ███░░███ ░███░░███  ░░░░░███░░░███░
     ░███ ░███   ███████  ░███ ░███ ░███ ░███░███ ░░░  ░███ ░███   ███████  ░███
     ░███ ░███  ███░░███  ░███ ░███ ░███ ░███░███  ███ ░███ ░███  ███░░███  ░███ ███
     ████ █████░░████████ ████ █████░░██████ ░░██████  ████ █████░░███████  ░░█████
    ░░░░ ░░░░░  ░░░░░░░░ ░░░░ ░░░░░  ░░░░░░   ░░░░░░  ░░░░ ░░░░░  ░░░░░░░░   ░░░░░
    
Autodetected device type: npu
/root/miniconda3/envs/npu/lib/python3.10/site-packages/torch/distributed/distributed_c10d.py:4876: UserWarning: barrier(): using the device under current context. You can specify `device_id` in `init_process_group` to mute this warning.
  warnings.warn(  # warn only once
2026-03-16 16:13:22,453 - nanochat.common - [32m[1mINFO[0m - Distributed world size: 1
NPU: Ascend910B2 | Peak FLOPS (BF16): 3.20e+14
COMPUTE_DTYPE: torch.bfloat16 (auto-detected: NPU (bf16 supported))
✓ Using NPU Flash Attention (torch_npu.npu_fusion_attention), optimized for Ascend NPU.
Vocab size: 32,768
Model config:
{
  "sequence_len": 2048,
  "vocab_size": 32768,
  "n_layer": 12,
  "n_head": 6,
  "n_kv_head": 6,
  "n_embd": 768,
  "window_pattern": "L"
}
Parameter counts:
wte                     : 25,165,824
value_embeds            : 150,994,944
lm_head                 : 25,165,824
transformer_matrices    : 84,935,088
scalars                 : 24
total                   : 286,261,704
Estimated FLOPs per token: 8.870979e+08
Scaling LRs by 0.3423 for batch size 61,440 (reference: 524,288)
Scaling weight decay from 0.280000 to 0.095851 for depth 12
Scaling the LR for the AdamW parameters ∝1/√(768/768) = 1.000000
Using user-provided number of iterations: 5
Total number of training tokens: 307,200
Tokens : Scaling params ratio: 0.00
Total training FLOPs estimate: 2.725165e+14
Tokens / micro-batch / rank: 30 x 2048 = 61,440
Tokens / micro-batch: 61,440
Total batch size 61,440 => gradient accumulation steps: 1
step 00000/00005 (0.00%) | loss: 10.398018 | lrm: 0.03 | dt: 1599.20ms | tok/sec: 38,419 | bf16_mfu: 10.65 | epoch: 1 pq: 0 rg: 1 | total time: 0.00m
step 00001/00005 (20.00%) | loss: 10.394305 | lrm: 0.05 | dt: 763.58ms | tok/sec: 80,462 | bf16_mfu: 22.31 | epoch: 1 pq: 0 rg: 1 | total time: 0.00m
step 00002/00005 (40.00%) | loss: 10.388388 | lrm: 0.07 | dt: 763.70ms | tok/sec: 80,450 | bf16_mfu: 22.30 | epoch: 1 pq: 0 rg: 1 | total time: 0.00m
step 00003/00005 (60.00%) | loss: 10.379214 | lrm: 0.10 | dt: 764.53ms | tok/sec: 80,363 | bf16_mfu: 22.28 | epoch: 1 pq: 0 rg: 1 | total time: 0.00m
step 00004/00005 (80.00%) | loss: 10.367336 | lrm: 0.12 | dt: 764.53ms | tok/sec: 80,363 | bf16_mfu: 22.28 | epoch: 1 pq: 0 rg: 1 | total time: 0.00m
2026-03-16 16:13:29,880 - nanochat.checkpoint_manager - [32m[1mINFO[0m - Saved model parameters to: /root/.cache/nanochat/base_checkpoints/d12_probe_seq2048_bs30/model_000005.pt
2026-03-16 16:13:29,882 - nanochat.checkpoint_manager - [32m[1mINFO[0m - Saved metadata to: /root/.cache/nanochat/base_checkpoints/d12_probe_seq2048_bs30/meta_000005.json
2026-03-16 16:13:32,920 - nanochat.checkpoint_manager - [32m[1mINFO[0m - Saved optimizer state to: /root/.cache/nanochat/base_checkpoints/d12_probe_seq2048_bs30/optim_000005_rank0.pt
Peak memory usage: 54588.63MiB
Total training time: 0.00m
EXIT_CODE:0
===== END bs=30 =====
===== PROBE bs=32 total=65536 =====
/root/miniconda3/envs/npu/lib/python3.10/site-packages/torch_npu/contrib/transfer_to_npu.py:345: ImportWarning: 
    *************************************************************************************************************
    The torch.Tensor.cuda and torch.nn.Module.cuda are replaced with torch.Tensor.npu and torch.nn.Module.npu now..
    The torch.cuda.DoubleTensor is replaced with torch.npu.FloatTensor cause the double type is not supported now..
    The backend in torch.distributed.init_process_group set to hccl now..
    The torch.cuda.* and torch.cuda.amp.* are replaced with torch.npu.* and torch.npu.amp.* now..
    The device parameters have been replaced with npu in the function below:
    torch.logspace, torch.randint, torch.hann_window, torch.rand, torch.full_like, torch.ones_like, torch.rand_like, torch.randperm, torch.arange, torch.frombuffer, torch.normal, torch._empty_per_channel_affine_quantized, torch.empty_strided, torch.empty_like, torch.scalar_tensor, torch.tril_indices, torch.bartlett_window, torch.ones, torch.sparse_coo_tensor, torch.randn, torch.kaiser_window, torch.tensor, torch.triu_indices, torch.as_tensor, torch.zeros, torch.randint_like, torch.full, torch.eye, torch._sparse_csr_tensor_unsafe, torch.empty, torch._sparse_coo_tensor_unsafe, torch.blackman_window, torch.zeros_like, torch.range, torch.sparse_csr_tensor, torch.randn_like, torch.from_file, torch._cudnn_init_dropout_state, torch._empty_affine_quantized, torch.linspace, torch.hamming_window, torch.empty_quantized, torch._pin_memory, torch.load, torch.set_default_device, torch.get_device_module, torch.sparse_compressed_tensor, torch.Tensor.new_empty, torch.Tensor.new_empty_strided, torch.Tensor.new_full, torch.Tensor.new_ones, torch.Tensor.new_tensor, torch.Tensor.new_zeros, torch.Tensor.to, torch.Tensor.pin_memory, torch.nn.Module.to, torch.nn.Module.to_empty
    *************************************************************************************************************
    
  warnings.warn(msg, ImportWarning)
/root/miniconda3/envs/npu/lib/python3.10/site-packages/torch_npu/contrib/transfer_to_npu.py:276: RuntimeWarning: torch.jit.script and torch.jit.script_method will be disabled by transfer_to_npu, which currently does not support them, if you need to enable them, please do not use transfer_to_npu.
  warnings.warn(msg, RuntimeWarning)
/root/miniconda3/envs/npu/lib/python3.10/site-packages/torch_npu/npu/__init__.py:488: UserWarning: torch.npu.get_device_capability isn't implemented!
  warnings.warn("torch.npu.get_device_capability isn't implemented!")

                                                       █████                █████
                                                      ░░███                ░░███
     ████████    ██████   ████████    ██████   ██████  ░███████    ██████  ███████
    ░░███░░███  ░░░░░███ ░░███░░███  ███░░███ ███░░███ ░███░░███  ░░░░░███░░░███░
     ░███ ░███   ███████  ░███ ░███ ░███ ░███░███ ░░░  ░███ ░███   ███████  ░███
     ░███ ░███  ███░░███  ░███ ░███ ░███ ░███░███  ███ ░███ ░███  ███░░███  ░███ ███
     ████ █████░░████████ ████ █████░░██████ ░░██████  ████ █████░░███████  ░░█████
    ░░░░ ░░░░░  ░░░░░░░░ ░░░░ ░░░░░  ░░░░░░   ░░░░░░  ░░░░ ░░░░░  ░░░░░░░░   ░░░░░
    
Autodetected device type: npu
/root/miniconda3/envs/npu/lib/python3.10/site-packages/torch/distributed/distributed_c10d.py:4876: UserWarning: barrier(): using the device under current context. You can specify `device_id` in `init_process_group` to mute this warning.
  warnings.warn(  # warn only once
2026-03-16 16:14:11,526 - nanochat.common - [32m[1mINFO[0m - Distributed world size: 1
NPU: Ascend910B2 | Peak FLOPS (BF16): 3.20e+14
COMPUTE_DTYPE: torch.bfloat16 (auto-detected: NPU (bf16 supported))
✓ Using NPU Flash Attention (torch_npu.npu_fusion_attention), optimized for Ascend NPU.
Vocab size: 32,768
Model config:
{
  "sequence_len": 2048,
  "vocab_size": 32768,
  "n_layer": 12,
  "n_head": 6,
  "n_kv_head": 6,
  "n_embd": 768,
  "window_pattern": "L"
}
Parameter counts:
wte                     : 25,165,824
value_embeds            : 150,994,944
lm_head                 : 25,165,824
transformer_matrices    : 84,935,088
scalars                 : 24
total                   : 286,261,704
Estimated FLOPs per token: 8.870979e+08
Scaling LRs by 0.3536 for batch size 65,536 (reference: 524,288)
Scaling weight decay from 0.280000 to 0.098995 for depth 12
Scaling the LR for the AdamW parameters ∝1/√(768/768) = 1.000000
Using user-provided number of iterations: 5
Total number of training tokens: 327,680
Tokens : Scaling params ratio: 0.00
Total training FLOPs estimate: 2.906842e+14
Tokens / micro-batch / rank: 32 x 2048 = 65,536
Tokens / micro-batch: 65,536
Total batch size 65,536 => gradient accumulation steps: 1
step 00000/00005 (0.00%) | loss: 10.397985 | lrm: 0.03 | dt: 1745.69ms | tok/sec: 37,541 | bf16_mfu: 10.41 | epoch: 1 pq: 0 rg: 1 | total time: 0.00m
step 00001/00005 (20.00%) | loss: 10.394140 | lrm: 0.05 | dt: 826.09ms | tok/sec: 79,333 | bf16_mfu: 21.99 | epoch: 1 pq: 0 rg: 1 | total time: 0.00m
step 00002/00005 (40.00%) | loss: 10.388017 | lrm: 0.07 | dt: 826.10ms | tok/sec: 79,331 | bf16_mfu: 21.99 | epoch: 1 pq: 0 rg: 1 | total time: 0.00m
step 00003/00005 (60.00%) | loss: 10.378423 | lrm: 0.10 | dt: 825.84ms | tok/sec: 79,356 | bf16_mfu: 22.00 | epoch: 1 pq: 0 rg: 1 | total time: 0.00m
step 00004/00005 (80.00%) | loss: 10.365974 | lrm: 0.12 | dt: 830.20ms | tok/sec: 78,940 | bf16_mfu: 21.88 | epoch: 1 pq: 0 rg: 1 | total time: 0.00m
[rank0]: Traceback (most recent call last):
[rank0]:   File "/root/miniconda3/envs/npu/lib/python3.10/site-packages/torch/serialization.py", line 967, in save
[rank0]:     _save(
[rank0]:   File "/root/miniconda3/envs/npu/lib/python3.10/site-packages/torch_npu/utils/serialization.py", line 414, in _npu_save
[rank0]:     zip_file.write_record(name, storage, num_bytes)
[rank0]: RuntimeError: [enforce fail at inline_container.cc:858] . PytorchStreamWriter failed writing file data/81: file write failed

[rank0]: During handling of the above exception, another exception occurred:

[rank0]: Traceback (most recent call last):
[rank0]:   File "/root/miniconda3/envs/npu/lib/python3.10/runpy.py", line 196, in _run_module_as_main
[rank0]:     return _run_code(code, main_globals, None,
[rank0]:   File "/root/miniconda3/envs/npu/lib/python3.10/runpy.py", line 86, in _run_code
[rank0]:     exec(code, run_globals)
[rank0]:   File "/root/autodl-tmp/nanochat-ascend/scripts/base_train.py", line 491, in <module>
[rank0]:     save_checkpoint(
[rank0]:   File "/root/autodl-tmp/nanochat-ascend/nanochat/checkpoint_manager.py", line 48, in save_checkpoint
[rank0]:     torch.save(model_data, model_path)
[rank0]:   File "/root/miniconda3/envs/npu/lib/python3.10/site-packages/torch_npu/utils/serialization.py", line 431, in save
[rank0]:     return torch.serialization.save(obj, f, pickle_module, pickle_protocol, True, _disable_byteorder_record)
[rank0]:   File "/root/miniconda3/envs/npu/lib/python3.10/site-packages/torch_npu/profiler/_add_mstx_patch.py", line 50, in save_wrapper
[rank0]:     out = func(*args, **kwargs)
[rank0]:   File "/root/miniconda3/envs/npu/lib/python3.10/site-packages/torch/serialization.py", line 966, in save
[rank0]:     with _open_zipfile_writer(f) as opened_zipfile:
[rank0]:   File "/root/miniconda3/envs/npu/lib/python3.10/site-packages/torch/serialization.py", line 798, in __exit__
[rank0]:     self.file_like.write_end_of_file()
[rank0]: RuntimeError: [enforce fail at inline_container.cc:664] . unexpected pos 390113600 vs 390113488
[ERROR] 2026-03-16-16:14:24 (PID:82520, Device:0, RankID:-1) ERR99999 UNKNOWN applicaiton exception
E0316 16:14:27.911000 82404 site-packages/torch/distributed/elastic/multiprocessing/api.py:882] failed (exitcode: 1) local_rank: 0 (pid: 82520) of binary: /root/miniconda3/envs/npu/bin/python3.10
Traceback (most recent call last):
  File "/root/miniconda3/envs/npu/bin/torchrun", line 6, in <module>
    sys.exit(main())
  File "/root/miniconda3/envs/npu/lib/python3.10/site-packages/torch/distributed/elastic/multiprocessing/errors/__init__.py", line 357, in wrapper
    return f(*args, **kwargs)
  File "/root/miniconda3/envs/npu/lib/python3.10/site-packages/torch/distributed/run.py", line 936, in main
    run(args)
  File "/root/miniconda3/envs/npu/lib/python3.10/site-packages/torch/distributed/run.py", line 927, in run
    elastic_launch(
  File "/root/miniconda3/envs/npu/lib/python3.10/site-packages/torch/distributed/launcher/api.py", line 156, in __call__
    return launch_agent(self._config, self._entrypoint, list(args))
  File "/root/miniconda3/envs/npu/lib/python3.10/site-packages/torch/distributed/launcher/api.py", line 293, in launch_agent
    raise ChildFailedError(
torch.distributed.elastic.multiprocessing.errors.ChildFailedError: 
============================================================
scripts.base_train FAILED
------------------------------------------------------------
Failures:
  <NO_OTHER_FAILURES>
------------------------------------------------------------
Root Cause (first observed failure):
[0]:
  time      : 2026-03-16_16:14:27
  host      : localhost
  rank      : 0 (local_rank: 0)
  exitcode  : 1 (pid: 82520)
  error_file: <N/A>
  traceback : To enable traceback see: https://pytorch.org/docs/stable/elastic/errors.html
============================================================
[ERROR] 2026-03-16-16:14:27 (PID:82404, Device:-1, RankID:-1) ERR99999 UNKNOWN applicaiton exception
EXIT_CODE:0
===== END bs=32 =====
