/root/miniconda3/envs/npu/lib/python3.10/site-packages/torch_npu/contrib/transfer_to_npu.py:347: ImportWarning: 
    *************************************************************************************************************
    The torch.Tensor.cuda and torch.nn.Module.cuda are replaced with torch.Tensor.npu and torch.nn.Module.npu now..
    The torch.cuda.DoubleTensor is replaced with torch.npu.FloatTensor cause the double type is not supported now..
    The backend in torch.distributed.init_process_group set to hccl now..
    The torch.cuda.* and torch.cuda.amp.* are replaced with torch.npu.* and torch.npu.amp.* now..
    The device parameters have been replaced with npu in the function below:
    torch.logspace, torch.randint, torch.hann_window, torch.rand, torch.full_like, torch.ones_like, torch.rand_like, torch.randperm, torch.arange, torch.frombuffer, torch.normal, torch._empty_per_channel_affine_quantized, torch.empty_strided, torch.empty_like, torch.scalar_tensor, torch.tril_indices, torch.bartlett_window, torch.ones, torch.sparse_coo_tensor, torch.randn, torch.kaiser_window, torch.tensor, torch.triu_indices, torch.as_tensor, torch.zeros, torch.randint_like, torch.full, torch.eye, torch._sparse_csr_tensor_unsafe, torch.empty, torch._sparse_coo_tensor_unsafe, torch.blackman_window, torch.zeros_like, torch.range, torch.sparse_csr_tensor, torch.randn_like, torch.from_file, torch._cudnn_init_dropout_state, torch._empty_affine_quantized, torch.linspace, torch.hamming_window, torch.empty_quantized, torch._pin_memory, torch.load, torch.set_default_device, torch.get_device_module, torch.sparse_compressed_tensor, torch.Tensor.new_empty, torch.Tensor.new_empty_strided, torch.Tensor.new_full, torch.Tensor.new_ones, torch.Tensor.new_tensor, torch.Tensor.new_zeros, torch.Tensor.to, torch.Tensor.pin_memory, torch.nn.Module.to, torch.nn.Module.to_empty
    *************************************************************************************************************
    
  warnings.warn(msg, ImportWarning)
/root/miniconda3/envs/npu/lib/python3.10/site-packages/torch_npu/contrib/transfer_to_npu.py:276: RuntimeWarning: torch.jit.script and torch.jit.script_method will be disabled by transfer_to_npu, which currently does not support them, if you need to enable them, please do not use transfer_to_npu.
  warnings.warn(msg, RuntimeWarning)
Reset report and wrote header to /root/.cache/nanochat/report/header.md
/root/miniconda3/envs/npu/lib/python3.10/site-packages/torch_npu/contrib/transfer_to_npu.py:347: ImportWarning: 
    *************************************************************************************************************
    The torch.Tensor.cuda and torch.nn.Module.cuda are replaced with torch.Tensor.npu and torch.nn.Module.npu now..
    The torch.cuda.DoubleTensor is replaced with torch.npu.FloatTensor cause the double type is not supported now..
    The backend in torch.distributed.init_process_group set to hccl now..
    The torch.cuda.* and torch.cuda.amp.* are replaced with torch.npu.* and torch.npu.amp.* now..
    The device parameters have been replaced with npu in the function below:
    torch.logspace, torch.randint, torch.hann_window, torch.rand, torch.full_like, torch.ones_like, torch.rand_like, torch.randperm, torch.arange, torch.frombuffer, torch.normal, torch._empty_per_channel_affine_quantized, torch.empty_strided, torch.empty_like, torch.scalar_tensor, torch.tril_indices, torch.bartlett_window, torch.ones, torch.sparse_coo_tensor, torch.randn, torch.kaiser_window, torch.tensor, torch.triu_indices, torch.as_tensor, torch.zeros, torch.randint_like, torch.full, torch.eye, torch._sparse_csr_tensor_unsafe, torch.empty, torch._sparse_coo_tensor_unsafe, torch.blackman_window, torch.zeros_like, torch.range, torch.sparse_csr_tensor, torch.randn_like, torch.from_file, torch._cudnn_init_dropout_state, torch._empty_affine_quantized, torch.linspace, torch.hamming_window, torch.empty_quantized, torch._pin_memory, torch.load, torch.set_default_device, torch.get_device_module, torch.sparse_compressed_tensor, torch.Tensor.new_empty, torch.Tensor.new_empty_strided, torch.Tensor.new_full, torch.Tensor.new_ones, torch.Tensor.new_tensor, torch.Tensor.new_zeros, torch.Tensor.to, torch.Tensor.pin_memory, torch.nn.Module.to, torch.nn.Module.to_empty
    *************************************************************************************************************
    
  warnings.warn(msg, ImportWarning)
/root/miniconda3/envs/npu/lib/python3.10/site-packages/torch_npu/contrib/transfer_to_npu.py:276: RuntimeWarning: torch.jit.script and torch.jit.script_method will be disabled by transfer_to_npu, which currently does not support them, if you need to enable them, please do not use transfer_to_npu.
  warnings.warn(msg, RuntimeWarning)
Downloading 9 shards using 4 workers...
Target directory: /root/.cache/nanochat/base_data_climbmix

Skipping /root/.cache/nanochat/base_data_climbmix/shard_00001.parquet (already exists)
Skipping /root/.cache/nanochat/base_data_climbmix/shard_00005.parquet (already exists)
Done! Downloaded: 9/9 shards to /root/.cache/nanochat/base_data_climbmix
Waiting for dataset download to complete...
/root/miniconda3/envs/npu/lib/python3.10/site-packages/torch_npu/contrib/transfer_to_npu.py:347: ImportWarning: 
    *************************************************************************************************************
    The torch.Tensor.cuda and torch.nn.Module.cuda are replaced with torch.Tensor.npu and torch.nn.Module.npu now..
    The torch.cuda.DoubleTensor is replaced with torch.npu.FloatTensor cause the double type is not supported now..
    The backend in torch.distributed.init_process_group set to hccl now..
    The torch.cuda.* and torch.cuda.amp.* are replaced with torch.npu.* and torch.npu.amp.* now..
    The device parameters have been replaced with npu in the function below:
    torch.logspace, torch.randint, torch.hann_window, torch.rand, torch.full_like, torch.ones_like, torch.rand_like, torch.randperm, torch.arange, torch.frombuffer, torch.normal, torch._empty_per_channel_affine_quantized, torch.empty_strided, torch.empty_like, torch.scalar_tensor, torch.tril_indices, torch.bartlett_window, torch.ones, torch.sparse_coo_tensor, torch.randn, torch.kaiser_window, torch.tensor, torch.triu_indices, torch.as_tensor, torch.zeros, torch.randint_like, torch.full, torch.eye, torch._sparse_csr_tensor_unsafe, torch.empty, torch._sparse_coo_tensor_unsafe, torch.blackman_window, torch.zeros_like, torch.range, torch.sparse_csr_tensor, torch.randn_like, torch.from_file, torch._cudnn_init_dropout_state, torch._empty_affine_quantized, torch.linspace, torch.hamming_window, torch.empty_quantized, torch._pin_memory, torch.load, torch.set_default_device, torch.get_device_module, torch.sparse_compressed_tensor, torch.Tensor.new_empty, torch.Tensor.new_empty_strided, torch.Tensor.new_full, torch.Tensor.new_ones, torch.Tensor.new_tensor, torch.Tensor.new_zeros, torch.Tensor.to, torch.Tensor.pin_memory, torch.nn.Module.to, torch.nn.Module.to_empty
    *************************************************************************************************************
    
  warnings.warn(msg, ImportWarning)
/root/miniconda3/envs/npu/lib/python3.10/site-packages/torch_npu/contrib/transfer_to_npu.py:276: RuntimeWarning: torch.jit.script and torch.jit.script_method will be disabled by transfer_to_npu, which currently does not support them, if you need to enable them, please do not use transfer_to_npu.
  warnings.warn(msg, RuntimeWarning)
Downloading 171 shards using 4 workers...
Target directory: /root/.cache/nanochat/base_data_climbmix

Done! Downloaded: 171/171 shards to /root/.cache/nanochat/base_data_climbmix
/root/miniconda3/envs/npu/lib/python3.10/site-packages/torch_npu/contrib/transfer_to_npu.py:345: ImportWarning: 
    *************************************************************************************************************
    The torch.Tensor.cuda and torch.nn.Module.cuda are replaced with torch.Tensor.npu and torch.nn.Module.npu now..
    The torch.cuda.DoubleTensor is replaced with torch.npu.FloatTensor cause the double type is not supported now..
    The backend in torch.distributed.init_process_group set to hccl now..
    The torch.cuda.* and torch.cuda.amp.* are replaced with torch.npu.* and torch.npu.amp.* now..
    The device parameters have been replaced with npu in the function below:
    torch.logspace, torch.randint, torch.hann_window, torch.rand, torch.full_like, torch.ones_like, torch.rand_like, torch.randperm, torch.arange, torch.frombuffer, torch.normal, torch._empty_per_channel_affine_quantized, torch.empty_strided, torch.empty_like, torch.scalar_tensor, torch.tril_indices, torch.bartlett_window, torch.ones, torch.sparse_coo_tensor, torch.randn, torch.kaiser_window, torch.tensor, torch.triu_indices, torch.as_tensor, torch.zeros, torch.randint_like, torch.full, torch.eye, torch._sparse_csr_tensor_unsafe, torch.empty, torch._sparse_coo_tensor_unsafe, torch.blackman_window, torch.zeros_like, torch.range, torch.sparse_csr_tensor, torch.randn_like, torch.from_file, torch._cudnn_init_dropout_state, torch._empty_affine_quantized, torch.linspace, torch.hamming_window, torch.empty_quantized, torch._pin_memory, torch.load, torch.set_default_device, torch.get_device_module, torch.sparse_compressed_tensor, torch.Tensor.new_empty, torch.Tensor.new_empty_strided, torch.Tensor.new_full, torch.Tensor.new_ones, torch.Tensor.new_tensor, torch.Tensor.new_zeros, torch.Tensor.to, torch.Tensor.pin_memory, torch.nn.Module.to, torch.nn.Module.to_empty
    *************************************************************************************************************
    
  warnings.warn(msg, ImportWarning)
/root/miniconda3/envs/npu/lib/python3.10/site-packages/torch_npu/contrib/transfer_to_npu.py:276: RuntimeWarning: torch.jit.script and torch.jit.script_method will be disabled by transfer_to_npu, which currently does not support them, if you need to enable them, please do not use transfer_to_npu.
  warnings.warn(msg, RuntimeWarning)
/root/miniconda3/envs/npu/lib/python3.10/site-packages/torch_npu/npu/__init__.py:488: UserWarning: torch.npu.get_device_capability isn't implemented!
  warnings.warn("torch.npu.get_device_capability isn't implemented!")

                                                       █████                █████
                                                      ░░███                ░░███
     ████████    ██████   ████████    ██████   ██████  ░███████    ██████  ███████
    ░░███░░███  ░░░░░███ ░░███░░███  ███░░███ ███░░███ ░███░░███  ░░░░░███░░░███░
     ░███ ░███   ███████  ░███ ░███ ░███ ░███░███ ░░░  ░███ ░███   ███████  ░███
     ░███ ░███  ███░░███  ░███ ░███ ░███ ░███░███  ███ ░███ ░███  ███░░███  ░███ ███
     ████ █████░░████████ ████ █████░░██████ ░░██████  ████ █████░░███████  ░░█████
    ░░░░ ░░░░░  ░░░░░░░░ ░░░░ ░░░░░  ░░░░░░   ░░░░░░  ░░░░ ░░░░░  ░░░░░░░░   ░░░░░
    
Autodetected device type: cuda
/root/miniconda3/envs/npu/lib/python3.10/site-packages/torch/__init__.py:1617: UserWarning: Please use the new API settings to control TF32 behavior, such as torch.backends.cudnn.conv.fp32_precision = 'tf32' or torch.backends.cuda.matmul.fp32_precision = 'ieee'. Old settings, e.g, torch.backends.cuda.matmul.allow_tf32 = True, torch.backends.cudnn.allow_tf32 = True, allowTF32CuDNN() and allowTF32CuBLAS() will be deprecated after Pytorch 2.9. Please see https://pytorch.org/docs/main/notes/cuda.html#tensorfloat-32-tf32-on-ampere-and-later-devices (Triggered internally at /pytorch/aten/src/ATen/Context.cpp:80.)
  _C._set_float32_matmul_precision(precision)
2026-03-15 11:09:16,239 - nanochat.common - [32m[1mINFO[0m - Distributed world size: 1
2026-03-15 11:09:16,244 - nanochat.common - [33m[1mWARNING[0m - Peak flops undefined for: Ascend910B2, MFU will show as 0%
GPU: Ascend910B2 | Peak FLOPS (BF16): inf
COMPUTE_DTYPE: torch.bfloat16 (auto-detected: NPU (bf16 supported))
✓ Using NPU Flash Attention (torch_npu.npu_fusion_attention), optimized for Ascend NPU.
Vocab size: 32,768
Model config:
{
  "sequence_len": 1024,
  "vocab_size": 32768,
  "n_layer": 12,
  "n_head": 6,
  "n_kv_head": 6,
  "n_embd": 768,
  "window_pattern": "L"
}
Parameter counts:
wte                     : 25,165,824
value_embeds            : 150,994,944
lm_head                 : 25,165,824
transformer_matrices    : 84,935,088
scalars                 : 24
total                   : 286,261,704
Estimated FLOPs per token: 7.738517e+08
Scaling LRs by 0.2500 for batch size 32,768 (reference: 524,288)
Scaling weight decay from 0.280000 to 0.070000 for depth 12
Scaling the LR for the AdamW parameters ∝1/√(768/768) = 1.000000
Calculated number of iterations from target data:param ratio: 35,280
Total number of training tokens: 1,156,055,040
Tokens : Scaling params ratio: 10.50
Total training FLOPs estimate: 8.946151e+17
[rank0]: Traceback (most recent call last):
[rank0]:   File "/root/miniconda3/envs/npu/lib/python3.10/runpy.py", line 196, in _run_module_as_main
[rank0]:     return _run_code(code, main_globals, None,
[rank0]:   File "/root/miniconda3/envs/npu/lib/python3.10/runpy.py", line 86, in _run_code
[rank0]:     exec(code, run_globals)
[rank0]:   File "/root/autodl-tmp/nanochat-master/scripts/base_train.py", line 410, in <module>
[rank0]:     assert total_batch_size % world_tokens_per_fwdbwd == 0
[rank0]: AssertionError
E0315 11:09:22.312000 592753 site-packages/torch/distributed/elastic/multiprocessing/api.py:882] failed (exitcode: 1) local_rank: 0 (pid: 593114) of binary: /root/miniconda3/envs/npu/bin/python3.10
Traceback (most recent call last):
  File "/root/miniconda3/envs/npu/bin/torchrun", line 6, in <module>
    sys.exit(main())
  File "/root/miniconda3/envs/npu/lib/python3.10/site-packages/torch/distributed/elastic/multiprocessing/errors/__init__.py", line 357, in wrapper
    return f(*args, **kwargs)
  File "/root/miniconda3/envs/npu/lib/python3.10/site-packages/torch/distributed/run.py", line 936, in main
    run(args)
  File "/root/miniconda3/envs/npu/lib/python3.10/site-packages/torch/distributed/run.py", line 927, in run
    elastic_launch(
  File "/root/miniconda3/envs/npu/lib/python3.10/site-packages/torch/distributed/launcher/api.py", line 156, in __call__
    return launch_agent(self._config, self._entrypoint, list(args))
  File "/root/miniconda3/envs/npu/lib/python3.10/site-packages/torch/distributed/launcher/api.py", line 293, in launch_agent
    raise ChildFailedError(
torch.distributed.elastic.multiprocessing.errors.ChildFailedError: 
============================================================
scripts.base_train FAILED
------------------------------------------------------------
Failures:
  <NO_OTHER_FAILURES>
------------------------------------------------------------
Root Cause (first observed failure):
[0]:
  time      : 2026-03-15_11:09:22
  host      : localhost
  rank      : 0 (local_rank: 0)
  exitcode  : 1 (pid: 593114)
  error_file: <N/A>
  traceback : To enable traceback see: https://pytorch.org/docs/stable/elastic/errors.html
============================================================
[ERROR] 2026-03-15-11:09:22 (PID:592753, Device:-1, RankID:-1) ERR99999 UNKNOWN applicaiton exception
/root/miniconda3/envs/npu/lib/python3.10/site-packages/torch_npu/contrib/transfer_to_npu.py:345: ImportWarning: 
    *************************************************************************************************************
    The torch.Tensor.cuda and torch.nn.Module.cuda are replaced with torch.Tensor.npu and torch.nn.Module.npu now..
    The torch.cuda.DoubleTensor is replaced with torch.npu.FloatTensor cause the double type is not supported now..
    The backend in torch.distributed.init_process_group set to hccl now..
    The torch.cuda.* and torch.cuda.amp.* are replaced with torch.npu.* and torch.npu.amp.* now..
    The device parameters have been replaced with npu in the function below:
    torch.logspace, torch.randint, torch.hann_window, torch.rand, torch.full_like, torch.ones_like, torch.rand_like, torch.randperm, torch.arange, torch.frombuffer, torch.normal, torch._empty_per_channel_affine_quantized, torch.empty_strided, torch.empty_like, torch.scalar_tensor, torch.tril_indices, torch.bartlett_window, torch.ones, torch.sparse_coo_tensor, torch.randn, torch.kaiser_window, torch.tensor, torch.triu_indices, torch.as_tensor, torch.zeros, torch.randint_like, torch.full, torch.eye, torch._sparse_csr_tensor_unsafe, torch.empty, torch._sparse_coo_tensor_unsafe, torch.blackman_window, torch.zeros_like, torch.range, torch.sparse_csr_tensor, torch.randn_like, torch.from_file, torch._cudnn_init_dropout_state, torch._empty_affine_quantized, torch.linspace, torch.hamming_window, torch.empty_quantized, torch._pin_memory, torch.load, torch.set_default_device, torch.get_device_module, torch.sparse_compressed_tensor, torch.Tensor.new_empty, torch.Tensor.new_empty_strided, torch.Tensor.new_full, torch.Tensor.new_ones, torch.Tensor.new_tensor, torch.Tensor.new_zeros, torch.Tensor.to, torch.Tensor.pin_memory, torch.nn.Module.to, torch.nn.Module.to_empty
    *************************************************************************************************************
    
  warnings.warn(msg, ImportWarning)
/root/miniconda3/envs/npu/lib/python3.10/site-packages/torch_npu/contrib/transfer_to_npu.py:276: RuntimeWarning: torch.jit.script and torch.jit.script_method will be disabled by transfer_to_npu, which currently does not support them, if you need to enable them, please do not use transfer_to_npu.
  warnings.warn(msg, RuntimeWarning)
/root/miniconda3/envs/npu/lib/python3.10/site-packages/torch_npu/npu/__init__.py:488: UserWarning: torch.npu.get_device_capability isn't implemented!
  warnings.warn("torch.npu.get_device_capability isn't implemented!")
Autodetected device type: cuda
/root/miniconda3/envs/npu/lib/python3.10/site-packages/torch/__init__.py:1617: UserWarning: Please use the new API settings to control TF32 behavior, such as torch.backends.cudnn.conv.fp32_precision = 'tf32' or torch.backends.cuda.matmul.fp32_precision = 'ieee'. Old settings, e.g, torch.backends.cuda.matmul.allow_tf32 = True, torch.backends.cudnn.allow_tf32 = True, allowTF32CuDNN() and allowTF32CuBLAS() will be deprecated after Pytorch 2.9. Please see https://pytorch.org/docs/main/notes/cuda.html#tensorfloat-32-tf32-on-ampere-and-later-devices (Triggered internally at /pytorch/aten/src/ATen/Context.cpp:80.)
  _C._set_float32_matmul_precision(precision)
2026-03-15 11:09:45,789 - nanochat.common - [32m[1mINFO[0m - Distributed world size: 1
[rank0]: Traceback (most recent call last):
[rank0]:   File "/root/miniconda3/envs/npu/lib/python3.10/runpy.py", line 196, in _run_module_as_main
[rank0]:     return _run_code(code, main_globals, None,
[rank0]:   File "/root/miniconda3/envs/npu/lib/python3.10/runpy.py", line 86, in _run_code
[rank0]:     exec(code, run_globals)
[rank0]:   File "/root/autodl-tmp/nanochat-master/scripts/base_eval.py", line 324, in <module>
[rank0]:     main()
[rank0]:   File "/root/autodl-tmp/nanochat-master/scripts/base_eval.py", line 210, in main
[rank0]:     model, tokenizer, meta = load_model("base", device, phase="eval", model_tag=args.model_tag, step=args.step)
[rank0]:   File "/root/autodl-tmp/nanochat-master/nanochat/checkpoint_manager.py", line 173, in load_model
[rank0]:     return load_model_from_dir(checkpoints_dir, *args, **kwargs)
[rank0]:   File "/root/autodl-tmp/nanochat-master/nanochat/checkpoint_manager.py", line 153, in load_model_from_dir
[rank0]:     model_tag = find_largest_model(checkpoints_dir)
[rank0]:   File "/root/autodl-tmp/nanochat-master/nanochat/checkpoint_manager.py", line 121, in find_largest_model
[rank0]:     model_tags = [f for f in os.listdir(checkpoints_dir) if os.path.isdir(os.path.join(checkpoints_dir, f))]
[rank0]: FileNotFoundError: [Errno 2] No such file or directory: '/root/.cache/nanochat/base_checkpoints'
[ERROR] 2026-03-15-11:09:46 (PID:596089, Device:0, RankID:-1) ERR99999 UNKNOWN applicaiton exception
E0315 11:09:51.640000 595624 site-packages/torch/distributed/elastic/multiprocessing/api.py:882] failed (exitcode: 1) local_rank: 0 (pid: 596089) of binary: /root/miniconda3/envs/npu/bin/python3.10
Traceback (most recent call last):
  File "/root/miniconda3/envs/npu/bin/torchrun", line 6, in <module>
    sys.exit(main())
  File "/root/miniconda3/envs/npu/lib/python3.10/site-packages/torch/distributed/elastic/multiprocessing/errors/__init__.py", line 357, in wrapper
    return f(*args, **kwargs)
  File "/root/miniconda3/envs/npu/lib/python3.10/site-packages/torch/distributed/run.py", line 936, in main
    run(args)
  File "/root/miniconda3/envs/npu/lib/python3.10/site-packages/torch/distributed/run.py", line 927, in run
    elastic_launch(
  File "/root/miniconda3/envs/npu/lib/python3.10/site-packages/torch/distributed/launcher/api.py", line 156, in __call__
    return launch_agent(self._config, self._entrypoint, list(args))
  File "/root/miniconda3/envs/npu/lib/python3.10/site-packages/torch/distributed/launcher/api.py", line 293, in launch_agent
    raise ChildFailedError(
torch.distributed.elastic.multiprocessing.errors.ChildFailedError: 
============================================================
scripts.base_eval FAILED
------------------------------------------------------------
Failures:
  <NO_OTHER_FAILURES>
------------------------------------------------------------
Root Cause (first observed failure):
[0]:
  time      : 2026-03-15_11:09:51
  host      : localhost
  rank      : 0 (local_rank: 0)
  exitcode  : 1 (pid: 596089)
  error_file: <N/A>
  traceback : To enable traceback see: https://pytorch.org/docs/stable/elastic/errors.html
============================================================
[ERROR] 2026-03-15-11:09:51 (PID:595624, Device:-1, RankID:-1) ERR99999 UNKNOWN applicaiton exception
  % Total    % Received % Xferd  Average Speed   Time    Time     Time  Current
                                 Dload  Upload   Total   Spent    Left  Speed
  0     0    0     0    0     0      0      0 --:--:-- --:--:-- --:--:--     0  0     0    0     0    0     0      0      0 --:--:-- --:--:-- --:--:--     0 39 2452k   39  969k    0     0   803k      0  0:00:03  0:00:01  0:00:02  803k100 2452k  100 2452k    0     0  1824k      0  0:00:01  0:00:01 --:--:-- 1823k
/root/miniconda3/envs/npu/lib/python3.10/site-packages/torch_npu/contrib/transfer_to_npu.py:345: ImportWarning: 
    *************************************************************************************************************
    The torch.Tensor.cuda and torch.nn.Module.cuda are replaced with torch.Tensor.npu and torch.nn.Module.npu now..
    The torch.cuda.DoubleTensor is replaced with torch.npu.FloatTensor cause the double type is not supported now..
    The backend in torch.distributed.init_process_group set to hccl now..
    The torch.cuda.* and torch.cuda.amp.* are replaced with torch.npu.* and torch.npu.amp.* now..
    The device parameters have been replaced with npu in the function below:
    torch.logspace, torch.randint, torch.hann_window, torch.rand, torch.full_like, torch.ones_like, torch.rand_like, torch.randperm, torch.arange, torch.frombuffer, torch.normal, torch._empty_per_channel_affine_quantized, torch.empty_strided, torch.empty_like, torch.scalar_tensor, torch.tril_indices, torch.bartlett_window, torch.ones, torch.sparse_coo_tensor, torch.randn, torch.kaiser_window, torch.tensor, torch.triu_indices, torch.as_tensor, torch.zeros, torch.randint_like, torch.full, torch.eye, torch._sparse_csr_tensor_unsafe, torch.empty, torch._sparse_coo_tensor_unsafe, torch.blackman_window, torch.zeros_like, torch.range, torch.sparse_csr_tensor, torch.randn_like, torch.from_file, torch._cudnn_init_dropout_state, torch._empty_affine_quantized, torch.linspace, torch.hamming_window, torch.empty_quantized, torch._pin_memory, torch.load, torch.set_default_device, torch.get_device_module, torch.sparse_compressed_tensor, torch.Tensor.new_empty, torch.Tensor.new_empty_strided, torch.Tensor.new_full, torch.Tensor.new_ones, torch.Tensor.new_tensor, torch.Tensor.new_zeros, torch.Tensor.to, torch.Tensor.pin_memory, torch.nn.Module.to, torch.nn.Module.to_empty
    *************************************************************************************************************
    
  warnings.warn(msg, ImportWarning)
/root/miniconda3/envs/npu/lib/python3.10/site-packages/torch_npu/contrib/transfer_to_npu.py:276: RuntimeWarning: torch.jit.script and torch.jit.script_method will be disabled by transfer_to_npu, which currently does not support them, if you need to enable them, please do not use transfer_to_npu.
  warnings.warn(msg, RuntimeWarning)
/root/miniconda3/envs/npu/lib/python3.10/site-packages/torch_npu/npu/__init__.py:488: UserWarning: torch.npu.get_device_capability isn't implemented!
  warnings.warn("torch.npu.get_device_capability isn't implemented!")
Autodetected device type: cuda
/root/miniconda3/envs/npu/lib/python3.10/site-packages/torch/__init__.py:1617: UserWarning: Please use the new API settings to control TF32 behavior, such as torch.backends.cudnn.conv.fp32_precision = 'tf32' or torch.backends.cuda.matmul.fp32_precision = 'ieee'. Old settings, e.g, torch.backends.cuda.matmul.allow_tf32 = True, torch.backends.cudnn.allow_tf32 = True, allowTF32CuDNN() and allowTF32CuBLAS() will be deprecated after Pytorch 2.9. Please see https://pytorch.org/docs/main/notes/cuda.html#tensorfloat-32-tf32-on-ampere-and-later-devices (Triggered internally at /pytorch/aten/src/ATen/Context.cpp:80.)
  _C._set_float32_matmul_precision(precision)
2026-03-15 11:10:19,321 - nanochat.common - [32m[1mINFO[0m - Distributed world size: 1
COMPUTE_DTYPE: torch.bfloat16 (auto-detected: NPU (bf16 supported))
2026-03-15 11:10:19,323 - nanochat.common - [33m[1mWARNING[0m - Peak flops undefined for: Ascend910B2, MFU will show as 0%
GPU: Ascend910B2 | Peak FLOPS (BF16): inf
✓ Using NPU Flash Attention (torch_npu.npu_fusion_attention), optimized for Ascend NPU.
[rank0]: Traceback (most recent call last):
[rank0]:   File "/root/miniconda3/envs/npu/lib/python3.10/runpy.py", line 196, in _run_module_as_main
[rank0]:     return _run_code(code, main_globals, None,
[rank0]:   File "/root/miniconda3/envs/npu/lib/python3.10/runpy.py", line 86, in _run_code
[rank0]:     exec(code, run_globals)
[rank0]:   File "/root/autodl-tmp/nanochat-master/scripts/chat_sft.py", line 106, in <module>
[rank0]:     model, tokenizer, meta = load_model("base", device, phase="train", model_tag=args.model_tag, step=args.model_step)
[rank0]:   File "/root/autodl-tmp/nanochat-master/nanochat/checkpoint_manager.py", line 173, in load_model
[rank0]:     return load_model_from_dir(checkpoints_dir, *args, **kwargs)
[rank0]:   File "/root/autodl-tmp/nanochat-master/nanochat/checkpoint_manager.py", line 153, in load_model_from_dir
[rank0]:     model_tag = find_largest_model(checkpoints_dir)
[rank0]:   File "/root/autodl-tmp/nanochat-master/nanochat/checkpoint_manager.py", line 121, in find_largest_model
[rank0]:     model_tags = [f for f in os.listdir(checkpoints_dir) if os.path.isdir(os.path.join(checkpoints_dir, f))]
[rank0]: FileNotFoundError: [Errno 2] No such file or directory: '/root/.cache/nanochat/base_checkpoints'
[ERROR] 2026-03-15-11:10:20 (PID:598225, Device:0, RankID:-1) ERR99999 UNKNOWN applicaiton exception
E0315 11:10:25.320000 597657 site-packages/torch/distributed/elastic/multiprocessing/api.py:882] failed (exitcode: 1) local_rank: 0 (pid: 598225) of binary: /root/miniconda3/envs/npu/bin/python3.10
Traceback (most recent call last):
  File "/root/miniconda3/envs/npu/bin/torchrun", line 6, in <module>
    sys.exit(main())
  File "/root/miniconda3/envs/npu/lib/python3.10/site-packages/torch/distributed/elastic/multiprocessing/errors/__init__.py", line 357, in wrapper
    return f(*args, **kwargs)
  File "/root/miniconda3/envs/npu/lib/python3.10/site-packages/torch/distributed/run.py", line 936, in main
    run(args)
  File "/root/miniconda3/envs/npu/lib/python3.10/site-packages/torch/distributed/run.py", line 927, in run
    elastic_launch(
  File "/root/miniconda3/envs/npu/lib/python3.10/site-packages/torch/distributed/launcher/api.py", line 156, in __call__
    return launch_agent(self._config, self._entrypoint, list(args))
  File "/root/miniconda3/envs/npu/lib/python3.10/site-packages/torch/distributed/launcher/api.py", line 293, in launch_agent
    raise ChildFailedError(
torch.distributed.elastic.multiprocessing.errors.ChildFailedError: 
============================================================
scripts.chat_sft FAILED
------------------------------------------------------------
Failures:
  <NO_OTHER_FAILURES>
------------------------------------------------------------
Root Cause (first observed failure):
[0]:
  time      : 2026-03-15_11:10:25
  host      : localhost
  rank      : 0 (local_rank: 0)
  exitcode  : 1 (pid: 598225)
  error_file: <N/A>
  traceback : To enable traceback see: https://pytorch.org/docs/stable/elastic/errors.html
============================================================
[ERROR] 2026-03-15-11:10:25 (PID:597657, Device:-1, RankID:-1) ERR99999 UNKNOWN applicaiton exception
/root/miniconda3/envs/npu/lib/python3.10/site-packages/torch_npu/contrib/transfer_to_npu.py:345: ImportWarning: 
    *************************************************************************************************************
    The torch.Tensor.cuda and torch.nn.Module.cuda are replaced with torch.Tensor.npu and torch.nn.Module.npu now..
    The torch.cuda.DoubleTensor is replaced with torch.npu.FloatTensor cause the double type is not supported now..
    The backend in torch.distributed.init_process_group set to hccl now..
    The torch.cuda.* and torch.cuda.amp.* are replaced with torch.npu.* and torch.npu.amp.* now..
    The device parameters have been replaced with npu in the function below:
    torch.logspace, torch.randint, torch.hann_window, torch.rand, torch.full_like, torch.ones_like, torch.rand_like, torch.randperm, torch.arange, torch.frombuffer, torch.normal, torch._empty_per_channel_affine_quantized, torch.empty_strided, torch.empty_like, torch.scalar_tensor, torch.tril_indices, torch.bartlett_window, torch.ones, torch.sparse_coo_tensor, torch.randn, torch.kaiser_window, torch.tensor, torch.triu_indices, torch.as_tensor, torch.zeros, torch.randint_like, torch.full, torch.eye, torch._sparse_csr_tensor_unsafe, torch.empty, torch._sparse_coo_tensor_unsafe, torch.blackman_window, torch.zeros_like, torch.range, torch.sparse_csr_tensor, torch.randn_like, torch.from_file, torch._cudnn_init_dropout_state, torch._empty_affine_quantized, torch.linspace, torch.hamming_window, torch.empty_quantized, torch._pin_memory, torch.load, torch.set_default_device, torch.get_device_module, torch.sparse_compressed_tensor, torch.Tensor.new_empty, torch.Tensor.new_empty_strided, torch.Tensor.new_full, torch.Tensor.new_ones, torch.Tensor.new_tensor, torch.Tensor.new_zeros, torch.Tensor.to, torch.Tensor.pin_memory, torch.nn.Module.to, torch.nn.Module.to_empty
    *************************************************************************************************************
    
  warnings.warn(msg, ImportWarning)
/root/miniconda3/envs/npu/lib/python3.10/site-packages/torch_npu/contrib/transfer_to_npu.py:276: RuntimeWarning: torch.jit.script and torch.jit.script_method will be disabled by transfer_to_npu, which currently does not support them, if you need to enable them, please do not use transfer_to_npu.
  warnings.warn(msg, RuntimeWarning)
/root/miniconda3/envs/npu/lib/python3.10/site-packages/torch_npu/npu/__init__.py:488: UserWarning: torch.npu.get_device_capability isn't implemented!
  warnings.warn("torch.npu.get_device_capability isn't implemented!")
Autodetected device type: cuda
/root/miniconda3/envs/npu/lib/python3.10/site-packages/torch/__init__.py:1617: UserWarning: Please use the new API settings to control TF32 behavior, such as torch.backends.cudnn.conv.fp32_precision = 'tf32' or torch.backends.cuda.matmul.fp32_precision = 'ieee'. Old settings, e.g, torch.backends.cuda.matmul.allow_tf32 = True, torch.backends.cudnn.allow_tf32 = True, allowTF32CuDNN() and allowTF32CuBLAS() will be deprecated after Pytorch 2.9. Please see https://pytorch.org/docs/main/notes/cuda.html#tensorfloat-32-tf32-on-ampere-and-later-devices (Triggered internally at /pytorch/aten/src/ATen/Context.cpp:80.)
  _C._set_float32_matmul_precision(precision)
2026-03-15 11:10:50,921 - nanochat.common - [32m[1mINFO[0m - Distributed world size: 1
[rank0]: Traceback (most recent call last):
[rank0]:   File "/root/miniconda3/envs/npu/lib/python3.10/runpy.py", line 196, in _run_module_as_main
[rank0]:     return _run_code(code, main_globals, None,
[rank0]:   File "/root/miniconda3/envs/npu/lib/python3.10/runpy.py", line 86, in _run_code
[rank0]:     exec(code, run_globals)
[rank0]:   File "/root/autodl-tmp/nanochat-master/scripts/chat_eval.py", line 201, in <module>
[rank0]:     model, tokenizer, meta = load_model(args.source, device, phase="eval", model_tag=args.model_tag, step=args.step)
[rank0]:   File "/root/autodl-tmp/nanochat-master/nanochat/checkpoint_manager.py", line 173, in load_model
[rank0]:     return load_model_from_dir(checkpoints_dir, *args, **kwargs)
[rank0]:   File "/root/autodl-tmp/nanochat-master/nanochat/checkpoint_manager.py", line 153, in load_model_from_dir
[rank0]:     model_tag = find_largest_model(checkpoints_dir)
[rank0]:   File "/root/autodl-tmp/nanochat-master/nanochat/checkpoint_manager.py", line 121, in find_largest_model
[rank0]:     model_tags = [f for f in os.listdir(checkpoints_dir) if os.path.isdir(os.path.join(checkpoints_dir, f))]
[rank0]: FileNotFoundError: [Errno 2] No such file or directory: '/root/.cache/nanochat/chatsft_checkpoints'
[ERROR] 2026-03-15-11:10:51 (PID:600670, Device:0, RankID:-1) ERR99999 UNKNOWN applicaiton exception
E0315 11:10:56.200000 600105 site-packages/torch/distributed/elastic/multiprocessing/api.py:882] failed (exitcode: 1) local_rank: 0 (pid: 600670) of binary: /root/miniconda3/envs/npu/bin/python3.10
Traceback (most recent call last):
  File "/root/miniconda3/envs/npu/bin/torchrun", line 6, in <module>
    sys.exit(main())
  File "/root/miniconda3/envs/npu/lib/python3.10/site-packages/torch/distributed/elastic/multiprocessing/errors/__init__.py", line 357, in wrapper
    return f(*args, **kwargs)
  File "/root/miniconda3/envs/npu/lib/python3.10/site-packages/torch/distributed/run.py", line 936, in main
    run(args)
  File "/root/miniconda3/envs/npu/lib/python3.10/site-packages/torch/distributed/run.py", line 927, in run
    elastic_launch(
  File "/root/miniconda3/envs/npu/lib/python3.10/site-packages/torch/distributed/launcher/api.py", line 156, in __call__
    return launch_agent(self._config, self._entrypoint, list(args))
  File "/root/miniconda3/envs/npu/lib/python3.10/site-packages/torch/distributed/launcher/api.py", line 293, in launch_agent
    raise ChildFailedError(
torch.distributed.elastic.multiprocessing.errors.ChildFailedError: 
============================================================
scripts.chat_eval FAILED
------------------------------------------------------------
Failures:
  <NO_OTHER_FAILURES>
------------------------------------------------------------
Root Cause (first observed failure):
[0]:
  time      : 2026-03-15_11:10:56
  host      : localhost
  rank      : 0 (local_rank: 0)
  exitcode  : 1 (pid: 600670)
  error_file: <N/A>
  traceback : To enable traceback see: https://pytorch.org/docs/stable/elastic/errors.html
============================================================
[ERROR] 2026-03-15-11:10:56 (PID:600105, Device:-1, RankID:-1) ERR99999 UNKNOWN applicaiton exception
/root/miniconda3/envs/npu/lib/python3.10/site-packages/torch_npu/contrib/transfer_to_npu.py:347: ImportWarning: 
    *************************************************************************************************************
    The torch.Tensor.cuda and torch.nn.Module.cuda are replaced with torch.Tensor.npu and torch.nn.Module.npu now..
    The torch.cuda.DoubleTensor is replaced with torch.npu.FloatTensor cause the double type is not supported now..
    The backend in torch.distributed.init_process_group set to hccl now..
    The torch.cuda.* and torch.cuda.amp.* are replaced with torch.npu.* and torch.npu.amp.* now..
    The device parameters have been replaced with npu in the function below:
    torch.logspace, torch.randint, torch.hann_window, torch.rand, torch.full_like, torch.ones_like, torch.rand_like, torch.randperm, torch.arange, torch.frombuffer, torch.normal, torch._empty_per_channel_affine_quantized, torch.empty_strided, torch.empty_like, torch.scalar_tensor, torch.tril_indices, torch.bartlett_window, torch.ones, torch.sparse_coo_tensor, torch.randn, torch.kaiser_window, torch.tensor, torch.triu_indices, torch.as_tensor, torch.zeros, torch.randint_like, torch.full, torch.eye, torch._sparse_csr_tensor_unsafe, torch.empty, torch._sparse_coo_tensor_unsafe, torch.blackman_window, torch.zeros_like, torch.range, torch.sparse_csr_tensor, torch.randn_like, torch.from_file, torch._cudnn_init_dropout_state, torch._empty_affine_quantized, torch.linspace, torch.hamming_window, torch.empty_quantized, torch._pin_memory, torch.load, torch.set_default_device, torch.get_device_module, torch.sparse_compressed_tensor, torch.Tensor.new_empty, torch.Tensor.new_empty_strided, torch.Tensor.new_full, torch.Tensor.new_ones, torch.Tensor.new_tensor, torch.Tensor.new_zeros, torch.Tensor.to, torch.Tensor.pin_memory, torch.nn.Module.to, torch.nn.Module.to_empty
    *************************************************************************************************************
    
  warnings.warn(msg, ImportWarning)
/root/miniconda3/envs/npu/lib/python3.10/site-packages/torch_npu/contrib/transfer_to_npu.py:276: RuntimeWarning: torch.jit.script and torch.jit.script_method will be disabled by transfer_to_npu, which currently does not support them, if you need to enable them, please do not use transfer_to_npu.
  warnings.warn(msg, RuntimeWarning)
Generating report to /root/.cache/nanochat/report/report.md
Warning: /root/.cache/nanochat/report/tokenizer-training.md does not exist, skipping
Warning: /root/.cache/nanochat/report/tokenizer-evaluation.md does not exist, skipping
Warning: /root/.cache/nanochat/report/base-model-training.md does not exist, skipping
Warning: /root/.cache/nanochat/report/base-model-loss.md does not exist, skipping
Warning: /root/.cache/nanochat/report/base-model-evaluation.md does not exist, skipping
Warning: /root/.cache/nanochat/report/chat-sft.md does not exist, skipping
Warning: /root/.cache/nanochat/report/chat-evaluation-sft.md does not exist, skipping
Warning: /root/.cache/nanochat/report/chat-rl.md does not exist, skipping
Warning: /root/.cache/nanochat/report/chat-evaluation-rl.md does not exist, skipping
Copying report.md to current directory for convenience
