/root/miniconda3/envs/npu/lib/python3.10/site-packages/torch_npu/contrib/transfer_to_npu.py:347: ImportWarning: 
    *************************************************************************************************************
    The torch.Tensor.cuda and torch.nn.Module.cuda are replaced with torch.Tensor.npu and torch.nn.Module.npu now..
    The torch.cuda.DoubleTensor is replaced with torch.npu.FloatTensor cause the double type is not supported now..
    The backend in torch.distributed.init_process_group set to hccl now..
    The torch.cuda.* and torch.cuda.amp.* are replaced with torch.npu.* and torch.npu.amp.* now..
    The device parameters have been replaced with npu in the function below:
    torch.logspace, torch.randint, torch.hann_window, torch.rand, torch.full_like, torch.ones_like, torch.rand_like, torch.randperm, torch.arange, torch.frombuffer, torch.normal, torch._empty_per_channel_affine_quantized, torch.empty_strided, torch.empty_like, torch.scalar_tensor, torch.tril_indices, torch.bartlett_window, torch.ones, torch.sparse_coo_tensor, torch.randn, torch.kaiser_window, torch.tensor, torch.triu_indices, torch.as_tensor, torch.zeros, torch.randint_like, torch.full, torch.eye, torch._sparse_csr_tensor_unsafe, torch.empty, torch._sparse_coo_tensor_unsafe, torch.blackman_window, torch.zeros_like, torch.range, torch.sparse_csr_tensor, torch.randn_like, torch.from_file, torch._cudnn_init_dropout_state, torch._empty_affine_quantized, torch.linspace, torch.hamming_window, torch.empty_quantized, torch._pin_memory, torch.load, torch.set_default_device, torch.get_device_module, torch.sparse_compressed_tensor, torch.Tensor.new_empty, torch.Tensor.new_empty_strided, torch.Tensor.new_full, torch.Tensor.new_ones, torch.Tensor.new_tensor, torch.Tensor.new_zeros, torch.Tensor.to, torch.Tensor.pin_memory, torch.nn.Module.to, torch.nn.Module.to_empty
    *************************************************************************************************************
    
  warnings.warn(msg, ImportWarning)
/root/miniconda3/envs/npu/lib/python3.10/site-packages/torch_npu/contrib/transfer_to_npu.py:276: RuntimeWarning: torch.jit.script and torch.jit.script_method will be disabled by transfer_to_npu, which currently does not support them, if you need to enable them, please do not use transfer_to_npu.
  warnings.warn(msg, RuntimeWarning)
Reset report and wrote header to /root/.cache/nanochat/report/header.md
/root/miniconda3/envs/npu/lib/python3.10/site-packages/torch_npu/contrib/transfer_to_npu.py:347: ImportWarning: 
    *************************************************************************************************************
    The torch.Tensor.cuda and torch.nn.Module.cuda are replaced with torch.Tensor.npu and torch.nn.Module.npu now..
    The torch.cuda.DoubleTensor is replaced with torch.npu.FloatTensor cause the double type is not supported now..
    The backend in torch.distributed.init_process_group set to hccl now..
    The torch.cuda.* and torch.cuda.amp.* are replaced with torch.npu.* and torch.npu.amp.* now..
    The device parameters have been replaced with npu in the function below:
    torch.logspace, torch.randint, torch.hann_window, torch.rand, torch.full_like, torch.ones_like, torch.rand_like, torch.randperm, torch.arange, torch.frombuffer, torch.normal, torch._empty_per_channel_affine_quantized, torch.empty_strided, torch.empty_like, torch.scalar_tensor, torch.tril_indices, torch.bartlett_window, torch.ones, torch.sparse_coo_tensor, torch.randn, torch.kaiser_window, torch.tensor, torch.triu_indices, torch.as_tensor, torch.zeros, torch.randint_like, torch.full, torch.eye, torch._sparse_csr_tensor_unsafe, torch.empty, torch._sparse_coo_tensor_unsafe, torch.blackman_window, torch.zeros_like, torch.range, torch.sparse_csr_tensor, torch.randn_like, torch.from_file, torch._cudnn_init_dropout_state, torch._empty_affine_quantized, torch.linspace, torch.hamming_window, torch.empty_quantized, torch._pin_memory, torch.load, torch.set_default_device, torch.get_device_module, torch.sparse_compressed_tensor, torch.Tensor.new_empty, torch.Tensor.new_empty_strided, torch.Tensor.new_full, torch.Tensor.new_ones, torch.Tensor.new_tensor, torch.Tensor.new_zeros, torch.Tensor.to, torch.Tensor.pin_memory, torch.nn.Module.to, torch.nn.Module.to_empty
    *************************************************************************************************************
    
  warnings.warn(msg, ImportWarning)
/root/miniconda3/envs/npu/lib/python3.10/site-packages/torch_npu/contrib/transfer_to_npu.py:276: RuntimeWarning: torch.jit.script and torch.jit.script_method will be disabled by transfer_to_npu, which currently does not support them, if you need to enable them, please do not use transfer_to_npu.
  warnings.warn(msg, RuntimeWarning)
Downloading 9 shards using 4 workers...
Target directory: /root/.cache/nanochat/base_data_climbmix

Done! Downloaded: 9/9 shards to /root/.cache/nanochat/base_data_climbmix
Waiting for dataset download to complete...
/root/miniconda3/envs/npu/lib/python3.10/site-packages/torch_npu/contrib/transfer_to_npu.py:347: ImportWarning: 
    *************************************************************************************************************
    The torch.Tensor.cuda and torch.nn.Module.cuda are replaced with torch.Tensor.npu and torch.nn.Module.npu now..
    The torch.cuda.DoubleTensor is replaced with torch.npu.FloatTensor cause the double type is not supported now..
    The backend in torch.distributed.init_process_group set to hccl now..
    The torch.cuda.* and torch.cuda.amp.* are replaced with torch.npu.* and torch.npu.amp.* now..
    The device parameters have been replaced with npu in the function below:
    torch.logspace, torch.randint, torch.hann_window, torch.rand, torch.full_like, torch.ones_like, torch.rand_like, torch.randperm, torch.arange, torch.frombuffer, torch.normal, torch._empty_per_channel_affine_quantized, torch.empty_strided, torch.empty_like, torch.scalar_tensor, torch.tril_indices, torch.bartlett_window, torch.ones, torch.sparse_coo_tensor, torch.randn, torch.kaiser_window, torch.tensor, torch.triu_indices, torch.as_tensor, torch.zeros, torch.randint_like, torch.full, torch.eye, torch._sparse_csr_tensor_unsafe, torch.empty, torch._sparse_coo_tensor_unsafe, torch.blackman_window, torch.zeros_like, torch.range, torch.sparse_csr_tensor, torch.randn_like, torch.from_file, torch._cudnn_init_dropout_state, torch._empty_affine_quantized, torch.linspace, torch.hamming_window, torch.empty_quantized, torch._pin_memory, torch.load, torch.set_default_device, torch.get_device_module, torch.sparse_compressed_tensor, torch.Tensor.new_empty, torch.Tensor.new_empty_strided, torch.Tensor.new_full, torch.Tensor.new_ones, torch.Tensor.new_tensor, torch.Tensor.new_zeros, torch.Tensor.to, torch.Tensor.pin_memory, torch.nn.Module.to, torch.nn.Module.to_empty
    *************************************************************************************************************
    
  warnings.warn(msg, ImportWarning)
/root/miniconda3/envs/npu/lib/python3.10/site-packages/torch_npu/contrib/transfer_to_npu.py:276: RuntimeWarning: torch.jit.script and torch.jit.script_method will be disabled by transfer_to_npu, which currently does not support them, if you need to enable them, please do not use transfer_to_npu.
  warnings.warn(msg, RuntimeWarning)
Downloading 171 shards using 4 workers...
Target directory: /root/.cache/nanochat/base_data_climbmix

Skipping /root/.cache/nanochat/base_data_climbmix/shard_00000.parquet (already exists)
Skipping /root/.cache/nanochat/base_data_climbmix/shard_00001.parquet (already exists)
Skipping /root/.cache/nanochat/base_data_climbmix/shard_00002.parquet (already exists)
Skipping /root/.cache/nanochat/base_data_climbmix/shard_00003.parquet (already exists)
Skipping /root/.cache/nanochat/base_data_climbmix/shard_00004.parquet (already exists)
Skipping /root/.cache/nanochat/base_data_climbmix/shard_00005.parquet (already exists)
Skipping /root/.cache/nanochat/base_data_climbmix/shard_00006.parquet (already exists)
Skipping /root/.cache/nanochat/base_data_climbmix/shard_00007.parquet (already exists)
Skipping /root/.cache/nanochat/base_data_climbmix/shard_00008.parquet (already exists)
Skipping /root/.cache/nanochat/base_data_climbmix/shard_00009.parquet (already exists)
Skipping /root/.cache/nanochat/base_data_climbmix/shard_00010.parquet (already exists)
Skipping /root/.cache/nanochat/base_data_climbmix/shard_00044.parquet (already exists)
Skipping /root/.cache/nanochat/base_data_climbmix/shard_00045.parquet (already exists)
Skipping /root/.cache/nanochat/base_data_climbmix/shard_00046.parquet (already exists)
Skipping /root/.cache/nanochat/base_data_climbmix/shard_00047.parquet (already exists)
Skipping /root/.cache/nanochat/base_data_climbmix/shard_00048.parquet (already exists)
Skipping /root/.cache/nanochat/base_data_climbmix/shard_00049.parquet (already exists)
Skipping /root/.cache/nanochat/base_data_climbmix/shard_00050.parquet (already exists)
Skipping /root/.cache/nanochat/base_data_climbmix/shard_00051.parquet (already exists)
Skipping /root/.cache/nanochat/base_data_climbmix/shard_00052.parquet (already exists)
Skipping /root/.cache/nanochat/base_data_climbmix/shard_00053.parquet (already exists)
Skipping /root/.cache/nanochat/base_data_climbmix/shard_00054.parquet (already exists)
Skipping /root/.cache/nanochat/base_data_climbmix/shard_00088.parquet (already exists)
Skipping /root/.cache/nanochat/base_data_climbmix/shard_00089.parquet (already exists)
Skipping /root/.cache/nanochat/base_data_climbmix/shard_00090.parquet (already exists)
Skipping /root/.cache/nanochat/base_data_climbmix/shard_00091.parquet (already exists)
Skipping /root/.cache/nanochat/base_data_climbmix/shard_00092.parquet (already exists)
Skipping /root/.cache/nanochat/base_data_climbmix/shard_00093.parquet (already exists)
Skipping /root/.cache/nanochat/base_data_climbmix/shard_00094.parquet (already exists)
Skipping /root/.cache/nanochat/base_data_climbmix/shard_00095.parquet (already exists)
Skipping /root/.cache/nanochat/base_data_climbmix/shard_00096.parquet (already exists)
Skipping /root/.cache/nanochat/base_data_climbmix/shard_00097.parquet (already exists)
Skipping /root/.cache/nanochat/base_data_climbmix/shard_00098.parquet (already exists)
Skipping /root/.cache/nanochat/base_data_climbmix/shard_00121.parquet (already exists)
Skipping /root/.cache/nanochat/base_data_climbmix/shard_00122.parquet (already exists)
Skipping /root/.cache/nanochat/base_data_climbmix/shard_00123.parquet (already exists)
Skipping /root/.cache/nanochat/base_data_climbmix/shard_00124.parquet (already exists)
Skipping /root/.cache/nanochat/base_data_climbmix/shard_00125.parquet (already exists)
Skipping /root/.cache/nanochat/base_data_climbmix/shard_00126.parquet (already exists)
Skipping /root/.cache/nanochat/base_data_climbmix/shard_00127.parquet (already exists)
Skipping /root/.cache/nanochat/base_data_climbmix/shard_00128.parquet (already exists)
Skipping /root/.cache/nanochat/base_data_climbmix/shard_00129.parquet (already exists)
Skipping /root/.cache/nanochat/base_data_climbmix/shard_00130.parquet (already exists)
Skipping /root/.cache/nanochat/base_data_climbmix/shard_00131.parquet (already exists)
Skipping /root/.cache/nanochat/base_data_climbmix/shard_00165.parquet (already exists)
Skipping /root/.cache/nanochat/base_data_climbmix/shard_00166.parquet (already exists)
Skipping /root/.cache/nanochat/base_data_climbmix/shard_00167.parquet (already exists)
Skipping /root/.cache/nanochat/base_data_climbmix/shard_00168.parquet (already exists)
Skipping /root/.cache/nanochat/base_data_climbmix/shard_00169.parquet (already exists)
Skipping /root/.cache/nanochat/base_data_climbmix/shard_06542.parquet (already exists)
Skipping /root/.cache/nanochat/base_data_climbmix/shard_00011.parquet (already exists)
Skipping /root/.cache/nanochat/base_data_climbmix/shard_00012.parquet (already exists)
Skipping /root/.cache/nanochat/base_data_climbmix/shard_00013.parquet (already exists)
Skipping /root/.cache/nanochat/base_data_climbmix/shard_00014.parquet (already exists)
Skipping /root/.cache/nanochat/base_data_climbmix/shard_00015.parquet (already exists)
Skipping /root/.cache/nanochat/base_data_climbmix/shard_00016.parquet (already exists)
Skipping /root/.cache/nanochat/base_data_climbmix/shard_00017.parquet (already exists)
Skipping /root/.cache/nanochat/base_data_climbmix/shard_00018.parquet (already exists)
Skipping /root/.cache/nanochat/base_data_climbmix/shard_00019.parquet (already exists)
Skipping /root/.cache/nanochat/base_data_climbmix/shard_00020.parquet (already exists)
Skipping /root/.cache/nanochat/base_data_climbmix/shard_00021.parquet (already exists)
Skipping /root/.cache/nanochat/base_data_climbmix/shard_00055.parquet (already exists)
Skipping /root/.cache/nanochat/base_data_climbmix/shard_00056.parquet (already exists)
Skipping /root/.cache/nanochat/base_data_climbmix/shard_00057.parquet (already exists)
Skipping /root/.cache/nanochat/base_data_climbmix/shard_00058.parquet (already exists)
Skipping /root/.cache/nanochat/base_data_climbmix/shard_00059.parquet (already exists)
Skipping /root/.cache/nanochat/base_data_climbmix/shard_00060.parquet (already exists)
Skipping /root/.cache/nanochat/base_data_climbmix/shard_00061.parquet (already exists)
Skipping /root/.cache/nanochat/base_data_climbmix/shard_00062.parquet (already exists)
Skipping /root/.cache/nanochat/base_data_climbmix/shard_00063.parquet (already exists)
Skipping /root/.cache/nanochat/base_data_climbmix/shard_00064.parquet (already exists)
Skipping /root/.cache/nanochat/base_data_climbmix/shard_00065.parquet (already exists)
Skipping /root/.cache/nanochat/base_data_climbmix/shard_00099.parquet (already exists)
Skipping /root/.cache/nanochat/base_data_climbmix/shard_00100.parquet (already exists)
Skipping /root/.cache/nanochat/base_data_climbmix/shard_00101.parquet (already exists)
Skipping /root/.cache/nanochat/base_data_climbmix/shard_00102.parquet (already exists)
Skipping /root/.cache/nanochat/base_data_climbmix/shard_00103.parquet (already exists)
Skipping /root/.cache/nanochat/base_data_climbmix/shard_00104.parquet (already exists)
Skipping /root/.cache/nanochat/base_data_climbmix/shard_00105.parquet (already exists)
Skipping /root/.cache/nanochat/base_data_climbmix/shard_00106.parquet (already exists)
Skipping /root/.cache/nanochat/base_data_climbmix/shard_00107.parquet (already exists)
Skipping /root/.cache/nanochat/base_data_climbmix/shard_00108.parquet (already exists)
Skipping /root/.cache/nanochat/base_data_climbmix/shard_00109.parquet (already exists)
Skipping /root/.cache/nanochat/base_data_climbmix/shard_00143.parquet (already exists)
Skipping /root/.cache/nanochat/base_data_climbmix/shard_00144.parquet (already exists)
Skipping /root/.cache/nanochat/base_data_climbmix/shard_00145.parquet (already exists)
Skipping /root/.cache/nanochat/base_data_climbmix/shard_00146.parquet (already exists)
Skipping /root/.cache/nanochat/base_data_climbmix/shard_00147.parquet (already exists)
Skipping /root/.cache/nanochat/base_data_climbmix/shard_00148.parquet (already exists)
Skipping /root/.cache/nanochat/base_data_climbmix/shard_00149.parquet (already exists)
Skipping /root/.cache/nanochat/base_data_climbmix/shard_00150.parquet (already exists)
Skipping /root/.cache/nanochat/base_data_climbmix/shard_00151.parquet (already exists)
Skipping /root/.cache/nanochat/base_data_climbmix/shard_00152.parquet (already exists)
Skipping /root/.cache/nanochat/base_data_climbmix/shard_00153.parquet (already exists)
Skipping /root/.cache/nanochat/base_data_climbmix/shard_00022.parquet (already exists)
Skipping /root/.cache/nanochat/base_data_climbmix/shard_00023.parquet (already exists)
Skipping /root/.cache/nanochat/base_data_climbmix/shard_00024.parquet (already exists)
Skipping /root/.cache/nanochat/base_data_climbmix/shard_00025.parquet (already exists)
Skipping /root/.cache/nanochat/base_data_climbmix/shard_00026.parquet (already exists)
Skipping /root/.cache/nanochat/base_data_climbmix/shard_00027.parquet (already exists)
Skipping /root/.cache/nanochat/base_data_climbmix/shard_00028.parquet (already exists)
Skipping /root/.cache/nanochat/base_data_climbmix/shard_00029.parquet (already exists)
Skipping /root/.cache/nanochat/base_data_climbmix/shard_00030.parquet (already exists)
Skipping /root/.cache/nanochat/base_data_climbmix/shard_00031.parquet (already exists)
Skipping /root/.cache/nanochat/base_data_climbmix/shard_00032.parquet (already exists)
Skipping /root/.cache/nanochat/base_data_climbmix/shard_00077.parquet (already exists)
Skipping /root/.cache/nanochat/base_data_climbmix/shard_00078.parquet (already exists)
Skipping /root/.cache/nanochat/base_data_climbmix/shard_00079.parquet (already exists)
Skipping /root/.cache/nanochat/base_data_climbmix/shard_00080.parquet (already exists)
Skipping /root/.cache/nanochat/base_data_climbmix/shard_00081.parquet (already exists)
Skipping /root/.cache/nanochat/base_data_climbmix/shard_00082.parquet (already exists)
Skipping /root/.cache/nanochat/base_data_climbmix/shard_00083.parquet (already exists)
Skipping /root/.cache/nanochat/base_data_climbmix/shard_00084.parquet (already exists)
Skipping /root/.cache/nanochat/base_data_climbmix/shard_00085.parquet (already exists)
Skipping /root/.cache/nanochat/base_data_climbmix/shard_00086.parquet (already exists)
Skipping /root/.cache/nanochat/base_data_climbmix/shard_00087.parquet (already exists)
Skipping /root/.cache/nanochat/base_data_climbmix/shard_00132.parquet (already exists)
Skipping /root/.cache/nanochat/base_data_climbmix/shard_00133.parquet (already exists)
Skipping /root/.cache/nanochat/base_data_climbmix/shard_00134.parquet (already exists)
Skipping /root/.cache/nanochat/base_data_climbmix/shard_00135.parquet (already exists)
Skipping /root/.cache/nanochat/base_data_climbmix/shard_00136.parquet (already exists)
Skipping /root/.cache/nanochat/base_data_climbmix/shard_00137.parquet (already exists)
Skipping /root/.cache/nanochat/base_data_climbmix/shard_00138.parquet (already exists)
Skipping /root/.cache/nanochat/base_data_climbmix/shard_00139.parquet (already exists)
Skipping /root/.cache/nanochat/base_data_climbmix/shard_00140.parquet (already exists)
Skipping /root/.cache/nanochat/base_data_climbmix/shard_00141.parquet (already exists)
Skipping /root/.cache/nanochat/base_data_climbmix/shard_00142.parquet (already exists)
Skipping /root/.cache/nanochat/base_data_climbmix/shard_00033.parquet (already exists)
Skipping /root/.cache/nanochat/base_data_climbmix/shard_00034.parquet (already exists)
Skipping /root/.cache/nanochat/base_data_climbmix/shard_00035.parquet (already exists)
Skipping /root/.cache/nanochat/base_data_climbmix/shard_00036.parquet (already exists)
Skipping /root/.cache/nanochat/base_data_climbmix/shard_00037.parquet (already exists)
Skipping /root/.cache/nanochat/base_data_climbmix/shard_00038.parquet (already exists)
Skipping /root/.cache/nanochat/base_data_climbmix/shard_00039.parquet (already exists)
Skipping /root/.cache/nanochat/base_data_climbmix/shard_00040.parquet (already exists)
Skipping /root/.cache/nanochat/base_data_climbmix/shard_00041.parquet (already exists)
Skipping /root/.cache/nanochat/base_data_climbmix/shard_00042.parquet (already exists)
Skipping /root/.cache/nanochat/base_data_climbmix/shard_00043.parquet (already exists)
Skipping /root/.cache/nanochat/base_data_climbmix/shard_00066.parquet (already exists)
Skipping /root/.cache/nanochat/base_data_climbmix/shard_00067.parquet (already exists)
Skipping /root/.cache/nanochat/base_data_climbmix/shard_00068.parquet (already exists)
Skipping /root/.cache/nanochat/base_data_climbmix/shard_00069.parquet (already exists)
Skipping /root/.cache/nanochat/base_data_climbmix/shard_00070.parquet (already exists)
Skipping /root/.cache/nanochat/base_data_climbmix/shard_00071.parquet (already exists)
Skipping /root/.cache/nanochat/base_data_climbmix/shard_00072.parquet (already exists)
Skipping /root/.cache/nanochat/base_data_climbmix/shard_00073.parquet (already exists)
Skipping /root/.cache/nanochat/base_data_climbmix/shard_00074.parquet (already exists)
Skipping /root/.cache/nanochat/base_data_climbmix/shard_00075.parquet (already exists)
Skipping /root/.cache/nanochat/base_data_climbmix/shard_00076.parquet (already exists)
Skipping /root/.cache/nanochat/base_data_climbmix/shard_00110.parquet (already exists)
Skipping /root/.cache/nanochat/base_data_climbmix/shard_00111.parquet (already exists)
Skipping /root/.cache/nanochat/base_data_climbmix/shard_00112.parquet (already exists)
Skipping /root/.cache/nanochat/base_data_climbmix/shard_00113.parquet (already exists)
Skipping /root/.cache/nanochat/base_data_climbmix/shard_00114.parquet (already exists)
Skipping /root/.cache/nanochat/base_data_climbmix/shard_00115.parquet (already exists)
Skipping /root/.cache/nanochat/base_data_climbmix/shard_00116.parquet (already exists)
Skipping /root/.cache/nanochat/base_data_climbmix/shard_00117.parquet (already exists)
Skipping /root/.cache/nanochat/base_data_climbmix/shard_00118.parquet (already exists)
Skipping /root/.cache/nanochat/base_data_climbmix/shard_00119.parquet (already exists)
Skipping /root/.cache/nanochat/base_data_climbmix/shard_00120.parquet (already exists)
Skipping /root/.cache/nanochat/base_data_climbmix/shard_00154.parquet (already exists)
Skipping /root/.cache/nanochat/base_data_climbmix/shard_00155.parquet (already exists)
Skipping /root/.cache/nanochat/base_data_climbmix/shard_00156.parquet (already exists)
Skipping /root/.cache/nanochat/base_data_climbmix/shard_00157.parquet (already exists)
Skipping /root/.cache/nanochat/base_data_climbmix/shard_00158.parquet (already exists)
Skipping /root/.cache/nanochat/base_data_climbmix/shard_00159.parquet (already exists)
Skipping /root/.cache/nanochat/base_data_climbmix/shard_00160.parquet (already exists)
Skipping /root/.cache/nanochat/base_data_climbmix/shard_00161.parquet (already exists)
Skipping /root/.cache/nanochat/base_data_climbmix/shard_00162.parquet (already exists)
Skipping /root/.cache/nanochat/base_data_climbmix/shard_00163.parquet (already exists)
Skipping /root/.cache/nanochat/base_data_climbmix/shard_00164.parquet (already exists)
Done! Downloaded: 171/171 shards to /root/.cache/nanochat/base_data_climbmix
/root/miniconda3/envs/npu/lib/python3.10/site-packages/torch_npu/contrib/transfer_to_npu.py:345: ImportWarning: 
    *************************************************************************************************************
    The torch.Tensor.cuda and torch.nn.Module.cuda are replaced with torch.Tensor.npu and torch.nn.Module.npu now..
    The torch.cuda.DoubleTensor is replaced with torch.npu.FloatTensor cause the double type is not supported now..
    The backend in torch.distributed.init_process_group set to hccl now..
    The torch.cuda.* and torch.cuda.amp.* are replaced with torch.npu.* and torch.npu.amp.* now..
    The device parameters have been replaced with npu in the function below:
    torch.logspace, torch.randint, torch.hann_window, torch.rand, torch.full_like, torch.ones_like, torch.rand_like, torch.randperm, torch.arange, torch.frombuffer, torch.normal, torch._empty_per_channel_affine_quantized, torch.empty_strided, torch.empty_like, torch.scalar_tensor, torch.tril_indices, torch.bartlett_window, torch.ones, torch.sparse_coo_tensor, torch.randn, torch.kaiser_window, torch.tensor, torch.triu_indices, torch.as_tensor, torch.zeros, torch.randint_like, torch.full, torch.eye, torch._sparse_csr_tensor_unsafe, torch.empty, torch._sparse_coo_tensor_unsafe, torch.blackman_window, torch.zeros_like, torch.range, torch.sparse_csr_tensor, torch.randn_like, torch.from_file, torch._cudnn_init_dropout_state, torch._empty_affine_quantized, torch.linspace, torch.hamming_window, torch.empty_quantized, torch._pin_memory, torch.load, torch.set_default_device, torch.get_device_module, torch.sparse_compressed_tensor, torch.Tensor.new_empty, torch.Tensor.new_empty_strided, torch.Tensor.new_full, torch.Tensor.new_ones, torch.Tensor.new_tensor, torch.Tensor.new_zeros, torch.Tensor.to, torch.Tensor.pin_memory, torch.nn.Module.to, torch.nn.Module.to_empty
    *************************************************************************************************************
    
  warnings.warn(msg, ImportWarning)
/root/miniconda3/envs/npu/lib/python3.10/site-packages/torch_npu/contrib/transfer_to_npu.py:276: RuntimeWarning: torch.jit.script and torch.jit.script_method will be disabled by transfer_to_npu, which currently does not support them, if you need to enable them, please do not use transfer_to_npu.
  warnings.warn(msg, RuntimeWarning)
/root/miniconda3/envs/npu/lib/python3.10/site-packages/torch_npu/npu/__init__.py:488: UserWarning: torch.npu.get_device_capability isn't implemented!
  warnings.warn("torch.npu.get_device_capability isn't implemented!")

                                                       █████                █████
                                                      ░░███                ░░███
     ████████    ██████   ████████    ██████   ██████  ░███████    ██████  ███████
    ░░███░░███  ░░░░░███ ░░███░░███  ███░░███ ███░░███ ░███░░███  ░░░░░███░░░███░
     ░███ ░███   ███████  ░███ ░███ ░███ ░███░███ ░░░  ░███ ░███   ███████  ░███
     ░███ ░███  ███░░███  ░███ ░███ ░███ ░███░███  ███ ░███ ░███  ███░░███  ░███ ███
     ████ █████░░████████ ████ █████░░██████ ░░██████  ████ █████░░███████  ░░█████
    ░░░░ ░░░░░  ░░░░░░░░ ░░░░ ░░░░░  ░░░░░░   ░░░░░░  ░░░░ ░░░░░  ░░░░░░░░   ░░░░░
    
Autodetected device type: cuda
/root/miniconda3/envs/npu/lib/python3.10/site-packages/torch/__init__.py:1617: UserWarning: Please use the new API settings to control TF32 behavior, such as torch.backends.cudnn.conv.fp32_precision = 'tf32' or torch.backends.cuda.matmul.fp32_precision = 'ieee'. Old settings, e.g, torch.backends.cuda.matmul.allow_tf32 = True, torch.backends.cudnn.allow_tf32 = True, allowTF32CuDNN() and allowTF32CuBLAS() will be deprecated after Pytorch 2.9. Please see https://pytorch.org/docs/main/notes/cuda.html#tensorfloat-32-tf32-on-ampere-and-later-devices (Triggered internally at /pytorch/aten/src/ATen/Context.cpp:80.)
  _C._set_float32_matmul_precision(precision)
2026-03-15 09:51:59,525 - nanochat.common - [32m[1mINFO[0m - Distributed world size: 1
2026-03-15 09:51:59,527 - nanochat.common - [33m[1mWARNING[0m - Peak flops undefined for: Ascend910B2, MFU will show as 0%
GPU: Ascend910B2 | Peak FLOPS (BF16): inf
COMPUTE_DTYPE: torch.bfloat16 (auto-detected: NPU (bf16 supported))
!!!!!!!!!!!!!!!!!!!!!!!!!!!!!!!!!!!!!!!!!!!!!!!!!!!!!!!!!!!!!!!!!!!!!!!!!!!!!!!!
INFO: Running on NPU, using torch_npu optimized SDPA (Flash Attention backend)
INFO: SDPA on NPU is automatically optimized by torch_npu, no FA3 needed
!!!!!!!!!!!!!!!!!!!!!!!!!!!!!!!!!!!!!!!!!!!!!!!!!!!!!!!!!!!!!!!!!!!!!!!!!!!!!!!!
Vocab size: 32,768
Model config:
{
  "sequence_len": 1024,
  "vocab_size": 32768,
  "n_layer": 12,
  "n_head": 6,
  "n_kv_head": 6,
  "n_embd": 768,
  "window_pattern": "L"
}
Parameter counts:
wte                     : 25,165,824
value_embeds            : 150,994,944
lm_head                 : 25,165,824
transformer_matrices    : 84,935,088
scalars                 : 24
total                   : 286,261,704
Estimated FLOPs per token: 7.738517e+08
Scaling LRs by 0.2500 for batch size 32,768 (reference: 524,288)
Scaling weight decay from 0.280000 to 0.070000 for depth 12
Scaling the LR for the AdamW parameters ∝1/√(768/768) = 1.000000
Calculated number of iterations from target data:param ratio: 35,280
Total number of training tokens: 1,156,055,040
Tokens : Scaling params ratio: 10.50
Total training FLOPs estimate: 8.946151e+17
Tokens / micro-batch / rank: 8 x 1024 = 8,192
Tokens / micro-batch: 8,192
Total batch size 32,768 => gradient accumulation steps: 4
Step 00000 | Validation bpb: 3.169607
step 00000/35280 (0.00%) | loss: 10.397140 | lrm: 0.03 | dt: 1381.50ms | tok/sec: 23,719 | bf16_mfu: 0.00 | epoch: 1 pq: 0 rg: 1 | total time: 0.00m
step 00001/35280 (0.00%) | loss: 10.394921 | lrm: 0.05 | dt: 581.90ms | tok/sec: 56,312 | bf16_mfu: 0.00 | epoch: 1 pq: 0 rg: 1 | total time: 0.00m
step 00002/35280 (0.01%) | loss: 10.390881 | lrm: 0.07 | dt: 559.24ms | tok/sec: 58,594 | bf16_mfu: 0.00 | epoch: 1 pq: 0 rg: 1 | total time: 0.00m
step 00003/35280 (0.01%) | loss: 10.384292 | lrm: 0.10 | dt: 561.28ms | tok/sec: 58,380 | bf16_mfu: 0.00 | epoch: 1 pq: 0 rg: 1 | total time: 0.00m
step 00004/35280 (0.01%) | loss: 10.376250 | lrm: 0.12 | dt: 559.65ms | tok/sec: 58,551 | bf16_mfu: 0.00 | epoch: 1 pq: 0 rg: 1 | total time: 0.00m
step 00005/35280 (0.01%) | loss: 10.365309 | lrm: 0.15 | dt: 560.09ms | tok/sec: 58,505 | bf16_mfu: 0.00 | epoch: 1 pq: 0 rg: 1 | total time: 0.00m
step 00006/35280 (0.02%) | loss: 10.353023 | lrm: 0.17 | dt: 567.18ms | tok/sec: 57,773 | bf16_mfu: 0.00 | epoch: 1 pq: 0 rg: 1 | total time: 0.00m
step 00007/35280 (0.02%) | loss: 10.336343 | lrm: 0.20 | dt: 565.12ms | tok/sec: 57,984 | bf16_mfu: 0.00 | epoch: 1 pq: 0 rg: 1 | total time: 0.00m
step 00008/35280 (0.02%) | loss: 10.310179 | lrm: 0.23 | dt: 572.55ms | tok/sec: 57,231 | bf16_mfu: 0.00 | epoch: 1 pq: 0 rg: 1 | total time: 0.00m
step 00009/35280 (0.03%) | loss: 10.283926 | lrm: 0.25 | dt: 560.82ms | tok/sec: 58,428 | bf16_mfu: 0.00 | epoch: 1 pq: 0 rg: 1 | total time: 0.00m
step 00010/35280 (0.03%) | loss: 10.252680 | lrm: 0.28 | dt: 565.67ms | tok/sec: 57,927 | bf16_mfu: 0.00 | epoch: 1 pq: 0 rg: 1 | total time: 0.00m
step 00011/35280 (0.03%) | loss: 10.206533 | lrm: 0.30 | dt: 557.31ms | tok/sec: 58,797 | bf16_mfu: 0.00 | epoch: 1 pq: 0 rg: 1 | total time: 0.01m | eta: 327.6m
step 00012/35280 (0.03%) | loss: 10.147593 | lrm: 0.33 | dt: 587.01ms | tok/sec: 55,821 | bf16_mfu: 0.00 | epoch: 1 pq: 0 rg: 2 | total time: 0.02m | eta: 336.3m
step 00013/35280 (0.04%) | loss: 10.053865 | lrm: 0.35 | dt: 568.17ms | tok/sec: 57,672 | bf16_mfu: 0.00 | epoch: 1 pq: 0 rg: 2 | total time: 0.03m | eta: 335.5m
step 00014/35280 (0.04%) | loss: 9.906779 | lrm: 0.38 | dt: 550.05ms | tok/sec: 59,573 | bf16_mfu: 0.00 | epoch: 1 pq: 0 rg: 2 | total time: 0.04m | eta: 332.5m
step 00015/35280 (0.04%) | loss: 9.748267 | lrm: 0.40 | dt: 550.40ms | tok/sec: 59,535 | bf16_mfu: 0.00 | epoch: 1 pq: 0 rg: 2 | total time: 0.05m | eta: 330.7m
step 00016/35280 (0.05%) | loss: 9.540143 | lrm: 0.42 | dt: 552.27ms | tok/sec: 59,332 | bf16_mfu: 0.00 | epoch: 1 pq: 0 rg: 2 | total time: 0.06m | eta: 329.6m
step 00017/35280 (0.05%) | loss: 9.316308 | lrm: 0.45 | dt: 551.40ms | tok/sec: 59,426 | bf16_mfu: 0.00 | epoch: 1 pq: 0 rg: 2 | total time: 0.07m | eta: 328.8m
step 00018/35280 (0.05%) | loss: 9.133532 | lrm: 0.47 | dt: 558.22ms | tok/sec: 58,701 | bf16_mfu: 0.00 | epoch: 1 pq: 0 rg: 2 | total time: 0.07m | eta: 328.7m
step 00019/35280 (0.05%) | loss: 8.939711 | lrm: 0.50 | dt: 551.60ms | tok/sec: 59,405 | bf16_mfu: 0.00 | epoch: 1 pq: 0 rg: 2 | total time: 0.08m | eta: 328.2m
step 00020/35280 (0.06%) | loss: 8.779254 | lrm: 0.53 | dt: 555.19ms | tok/sec: 59,021 | bf16_mfu: 0.00 | epoch: 1 pq: 0 rg: 2 | total time: 0.09m | eta: 328.0m
step 00021/35280 (0.06%) | loss: 8.623632 | lrm: 0.55 | dt: 551.50ms | tok/sec: 59,416 | bf16_mfu: 0.00 | epoch: 1 pq: 0 rg: 2 | total time: 0.10m | eta: 327.6m
step 00022/35280 (0.06%) | loss: 8.475137 | lrm: 0.57 | dt: 552.49ms | tok/sec: 59,310 | bf16_mfu: 0.00 | epoch: 1 pq: 0 rg: 2 | total time: 0.11m | eta: 327.4m
step 00023/35280 (0.07%) | loss: 8.355240 | lrm: 0.60 | dt: 552.68ms | tok/sec: 59,288 | bf16_mfu: 0.00 | epoch: 1 pq: 0 rg: 2 | total time: 0.12m | eta: 327.2m
step 00024/35280 (0.07%) | loss: 8.198287 | lrm: 0.62 | dt: 552.39ms | tok/sec: 59,320 | bf16_mfu: 0.00 | epoch: 1 pq: 0 rg: 2 | total time: 0.13m | eta: 327.0m
step 00025/35280 (0.07%) | loss: 8.075647 | lrm: 0.65 | dt: 573.99ms | tok/sec: 57,088 | bf16_mfu: 0.00 | epoch: 1 pq: 0 rg: 3 | total time: 0.14m | eta: 327.7m
step 00026/35280 (0.07%) | loss: 7.961446 | lrm: 0.68 | dt: 552.02ms | tok/sec: 59,360 | bf16_mfu: 0.00 | epoch: 1 pq: 0 rg: 3 | total time: 0.15m | eta: 327.4m
step 00027/35280 (0.08%) | loss: 7.838326 | lrm: 0.70 | dt: 552.06ms | tok/sec: 59,355 | bf16_mfu: 0.00 | epoch: 1 pq: 0 rg: 3 | total time: 0.16m | eta: 327.3m
step 00028/35280 (0.08%) | loss: 7.728334 | lrm: 0.72 | dt: 552.04ms | tok/sec: 59,357 | bf16_mfu: 0.00 | epoch: 1 pq: 0 rg: 3 | total time: 0.17m | eta: 327.1m
step 00029/35280 (0.08%) | loss: 7.628640 | lrm: 0.75 | dt: 564.13ms | tok/sec: 58,086 | bf16_mfu: 0.00 | epoch: 1 pq: 0 rg: 3 | total time: 0.18m | eta: 327.3m
step 00030/35280 (0.09%) | loss: 7.535093 | lrm: 0.78 | dt: 551.72ms | tok/sec: 59,392 | bf16_mfu: 0.00 | epoch: 1 pq: 0 rg: 3 | total time: 0.19m | eta: 327.1m
step 00031/35280 (0.09%) | loss: 7.467229 | lrm: 0.80 | dt: 554.27ms | tok/sec: 59,118 | bf16_mfu: 0.00 | epoch: 1 pq: 0 rg: 3 | total time: 0.19m | eta: 327.1m
step 00032/35280 (0.09%) | loss: 7.378091 | lrm: 0.82 | dt: 552.47ms | tok/sec: 59,312 | bf16_mfu: 0.00 | epoch: 1 pq: 0 rg: 3 | total time: 0.20m | eta: 326.9m
step 00033/35280 (0.09%) | loss: 7.303410 | lrm: 0.85 | dt: 554.01ms | tok/sec: 59,146 | bf16_mfu: 0.00 | epoch: 1 pq: 0 rg: 3 | total time: 0.21m | eta: 326.9m
step 00034/35280 (0.10%) | loss: 7.229675 | lrm: 0.88 | dt: 558.70ms | tok/sec: 58,650 | bf16_mfu: 0.00 | epoch: 1 pq: 0 rg: 3 | total time: 0.22m | eta: 326.9m
step 00035/35280 (0.10%) | loss: 7.165555 | lrm: 0.90 | dt: 552.26ms | tok/sec: 59,333 | bf16_mfu: 0.00 | epoch: 1 pq: 0 rg: 3 | total time: 0.23m | eta: 326.8m
step 00036/35280 (0.10%) | loss: 7.126216 | lrm: 0.93 | dt: 557.04ms | tok/sec: 58,825 | bf16_mfu: 0.00 | epoch: 1 pq: 0 rg: 3 | total time: 0.24m | eta: 326.8m
step 00037/35280 (0.10%) | loss: 7.064830 | lrm: 0.95 | dt: 551.55ms | tok/sec: 59,411 | bf16_mfu: 0.00 | epoch: 1 pq: 0 rg: 3 | total time: 0.25m | eta: 326.7m
step 00038/35280 (0.11%) | loss: 7.020111 | lrm: 0.97 | dt: 569.09ms | tok/sec: 57,579 | bf16_mfu: 0.00 | epoch: 1 pq: 0 rg: 4 | total time: 0.26m | eta: 327.0m
step 00039/35280 (0.11%) | loss: 6.966474 | lrm: 1.00 | dt: 564.86ms | tok/sec: 58,010 | bf16_mfu: 0.00 | epoch: 1 pq: 0 rg: 4 | total time: 0.27m | eta: 327.1m
step 00040/35280 (0.11%) | loss: 6.917217 | lrm: 1.00 | dt: 549.06ms | tok/sec: 59,680 | bf16_mfu: 0.00 | epoch: 1 pq: 0 rg: 4 | total time: 0.28m | eta: 326.9m
step 00041/35280 (0.12%) | loss: 6.876018 | lrm: 1.00 | dt: 549.62ms | tok/sec: 59,619 | bf16_mfu: 0.00 | epoch: 1 pq: 0 rg: 4 | total time: 0.29m | eta: 326.8m
step 00042/35280 (0.12%) | loss: 6.837724 | lrm: 1.00 | dt: 552.44ms | tok/sec: 59,315 | bf16_mfu: 0.00 | epoch: 1 pq: 0 rg: 4 | total time: 0.30m | eta: 326.7m
step 00043/35280 (0.12%) | loss: 6.803596 | lrm: 1.00 | dt: 552.55ms | tok/sec: 59,302 | bf16_mfu: 0.00 | epoch: 1 pq: 0 rg: 4 | total time: 0.31m | eta: 326.6m
step 00044/35280 (0.12%) | loss: 6.785952 | lrm: 1.00 | dt: 555.23ms | tok/sec: 59,016 | bf16_mfu: 0.00 | epoch: 1 pq: 0 rg: 4 | total time: 0.32m | eta: 326.6m
step 00045/35280 (0.13%) | loss: 6.756731 | lrm: 1.00 | dt: 551.91ms | tok/sec: 59,371 | bf16_mfu: 0.00 | epoch: 1 pq: 0 rg: 4 | total time: 0.32m | eta: 326.5m
step 00046/35280 (0.13%) | loss: 6.741761 | lrm: 1.00 | dt: 554.68ms | tok/sec: 59,075 | bf16_mfu: 0.00 | epoch: 1 pq: 0 rg: 4 | total time: 0.33m | eta: 326.5m
step 00047/35280 (0.13%) | loss: 6.708091 | lrm: 1.00 | dt: 551.79ms | tok/sec: 59,384 | bf16_mfu: 0.00 | epoch: 1 pq: 0 rg: 4 | total time: 0.34m | eta: 326.4m
step 00048/35280 (0.14%) | loss: 6.670952 | lrm: 1.00 | dt: 551.17ms | tok/sec: 59,452 | bf16_mfu: 0.00 | epoch: 1 pq: 0 rg: 4 | total time: 0.35m | eta: 326.3m
step 00049/35280 (0.14%) | loss: 6.630994 | lrm: 1.00 | dt: 551.99ms | tok/sec: 59,362 | bf16_mfu: 0.00 | epoch: 1 pq: 0 rg: 4 | total time: 0.36m | eta: 326.3m
step 00050/35280 (0.14%) | loss: 6.603420 | lrm: 1.00 | dt: 550.44ms | tok/sec: 59,530 | bf16_mfu: 0.00 | epoch: 1 pq: 0 rg: 4 | total time: 0.37m | eta: 326.2m
step 00051/35280 (0.14%) | loss: 6.586252 | lrm: 1.00 | dt: 562.26ms | tok/sec: 58,279 | bf16_mfu: 0.00 | epoch: 1 pq: 0 rg: 5 | total time: 0.38m | eta: 326.3m
step 00052/35280 (0.15%) | loss: 6.557160 | lrm: 1.00 | dt: 552.08ms | tok/sec: 59,353 | bf16_mfu: 0.00 | epoch: 1 pq: 0 rg: 5 | total time: 0.39m | eta: 326.2m
step 00053/35280 (0.15%) | loss: 6.551357 | lrm: 1.00 | dt: 557.12ms | tok/sec: 58,816 | bf16_mfu: 0.00 | epoch: 1 pq: 0 rg: 5 | total time: 0.40m | eta: 326.2m
step 00054/35280 (0.15%) | loss: 6.527357 | lrm: 1.00 | dt: 552.24ms | tok/sec: 59,336 | bf16_mfu: 0.00 | epoch: 1 pq: 0 rg: 5 | total time: 0.41m | eta: 326.2m
step 00055/35280 (0.16%) | loss: 6.501729 | lrm: 1.00 | dt: 553.19ms | tok/sec: 59,234 | bf16_mfu: 0.00 | epoch: 1 pq: 0 rg: 5 | total time: 0.42m | eta: 326.1m
step 00056/35280 (0.16%) | loss: 6.482533 | lrm: 1.00 | dt: 552.23ms | tok/sec: 59,337 | bf16_mfu: 0.00 | epoch: 1 pq: 0 rg: 5 | total time: 0.43m | eta: 326.1m
step 00057/35280 (0.16%) | loss: 6.447579 | lrm: 1.00 | dt: 553.66ms | tok/sec: 59,184 | bf16_mfu: 0.00 | epoch: 1 pq: 0 rg: 5 | total time: 0.44m | eta: 326.1m
step 00058/35280 (0.16%) | loss: 6.443403 | lrm: 1.00 | dt: 553.60ms | tok/sec: 59,191 | bf16_mfu: 0.00 | epoch: 1 pq: 0 rg: 5 | total time: 0.44m | eta: 326.0m
step 00059/35280 (0.17%) | loss: 6.442581 | lrm: 1.00 | dt: 559.64ms | tok/sec: 58,552 | bf16_mfu: 0.00 | epoch: 1 pq: 0 rg: 5 | total time: 0.45m | eta: 326.1m
step 00060/35280 (0.17%) | loss: 6.432437 | lrm: 1.00 | dt: 551.52ms | tok/sec: 59,414 | bf16_mfu: 0.00 | epoch: 1 pq: 0 rg: 5 | total time: 0.46m | eta: 326.0m
step 00061/35280 (0.17%) | loss: 6.404216 | lrm: 1.00 | dt: 552.74ms | tok/sec: 59,283 | bf16_mfu: 0.00 | epoch: 1 pq: 0 rg: 5 | total time: 0.47m | eta: 326.0m
step 00062/35280 (0.18%) | loss: 6.383577 | lrm: 1.00 | dt: 553.07ms | tok/sec: 59,247 | bf16_mfu: 0.00 | epoch: 1 pq: 0 rg: 5 | total time: 0.48m | eta: 325.9m
step 00063/35280 (0.18%) | loss: 6.366982 | lrm: 1.00 | dt: 552.70ms | tok/sec: 59,287 | bf16_mfu: 0.00 | epoch: 1 pq: 0 rg: 5 | total time: 0.49m | eta: 325.9m
step 00064/35280 (0.18%) | loss: 6.351642 | lrm: 1.00 | dt: 575.53ms | tok/sec: 56,935 | bf16_mfu: 0.00 | epoch: 1 pq: 0 rg: 6 | total time: 0.50m | eta: 326.1m
step 00065/35280 (0.18%) | loss: 6.346717 | lrm: 1.00 | dt: 552.44ms | tok/sec: 59,315 | bf16_mfu: 0.00 | epoch: 1 pq: 0 rg: 6 | total time: 0.51m | eta: 326.1m
step 00066/35280 (0.19%) | loss: 6.333663 | lrm: 1.00 | dt: 555.32ms | tok/sec: 59,007 | bf16_mfu: 0.00 | epoch: 1 pq: 0 rg: 6 | total time: 0.52m | eta: 326.1m
step 00067/35280 (0.19%) | loss: 6.315483 | lrm: 1.00 | dt: 554.53ms | tok/sec: 59,091 | bf16_mfu: 0.00 | epoch: 1 pq: 0 rg: 6 | total time: 0.53m | eta: 326.0m
step 00068/35280 (0.19%) | loss: 6.299591 | lrm: 1.00 | dt: 559.61ms | tok/sec: 58,554 | bf16_mfu: 0.00 | epoch: 1 pq: 0 rg: 6 | total time: 0.54m | eta: 326.1m
step 00069/35280 (0.20%) | loss: 6.269879 | lrm: 1.00 | dt: 564.89ms | tok/sec: 58,007 | bf16_mfu: 0.00 | epoch: 1 pq: 0 rg: 6 | total time: 0.55m | eta: 326.2m
step 00070/35280 (0.20%) | loss: 6.252543 | lrm: 1.00 | dt: 564.47ms | tok/sec: 58,050 | bf16_mfu: 0.00 | epoch: 1 pq: 0 rg: 6 | total time: 0.56m | eta: 326.2m
step 00071/35280 (0.20%) | loss: 6.254747 | lrm: 1.00 | dt: 569.72ms | tok/sec: 57,515 | bf16_mfu: 0.00 | epoch: 1 pq: 0 rg: 6 | total time: 0.57m | eta: 326.3m
step 00072/35280 (0.20%) | loss: 6.250137 | lrm: 1.00 | dt: 568.98ms | tok/sec: 57,590 | bf16_mfu: 0.00 | epoch: 1 pq: 0 rg: 6 | total time: 0.57m | eta: 326.5m
step 00073/35280 (0.21%) | loss: 6.243472 | lrm: 1.00 | dt: 567.46ms | tok/sec: 57,745 | bf16_mfu: 0.00 | epoch: 1 pq: 0 rg: 6 | total time: 0.58m | eta: 326.6m
step 00074/35280 (0.21%) | loss: 6.223804 | lrm: 1.00 | dt: 564.99ms | tok/sec: 57,997 | bf16_mfu: 0.00 | epoch: 1 pq: 0 rg: 6 | total time: 0.59m | eta: 326.6m
step 00075/35280 (0.21%) | loss: 6.205363 | lrm: 1.00 | dt: 575.76ms | tok/sec: 56,912 | bf16_mfu: 0.00 | epoch: 1 pq: 0 rg: 6 | total time: 0.60m | eta: 326.8m
step 00076/35280 (0.22%) | loss: 6.200938 | lrm: 1.00 | dt: 578.22ms | tok/sec: 56,669 | bf16_mfu: 0.00 | epoch: 1 pq: 0 rg: 6 | total time: 0.61m | eta: 327.0m
step 00077/35280 (0.22%) | loss: 6.182520 | lrm: 1.00 | dt: 566.53ms | tok/sec: 57,839 | bf16_mfu: 0.00 | epoch: 1 pq: 0 rg: 6 | total time: 0.62m | eta: 327.0m
step 00078/35280 (0.22%) | loss: 6.164959 | lrm: 1.00 | dt: 575.75ms | tok/sec: 56,913 | bf16_mfu: 0.00 | epoch: 1 pq: 0 rg: 7 | total time: 0.63m | eta: 327.2m
step 00079/35280 (0.22%) | loss: 6.174334 | lrm: 1.00 | dt: 566.66ms | tok/sec: 57,826 | bf16_mfu: 0.00 | epoch: 1 pq: 0 rg: 7 | total time: 0.64m | eta: 327.3m
step 00080/35280 (0.23%) | loss: 6.156125 | lrm: 1.00 | dt: 565.99ms | tok/sec: 57,894 | bf16_mfu: 0.00 | epoch: 1 pq: 0 rg: 7 | total time: 0.65m | eta: 327.3m
step 00081/35280 (0.23%) | loss: 6.176256 | lrm: 1.00 | dt: 569.70ms | tok/sec: 57,518 | bf16_mfu: 0.00 | epoch: 1 pq: 0 rg: 7 | total time: 0.66m | eta: 327.4m
step 00082/35280 (0.23%) | loss: 6.171476 | lrm: 1.00 | dt: 556.58ms | tok/sec: 58,873 | bf16_mfu: 0.00 | epoch: 1 pq: 0 rg: 7 | total time: 0.67m | eta: 327.4m
step 00083/35280 (0.24%) | loss: 6.164885 | lrm: 1.00 | dt: 551.50ms | tok/sec: 59,415 | bf16_mfu: 0.00 | epoch: 1 pq: 0 rg: 7 | total time: 0.68m | eta: 327.3m
step 00084/35280 (0.24%) | loss: 6.146461 | lrm: 1.00 | dt: 551.02ms | tok/sec: 59,468 | bf16_mfu: 0.00 | epoch: 1 pq: 0 rg: 7 | total time: 0.69m | eta: 327.3m
step 00085/35280 (0.24%) | loss: 6.141856 | lrm: 1.00 | dt: 558.43ms | tok/sec: 58,679 | bf16_mfu: 0.00 | epoch: 1 pq: 0 rg: 7 | total time: 0.70m | eta: 327.2m
step 00086/35280 (0.24%) | loss: 6.113547 | lrm: 1.00 | dt: 553.26ms | tok/sec: 59,227 | bf16_mfu: 0.00 | epoch: 1 pq: 0 rg: 7 | total time: 0.71m | eta: 327.2m
step 00087/35280 (0.25%) | loss: 6.103228 | lrm: 1.00 | dt: 548.94ms | tok/sec: 59,693 | bf16_mfu: 0.00 | epoch: 1 pq: 0 rg: 7 | total time: 0.72m | eta: 327.1m
step 00088/35280 (0.25%) | loss: 6.087844 | lrm: 1.00 | dt: 549.45ms | tok/sec: 59,637 | bf16_mfu: 0.00 | epoch: 1 pq: 0 rg: 7 | total time: 0.72m | eta: 327.1m
step 00089/35280 (0.25%) | loss: 6.076835 | lrm: 1.00 | dt: 548.55ms | tok/sec: 59,735 | bf16_mfu: 0.00 | epoch: 1 pq: 0 rg: 7 | total time: 0.73m | eta: 327.0m
step 00090/35280 (0.26%) | loss: 6.055769 | lrm: 1.00 | dt: 547.94ms | tok/sec: 59,802 | bf16_mfu: 0.00 | epoch: 1 pq: 0 rg: 7 | total time: 0.74m | eta: 326.9m
step 00091/35280 (0.26%) | loss: 6.044848 | lrm: 1.00 | dt: 558.81ms | tok/sec: 58,639 | bf16_mfu: 0.00 | epoch: 1 pq: 0 rg: 8 | total time: 0.75m | eta: 326.9m
step 00092/35280 (0.26%) | loss: 6.041808 | lrm: 1.00 | dt: 549.64ms | tok/sec: 59,617 | bf16_mfu: 0.00 | epoch: 1 pq: 0 rg: 8 | total time: 0.76m | eta: 326.8m
step 00093/35280 (0.26%) | loss: 6.039114 | lrm: 1.00 | dt: 571.91ms | tok/sec: 57,296 | bf16_mfu: 0.00 | epoch: 1 pq: 0 rg: 8 | total time: 0.77m | eta: 326.9m
step 00094/35280 (0.27%) | loss: 6.035082 | lrm: 1.00 | dt: 549.87ms | tok/sec: 59,592 | bf16_mfu: 0.00 | epoch: 1 pq: 0 rg: 8 | total time: 0.78m | eta: 326.9m
step 00095/35280 (0.27%) | loss: 6.038921 | lrm: 1.00 | dt: 549.08ms | tok/sec: 59,677 | bf16_mfu: 0.00 | epoch: 1 pq: 0 rg: 8 | total time: 0.79m | eta: 326.8m
step 00096/35280 (0.27%) | loss: 6.030296 | lrm: 1.00 | dt: 548.94ms | tok/sec: 59,693 | bf16_mfu: 0.00 | epoch: 1 pq: 0 rg: 8 | total time: 0.80m | eta: 326.7m
step 00097/35280 (0.27%) | loss: 6.018650 | lrm: 1.00 | dt: 549.21ms | tok/sec: 59,663 | bf16_mfu: 0.00 | epoch: 1 pq: 0 rg: 8 | total time: 0.81m | eta: 326.7m
step 00098/35280 (0.28%) | loss: 6.018458 | lrm: 1.00 | dt: 548.13ms | tok/sec: 59,781 | bf16_mfu: 0.00 | epoch: 1 pq: 0 rg: 8 | total time: 0.82m | eta: 326.6m
step 00099/35280 (0.28%) | loss: 5.992026 | lrm: 1.00 | dt: 548.25ms | tok/sec: 59,768 | bf16_mfu: 0.00 | epoch: 1 pq: 0 rg: 8 | total time: 0.83m | eta: 326.5m
step 00100/35280 (0.28%) | loss: 5.986578 | lrm: 1.00 | dt: 548.25ms | tok/sec: 59,768 | bf16_mfu: 0.00 | epoch: 1 pq: 0 rg: 8 | total time: 0.84m | eta: 326.5m
step 00101/35280 (0.29%) | loss: 5.979606 | lrm: 1.00 | dt: 552.26ms | tok/sec: 59,334 | bf16_mfu: 0.00 | epoch: 1 pq: 0 rg: 8 | total time: 0.84m | eta: 326.4m
step 00102/35280 (0.29%) | loss: 5.965384 | lrm: 1.00 | dt: 546.79ms | tok/sec: 59,928 | bf16_mfu: 0.00 | epoch: 1 pq: 0 rg: 8 | total time: 0.85m | eta: 326.4m
step 00103/35280 (0.29%) | loss: 5.957146 | lrm: 1.00 | dt: 547.13ms | tok/sec: 59,890 | bf16_mfu: 0.00 | epoch: 1 pq: 0 rg: 8 | total time: 0.86m | eta: 326.3m
step 00104/35280 (0.29%) | loss: 5.947724 | lrm: 1.00 | dt: 546.54ms | tok/sec: 59,954 | bf16_mfu: 0.00 | epoch: 1 pq: 0 rg: 8 | total time: 0.87m | eta: 326.2m
step 00105/35280 (0.30%) | loss: 5.940893 | lrm: 1.00 | dt: 562.69ms | tok/sec: 58,234 | bf16_mfu: 0.00 | epoch: 1 pq: 0 rg: 9 | total time: 0.88m | eta: 326.2m
step 00106/35280 (0.30%) | loss: 5.913552 | lrm: 1.00 | dt: 548.57ms | tok/sec: 59,733 | bf16_mfu: 0.00 | epoch: 1 pq: 0 rg: 9 | total time: 0.89m | eta: 326.2m
step 00107/35280 (0.30%) | loss: 5.897507 | lrm: 1.00 | dt: 547.53ms | tok/sec: 59,847 | bf16_mfu: 0.00 | epoch: 1 pq: 0 rg: 9 | total time: 0.90m | eta: 326.1m
step 00108/35280 (0.31%) | loss: 5.897058 | lrm: 1.00 | dt: 548.13ms | tok/sec: 59,781 | bf16_mfu: 0.00 | epoch: 1 pq: 0 rg: 9 | total time: 0.91m | eta: 326.1m
step 00109/35280 (0.31%) | loss: 5.873994 | lrm: 1.00 | dt: 547.79ms | tok/sec: 59,818 | bf16_mfu: 0.00 | epoch: 1 pq: 0 rg: 9 | total time: 0.92m | eta: 326.0m
step 00110/35280 (0.31%) | loss: 5.870568 | lrm: 1.00 | dt: 547.40ms | tok/sec: 59,861 | bf16_mfu: 0.00 | epoch: 1 pq: 0 rg: 9 | total time: 0.93m | eta: 325.9m
step 00111/35280 (0.31%) | loss: 5.858175 | lrm: 1.00 | dt: 559.77ms | tok/sec: 58,538 | bf16_mfu: 0.00 | epoch: 1 pq: 0 rg: 9 | total time: 0.94m | eta: 326.0m
step 00112/35280 (0.32%) | loss: 5.855423 | lrm: 1.00 | dt: 549.26ms | tok/sec: 59,658 | bf16_mfu: 0.00 | epoch: 1 pq: 0 rg: 9 | total time: 0.95m | eta: 325.9m
step 00113/35280 (0.32%) | loss: 5.830477 | lrm: 1.00 | dt: 556.21ms | tok/sec: 58,913 | bf16_mfu: 0.00 | epoch: 1 pq: 0 rg: 9 | total time: 0.95m | eta: 325.9m
step 00114/35280 (0.32%) | loss: 5.825523 | lrm: 1.00 | dt: 546.85ms | tok/sec: 59,921 | bf16_mfu: 0.00 | epoch: 1 pq: 0 rg: 9 | total time: 0.96m | eta: 325.8m
step 00115/35280 (0.33%) | loss: 5.818145 | lrm: 1.00 | dt: 552.63ms | tok/sec: 59,294 | bf16_mfu: 0.00 | epoch: 1 pq: 0 rg: 9 | total time: 0.97m | eta: 325.8m
step 00116/35280 (0.33%) | loss: 5.808226 | lrm: 1.00 | dt: 552.17ms | tok/sec: 59,343 | bf16_mfu: 0.00 | epoch: 1 pq: 0 rg: 9 | total time: 0.98m | eta: 325.8m
step 00117/35280 (0.33%) | loss: 5.793690 | lrm: 1.00 | dt: 547.49ms | tok/sec: 59,850 | bf16_mfu: 0.00 | epoch: 1 pq: 0 rg: 9 | total time: 0.99m | eta: 325.7m
step 00118/35280 (0.33%) | loss: 5.786985 | lrm: 1.00 | dt: 560.04ms | tok/sec: 58,509 | bf16_mfu: 0.00 | epoch: 1 pq: 0 rg: 10 | total time: 1.00m | eta: 325.7m
step 00119/35280 (0.34%) | loss: 5.783862 | lrm: 1.00 | dt: 549.87ms | tok/sec: 59,592 | bf16_mfu: 0.00 | epoch: 1 pq: 0 rg: 10 | total time: 1.01m | eta: 325.7m
step 00120/35280 (0.34%) | loss: 5.766858 | lrm: 1.00 | dt: 548.93ms | tok/sec: 59,694 | bf16_mfu: 0.00 | epoch: 1 pq: 0 rg: 10 | total time: 1.02m | eta: 325.7m
step 00121/35280 (0.34%) | loss: 5.768730 | lrm: 1.00 | dt: 549.01ms | tok/sec: 59,685 | bf16_mfu: 0.00 | epoch: 1 pq: 0 rg: 10 | total time: 1.03m | eta: 325.6m
step 00122/35280 (0.35%) | loss: 5.754343 | lrm: 1.00 | dt: 549.31ms | tok/sec: 59,653 | bf16_mfu: 0.00 | epoch: 1 pq: 0 rg: 10 | total time: 1.04m | eta: 325.6m
step 00123/35280 (0.35%) | loss: 5.751598 | lrm: 1.00 | dt: 550.09ms | tok/sec: 59,568 | bf16_mfu: 0.00 | epoch: 1 pq: 0 rg: 10 | total time: 1.05m | eta: 325.5m
step 00124/35280 (0.35%) | loss: 5.733736 | lrm: 1.00 | dt: 552.77ms | tok/sec: 59,279 | bf16_mfu: 0.00 | epoch: 1 pq: 0 rg: 10 | total time: 1.06m | eta: 325.5m
step 00125/35280 (0.35%) | loss: 5.721024 | lrm: 1.00 | dt: 547.52ms | tok/sec: 59,848 | bf16_mfu: 0.00 | epoch: 1 pq: 0 rg: 10 | total time: 1.06m | eta: 325.5m
step 00126/35280 (0.36%) | loss: 5.696680 | lrm: 1.00 | dt: 548.37ms | tok/sec: 59,754 | bf16_mfu: 0.00 | epoch: 1 pq: 0 rg: 10 | total time: 1.07m | eta: 325.4m
step 00127/35280 (0.36%) | loss: 5.658775 | lrm: 1.00 | dt: 547.08ms | tok/sec: 59,896 | bf16_mfu: 0.00 | epoch: 1 pq: 0 rg: 10 | total time: 1.08m | eta: 325.4m
step 00128/35280 (0.36%) | loss: 5.655018 | lrm: 1.00 | dt: 547.03ms | tok/sec: 59,901 | bf16_mfu: 0.00 | epoch: 1 pq: 0 rg: 10 | total time: 1.09m | eta: 325.3m
step 00129/35280 (0.37%) | loss: 5.652219 | lrm: 1.00 | dt: 548.05ms | tok/sec: 59,789 | bf16_mfu: 0.00 | epoch: 1 pq: 0 rg: 10 | total time: 1.10m | eta: 325.3m
step 00130/35280 (0.37%) | loss: 5.658195 | lrm: 1.00 | dt: 547.87ms | tok/sec: 59,809 | bf16_mfu: 0.00 | epoch: 1 pq: 0 rg: 10 | total time: 1.11m | eta: 325.2m
step 00131/35280 (0.37%) | loss: 5.622439 | lrm: 1.00 | dt: 558.86ms | tok/sec: 58,634 | bf16_mfu: 0.00 | epoch: 1 pq: 0 rg: 11 | total time: 1.12m | eta: 325.2m
step 00132/35280 (0.37%) | loss: 5.601287 | lrm: 1.00 | dt: 548.02ms | tok/sec: 59,792 | bf16_mfu: 0.00 | epoch: 1 pq: 0 rg: 11 | total time: 1.13m | eta: 325.2m
step 00133/35280 (0.38%) | loss: 5.624952 | lrm: 1.00 | dt: 549.57ms | tok/sec: 59,624 | bf16_mfu: 0.00 | epoch: 1 pq: 0 rg: 11 | total time: 1.14m | eta: 325.2m
step 00134/35280 (0.38%) | loss: 5.615751 | lrm: 1.00 | dt: 551.70ms | tok/sec: 59,394 | bf16_mfu: 0.00 | epoch: 1 pq: 0 rg: 11 | total time: 1.15m | eta: 325.1m
step 00135/35280 (0.38%) | loss: 5.607340 | lrm: 1.00 | dt: 550.47ms | tok/sec: 59,527 | bf16_mfu: 0.00 | epoch: 1 pq: 0 rg: 11 | total time: 1.16m | eta: 325.1m
step 00136/35280 (0.39%) | loss: 5.607532 | lrm: 1.00 | dt: 550.51ms | tok/sec: 59,523 | bf16_mfu: 0.00 | epoch: 1 pq: 0 rg: 11 | total time: 1.17m | eta: 325.1m
step 00137/35280 (0.39%) | loss: 5.597612 | lrm: 1.00 | dt: 555.36ms | tok/sec: 59,002 | bf16_mfu: 0.00 | epoch: 1 pq: 0 rg: 11 | total time: 1.17m | eta: 325.1m
step 00138/35280 (0.39%) | loss: 5.593404 | lrm: 1.00 | dt: 551.33ms | tok/sec: 59,434 | bf16_mfu: 0.00 | epoch: 1 pq: 0 rg: 11 | total time: 1.18m | eta: 325.0m
step 00139/35280 (0.39%) | loss: 5.578257 | lrm: 1.00 | dt: 559.26ms | tok/sec: 58,591 | bf16_mfu: 0.00 | epoch: 1 pq: 0 rg: 11 | total time: 1.19m | eta: 325.0m
step 00140/35280 (0.40%) | loss: 5.560285 | lrm: 1.00 | dt: 552.28ms | tok/sec: 59,331 | bf16_mfu: 0.00 | epoch: 1 pq: 0 rg: 11 | total time: 1.20m | eta: 325.0m
step 00141/35280 (0.40%) | loss: 5.552747 | lrm: 1.00 | dt: 551.97ms | tok/sec: 59,365 | bf16_mfu: 0.00 | epoch: 1 pq: 0 rg: 11 | total time: 1.21m | eta: 325.0m
step 00142/35280 (0.40%) | loss: 5.527905 | lrm: 1.00 | dt: 552.84ms | tok/sec: 59,272 | bf16_mfu: 0.00 | epoch: 1 pq: 0 rg: 11 | total time: 1.22m | eta: 325.0m
step 00143/35280 (0.41%) | loss: 5.532534 | lrm: 1.00 | dt: 550.78ms | tok/sec: 59,493 | bf16_mfu: 0.00 | epoch: 1 pq: 0 rg: 11 | total time: 1.23m | eta: 325.0m
step 00144/35280 (0.41%) | loss: 5.520221 | lrm: 1.00 | dt: 552.09ms | tok/sec: 59,353 | bf16_mfu: 0.00 | epoch: 1 pq: 0 rg: 11 | total time: 1.24m | eta: 324.9m
step 00145/35280 (0.41%) | loss: 5.510501 | lrm: 1.00 | dt: 551.28ms | tok/sec: 59,439 | bf16_mfu: 0.00 | epoch: 1 pq: 0 rg: 11 | total time: 1.25m | eta: 324.9m
step 00146/35280 (0.41%) | loss: 5.500230 | lrm: 1.00 | dt: 572.54ms | tok/sec: 57,233 | bf16_mfu: 0.00 | epoch: 1 pq: 0 rg: 12 | total time: 1.26m | eta: 325.0m
step 00147/35280 (0.42%) | loss: 5.492704 | lrm: 1.00 | dt: 550.60ms | tok/sec: 59,513 | bf16_mfu: 0.00 | epoch: 1 pq: 0 rg: 12 | total time: 1.27m | eta: 324.9m
step 00148/35280 (0.42%) | loss: 5.504664 | lrm: 1.00 | dt: 556.39ms | tok/sec: 58,894 | bf16_mfu: 0.00 | epoch: 1 pq: 0 rg: 12 | total time: 1.28m | eta: 324.9m
step 00149/35280 (0.42%) | loss: 5.527016 | lrm: 1.00 | dt: 549.84ms | tok/sec: 59,595 | bf16_mfu: 0.00 | epoch: 1 pq: 0 rg: 12 | total time: 1.29m | eta: 324.9m
step 00150/35280 (0.43%) | loss: 5.512861 | lrm: 1.00 | dt: 554.17ms | tok/sec: 59,129 | bf16_mfu: 0.00 | epoch: 1 pq: 0 rg: 12 | total time: 1.29m | eta: 324.9m
step 00151/35280 (0.43%) | loss: 5.493454 | lrm: 1.00 | dt: 549.30ms | tok/sec: 59,653 | bf16_mfu: 0.00 | epoch: 1 pq: 0 rg: 12 | total time: 1.30m | eta: 324.9m
step 00152/35280 (0.43%) | loss: 5.478177 | lrm: 1.00 | dt: 549.15ms | tok/sec: 59,670 | bf16_mfu: 0.00 | epoch: 1 pq: 0 rg: 12 | total time: 1.31m | eta: 324.8m
step 00153/35280 (0.43%) | loss: 5.468268 | lrm: 1.00 | dt: 553.53ms | tok/sec: 59,197 | bf16_mfu: 0.00 | epoch: 1 pq: 0 rg: 12 | total time: 1.32m | eta: 324.8m
step 00154/35280 (0.44%) | loss: 5.471780 | lrm: 1.00 | dt: 548.38ms | tok/sec: 59,753 | bf16_mfu: 0.00 | epoch: 1 pq: 0 rg: 12 | total time: 1.33m | eta: 324.8m
step 00155/35280 (0.44%) | loss: 5.461018 | lrm: 1.00 | dt: 553.72ms | tok/sec: 59,177 | bf16_mfu: 0.00 | epoch: 1 pq: 0 rg: 12 | total time: 1.34m | eta: 324.8m
step 00156/35280 (0.44%) | loss: 5.456251 | lrm: 1.00 | dt: 549.48ms | tok/sec: 59,634 | bf16_mfu: 0.00 | epoch: 1 pq: 0 rg: 12 | total time: 1.35m | eta: 324.7m
step 00157/35280 (0.45%) | loss: 5.438169 | lrm: 1.00 | dt: 552.22ms | tok/sec: 59,338 | bf16_mfu: 0.00 | epoch: 1 pq: 0 rg: 12 | total time: 1.36m | eta: 324.7m
step 00158/35280 (0.45%) | loss: 5.443280 | lrm: 1.00 | dt: 548.35ms | tok/sec: 59,757 | bf16_mfu: 0.00 | epoch: 1 pq: 0 rg: 12 | total time: 1.37m | eta: 324.7m
step 00159/35280 (0.45%) | loss: 5.452348 | lrm: 1.00 | dt: 549.63ms | tok/sec: 59,618 | bf16_mfu: 0.00 | epoch: 1 pq: 0 rg: 12 | total time: 1.38m | eta: 324.7m
step 00160/35280 (0.45%) | loss: 5.437476 | lrm: 1.00 | dt: 550.14ms | tok/sec: 59,562 | bf16_mfu: 0.00 | epoch: 1 pq: 0 rg: 12 | total time: 1.39m | eta: 324.6m
step 00161/35280 (0.46%) | loss: 5.416318 | lrm: 1.00 | dt: 560.19ms | tok/sec: 58,494 | bf16_mfu: 0.00 | epoch: 1 pq: 0 rg: 13 | total time: 1.40m | eta: 324.6m
step 00162/35280 (0.46%) | loss: 5.398982 | lrm: 1.00 | dt: 555.13ms | tok/sec: 59,027 | bf16_mfu: 0.00 | epoch: 1 pq: 0 rg: 13 | total time: 1.41m | eta: 324.6m
step 00163/35280 (0.46%) | loss: 5.389265 | lrm: 1.00 | dt: 548.92ms | tok/sec: 59,695 | bf16_mfu: 0.00 | epoch: 1 pq: 0 rg: 13 | total time: 1.41m | eta: 324.6m
step 00164/35280 (0.46%) | loss: 5.392769 | lrm: 1.00 | dt: 551.21ms | tok/sec: 59,447 | bf16_mfu: 0.00 | epoch: 1 pq: 0 rg: 13 | total time: 1.42m | eta: 324.6m
step 00165/35280 (0.47%) | loss: 5.404521 | lrm: 1.00 | dt: 549.10ms | tok/sec: 59,676 | bf16_mfu: 0.00 | epoch: 1 pq: 0 rg: 13 | total time: 1.43m | eta: 324.6m
step 00166/35280 (0.47%) | loss: 5.397533 | lrm: 1.00 | dt: 549.27ms | tok/sec: 59,656 | bf16_mfu: 0.00 | epoch: 1 pq: 0 rg: 13 | total time: 1.44m | eta: 324.5m
step 00167/35280 (0.47%) | loss: 5.373822 | lrm: 1.00 | dt: 558.13ms | tok/sec: 58,710 | bf16_mfu: 0.00 | epoch: 1 pq: 0 rg: 13 | total time: 1.45m | eta: 324.5m
step 00168/35280 (0.48%) | loss: 5.372125 | lrm: 1.00 | dt: 560.90ms | tok/sec: 58,420 | bf16_mfu: 0.00 | epoch: 1 pq: 0 rg: 13 | total time: 1.46m | eta: 324.5m
step 00169/35280 (0.48%) | loss: 5.389726 | lrm: 1.00 | dt: 560.70ms | tok/sec: 58,441 | bf16_mfu: 0.00 | epoch: 1 pq: 0 rg: 13 | total time: 1.47m | eta: 324.6m
step 00170/35280 (0.48%) | loss: 5.376089 | lrm: 1.00 | dt: 559.70ms | tok/sec: 58,545 | bf16_mfu: 0.00 | epoch: 1 pq: 0 rg: 13 | total time: 1.48m | eta: 324.6m
step 00171/35280 (0.48%) | loss: 5.381088 | lrm: 1.00 | dt: 569.75ms | tok/sec: 57,513 | bf16_mfu: 0.00 | epoch: 1 pq: 0 rg: 13 | total time: 1.49m | eta: 324.6m
step 00172/35280 (0.49%) | loss: 5.379744 | lrm: 1.00 | dt: 563.90ms | tok/sec: 58,109 | bf16_mfu: 0.00 | epoch: 1 pq: 0 rg: 13 | total time: 1.50m | eta: 324.6m
step 00173/35280 (0.49%) | loss: 5.356309 | lrm: 1.00 | dt: 596.04ms | tok/sec: 54,976 | bf16_mfu: 0.00 | epoch: 1 pq: 0 rg: 13 | total time: 1.51m | eta: 324.8m
step 00174/35280 (0.49%) | loss: 5.338023 | lrm: 1.00 | dt: 563.30ms | tok/sec: 58,171 | bf16_mfu: 0.00 | epoch: 1 pq: 0 rg: 13 | total time: 1.52m | eta: 324.8m
step 00175/35280 (0.50%) | loss: 5.332513 | lrm: 1.00 | dt: 577.94ms | tok/sec: 56,698 | bf16_mfu: 0.00 | epoch: 1 pq: 0 rg: 14 | total time: 1.53m | eta: 324.9m
step 00176/35280 (0.50%) | loss: 5.327676 | lrm: 1.00 | dt: 563.84ms | tok/sec: 58,115 | bf16_mfu: 0.00 | epoch: 1 pq: 0 rg: 14 | total time: 1.54m | eta: 324.9m
step 00177/35280 (0.50%) | loss: 5.297860 | lrm: 1.00 | dt: 568.67ms | tok/sec: 57,621 | bf16_mfu: 0.00 | epoch: 1 pq: 0 rg: 14 | total time: 1.55m | eta: 324.9m
step 00178/35280 (0.50%) | loss: 5.309552 | lrm: 1.00 | dt: 565.16ms | tok/sec: 57,980 | bf16_mfu: 0.00 | epoch: 1 pq: 0 rg: 14 | total time: 1.56m | eta: 324.9m
step 00179/35280 (0.51%) | loss: 5.294825 | lrm: 1.00 | dt: 570.32ms | tok/sec: 57,455 | bf16_mfu: 0.00 | epoch: 1 pq: 0 rg: 14 | total time: 1.56m | eta: 325.0m
step 00180/35280 (0.51%) | loss: 5.284154 | lrm: 1.00 | dt: 564.82ms | tok/sec: 58,014 | bf16_mfu: 0.00 | epoch: 1 pq: 0 rg: 14 | total time: 1.57m | eta: 325.0m
step 00181/35280 (0.51%) | loss: 5.279234 | lrm: 1.00 | dt: 584.03ms | tok/sec: 56,106 | bf16_mfu: 0.00 | epoch: 1 pq: 0 rg: 14 | total time: 1.58m | eta: 325.1m
step 00182/35280 (0.52%) | loss: 5.255977 | lrm: 1.00 | dt: 565.46ms | tok/sec: 57,948 | bf16_mfu: 0.00 | epoch: 1 pq: 0 rg: 14 | total time: 1.59m | eta: 325.1m
step 00183/35280 (0.52%) | loss: 5.247026 | lrm: 1.00 | dt: 564.37ms | tok/sec: 58,060 | bf16_mfu: 0.00 | epoch: 1 pq: 0 rg: 14 | total time: 1.60m | eta: 325.1m
step 00184/35280 (0.52%) | loss: 5.247785 | lrm: 1.00 | dt: 564.66ms | tok/sec: 58,031 | bf16_mfu: 0.00 | epoch: 1 pq: 0 rg: 14 | total time: 1.61m | eta: 325.2m
step 00185/35280 (0.52%) | loss: 5.224603 | lrm: 1.00 | dt: 564.52ms | tok/sec: 58,045 | bf16_mfu: 0.00 | epoch: 1 pq: 0 rg: 14 | total time: 1.62m | eta: 325.2m
step 00186/35280 (0.53%) | loss: 5.214890 | lrm: 1.00 | dt: 570.29ms | tok/sec: 57,458 | bf16_mfu: 0.00 | epoch: 1 pq: 0 rg: 14 | total time: 1.63m | eta: 325.2m
step 00187/35280 (0.53%) | loss: 5.219899 | lrm: 1.00 | dt: 564.84ms | tok/sec: 58,012 | bf16_mfu: 0.00 | epoch: 1 pq: 0 rg: 14 | total time: 1.64m | eta: 325.2m
step 00188/35280 (0.53%) | loss: 5.212539 | lrm: 1.00 | dt: 568.65ms | tok/sec: 57,624 | bf16_mfu: 0.00 | epoch: 1 pq: 0 rg: 14 | total time: 1.65m | eta: 325.3m
step 00189/35280 (0.54%) | loss: 5.192927 | lrm: 1.00 | dt: 564.19ms | tok/sec: 58,079 | bf16_mfu: 0.00 | epoch: 1 pq: 0 rg: 14 | total time: 1.66m | eta: 325.3m
step 00190/35280 (0.54%) | loss: 5.198118 | lrm: 1.00 | dt: 589.16ms | tok/sec: 55,617 | bf16_mfu: 0.00 | epoch: 1 pq: 0 rg: 15 | total time: 1.67m | eta: 325.4m
step 00191/35280 (0.54%) | loss: 5.184486 | lrm: 1.00 | dt: 566.17ms | tok/sec: 57,876 | bf16_mfu: 0.00 | epoch: 1 pq: 0 rg: 15 | total time: 1.68m | eta: 325.4m
step 00192/35280 (0.54%) | loss: 5.176880 | lrm: 1.00 | dt: 567.68ms | tok/sec: 57,723 | bf16_mfu: 0.00 | epoch: 1 pq: 0 rg: 15 | total time: 1.69m | eta: 325.4m
step 00193/35280 (0.55%) | loss: 5.202377 | lrm: 1.00 | dt: 576.36ms | tok/sec: 56,853 | bf16_mfu: 0.00 | epoch: 1 pq: 0 rg: 15 | total time: 1.70m | eta: 325.5m
step 00194/35280 (0.55%) | loss: 5.198409 | lrm: 1.00 | dt: 565.00ms | tok/sec: 57,996 | bf16_mfu: 0.00 | epoch: 1 pq: 0 rg: 15 | total time: 1.71m | eta: 325.5m
step 00195/35280 (0.55%) | loss: 5.209931 | lrm: 1.00 | dt: 568.15ms | tok/sec: 57,674 | bf16_mfu: 0.00 | epoch: 1 pq: 0 rg: 15 | total time: 1.72m | eta: 325.5m
step 00196/35280 (0.56%) | loss: 5.199566 | lrm: 1.00 | dt: 563.73ms | tok/sec: 58,127 | bf16_mfu: 0.00 | epoch: 1 pq: 0 rg: 15 | total time: 1.73m | eta: 325.5m
step 00197/35280 (0.56%) | loss: 5.194450 | lrm: 1.00 | dt: 570.36ms | tok/sec: 57,451 | bf16_mfu: 0.00 | epoch: 1 pq: 0 rg: 15 | total time: 1.74m | eta: 325.6m
step 00198/35280 (0.56%) | loss: 5.210004 | lrm: 1.00 | dt: 565.99ms | tok/sec: 57,894 | bf16_mfu: 0.00 | epoch: 1 pq: 0 rg: 15 | total time: 1.74m | eta: 325.6m
step 00199/35280 (0.56%) | loss: 5.186271 | lrm: 1.00 | dt: 565.25ms | tok/sec: 57,971 | bf16_mfu: 0.00 | epoch: 1 pq: 0 rg: 15 | total time: 1.75m | eta: 325.6m
step 00200/35280 (0.57%) | loss: 5.186404 | lrm: 1.00 | dt: 564.45ms | tok/sec: 58,052 | bf16_mfu: 0.00 | epoch: 1 pq: 0 rg: 15 | total time: 1.76m | eta: 325.6m
step 00201/35280 (0.57%) | loss: 5.185571 | lrm: 1.00 | dt: 571.34ms | tok/sec: 57,352 | bf16_mfu: 0.00 | epoch: 1 pq: 0 rg: 15 | total time: 1.77m | eta: 325.7m
step 00202/35280 (0.57%) | loss: 5.186335 | lrm: 1.00 | dt: 564.16ms | tok/sec: 58,082 | bf16_mfu: 0.00 | epoch: 1 pq: 0 rg: 15 | total time: 1.78m | eta: 325.7m
step 00203/35280 (0.58%) | loss: 5.156589 | lrm: 1.00 | dt: 564.18ms | tok/sec: 58,081 | bf16_mfu: 0.00 | epoch: 1 pq: 0 rg: 15 | total time: 1.79m | eta: 325.7m
step 00204/35280 (0.58%) | loss: 5.153249 | lrm: 1.00 | dt: 595.86ms | tok/sec: 54,993 | bf16_mfu: 0.00 | epoch: 1 pq: 0 rg: 16 | total time: 1.80m | eta: 325.8m
step 00205/35280 (0.58%) | loss: 5.133504 | lrm: 1.00 | dt: 563.62ms | tok/sec: 58,138 | bf16_mfu: 0.00 | epoch: 1 pq: 0 rg: 16 | total time: 1.81m | eta: 325.8m
step 00206/35280 (0.58%) | loss: 5.123384 | lrm: 1.00 | dt: 564.84ms | tok/sec: 58,013 | bf16_mfu: 0.00 | epoch: 1 pq: 0 rg: 16 | total time: 1.82m | eta: 325.8m
step 00207/35280 (0.59%) | loss: 5.114971 | lrm: 1.00 | dt: 562.56ms | tok/sec: 58,248 | bf16_mfu: 0.00 | epoch: 1 pq: 0 rg: 16 | total time: 1.83m | eta: 325.8m
step 00208/35280 (0.59%) | loss: 5.125003 | lrm: 1.00 | dt: 567.16ms | tok/sec: 57,775 | bf16_mfu: 0.00 | epoch: 1 pq: 0 rg: 16 | total time: 1.84m | eta: 325.8m
step 00209/35280 (0.59%) | loss: 5.131525 | lrm: 1.00 | dt: 562.73ms | tok/sec: 58,230 | bf16_mfu: 0.00 | epoch: 1 pq: 0 rg: 16 | total time: 1.85m | eta: 325.9m
step 00210/35280 (0.60%) | loss: 5.136454 | lrm: 1.00 | dt: 563.66ms | tok/sec: 58,133 | bf16_mfu: 0.00 | epoch: 1 pq: 0 rg: 16 | total time: 1.86m | eta: 325.9m
step 00211/35280 (0.60%) | loss: 5.118422 | lrm: 1.00 | dt: 565.68ms | tok/sec: 57,927 | bf16_mfu: 0.00 | epoch: 1 pq: 0 rg: 16 | total time: 1.87m | eta: 325.9m
step 00212/35280 (0.60%) | loss: 5.102982 | lrm: 1.00 | dt: 579.90ms | tok/sec: 56,506 | bf16_mfu: 0.00 | epoch: 1 pq: 0 rg: 16 | total time: 1.88m | eta: 325.9m
step 00213/35280 (0.60%) | loss: 5.092555 | lrm: 1.00 | dt: 562.48ms | tok/sec: 58,256 | bf16_mfu: 0.00 | epoch: 1 pq: 0 rg: 16 | total time: 1.89m | eta: 325.9m
step 00214/35280 (0.61%) | loss: 5.093294 | lrm: 1.00 | dt: 562.68ms | tok/sec: 58,235 | bf16_mfu: 0.00 | epoch: 1 pq: 0 rg: 16 | total time: 1.90m | eta: 325.9m
step 00215/35280 (0.61%) | loss: 5.102795 | lrm: 1.00 | dt: 564.20ms | tok/sec: 58,079 | bf16_mfu: 0.00 | epoch: 1 pq: 0 rg: 16 | total time: 1.91m | eta: 326.0m
step 00216/35280 (0.61%) | loss: 5.088771 | lrm: 1.00 | dt: 564.37ms | tok/sec: 58,061 | bf16_mfu: 0.00 | epoch: 1 pq: 0 rg: 16 | total time: 1.92m | eta: 326.0m
step 00217/35280 (0.62%) | loss: 5.091656 | lrm: 1.00 | dt: 562.31ms | tok/sec: 58,273 | bf16_mfu: 0.00 | epoch: 1 pq: 0 rg: 16 | total time: 1.92m | eta: 326.0m
step 00218/35280 (0.62%) | loss: 5.074484 | lrm: 1.00 | dt: 560.32ms | tok/sec: 58,480 | bf16_mfu: 0.00 | epoch: 1 pq: 0 rg: 16 | total time: 1.93m | eta: 326.0m
step 00219/35280 (0.62%) | loss: 5.059430 | lrm: 1.00 | dt: 569.08ms | tok/sec: 57,580 | bf16_mfu: 0.00 | epoch: 1 pq: 0 rg: 17 | total time: 1.94m | eta: 326.0m
step 00220/35280 (0.62%) | loss: 5.064401 | lrm: 1.00 | dt: 560.65ms | tok/sec: 58,446 | bf16_mfu: 0.00 | epoch: 1 pq: 0 rg: 17 | total time: 1.95m | eta: 326.0m
step 00221/35280 (0.63%) | loss: 5.059639 | lrm: 1.00 | dt: 560.12ms | tok/sec: 58,502 | bf16_mfu: 0.00 | epoch: 1 pq: 0 rg: 17 | total time: 1.96m | eta: 326.0m
step 00222/35280 (0.63%) | loss: 5.058360 | lrm: 1.00 | dt: 561.00ms | tok/sec: 58,410 | bf16_mfu: 0.00 | epoch: 1 pq: 0 rg: 17 | total time: 1.97m | eta: 326.0m
step 00223/35280 (0.63%) | loss: 5.040613 | lrm: 1.00 | dt: 561.09ms | tok/sec: 58,400 | bf16_mfu: 0.00 | epoch: 1 pq: 0 rg: 17 | total time: 1.98m | eta: 326.0m
step 00224/35280 (0.63%) | loss: 5.027664 | lrm: 1.00 | dt: 560.07ms | tok/sec: 58,506 | bf16_mfu: 0.00 | epoch: 1 pq: 0 rg: 17 | total time: 1.99m | eta: 326.0m
step 00225/35280 (0.64%) | loss: 5.029669 | lrm: 1.00 | dt: 561.42ms | tok/sec: 58,365 | bf16_mfu: 0.00 | epoch: 1 pq: 0 rg: 17 | total time: 2.00m | eta: 326.0m
step 00226/35280 (0.64%) | loss: 5.021491 | lrm: 1.00 | dt: 560.19ms | tok/sec: 58,494 | bf16_mfu: 0.00 | epoch: 1 pq: 0 rg: 17 | total time: 2.01m | eta: 326.0m
step 00227/35280 (0.64%) | loss: 5.015458 | lrm: 1.00 | dt: 561.42ms | tok/sec: 58,366 | bf16_mfu: 0.00 | epoch: 1 pq: 0 rg: 17 | total time: 2.02m | eta: 326.0m
step 00228/35280 (0.65%) | loss: 5.017180 | lrm: 1.00 | dt: 559.64ms | tok/sec: 58,551 | bf16_mfu: 0.00 | epoch: 1 pq: 0 rg: 17 | total time: 2.03m | eta: 326.0m
step 00229/35280 (0.65%) | loss: 4.989570 | lrm: 1.00 | dt: 560.69ms | tok/sec: 58,442 | bf16_mfu: 0.00 | epoch: 1 pq: 0 rg: 17 | total time: 2.04m | eta: 326.0m
step 00230/35280 (0.65%) | loss: 5.008526 | lrm: 1.00 | dt: 560.60ms | tok/sec: 58,451 | bf16_mfu: 0.00 | epoch: 1 pq: 0 rg: 17 | total time: 2.05m | eta: 326.0m
step 00231/35280 (0.65%) | loss: 4.988958 | lrm: 1.00 | dt: 562.14ms | tok/sec: 58,291 | bf16_mfu: 0.00 | epoch: 1 pq: 0 rg: 17 | total time: 2.06m | eta: 326.0m
step 00232/35280 (0.66%) | loss: 4.989156 | lrm: 1.00 | dt: 561.37ms | tok/sec: 58,371 | bf16_mfu: 0.00 | epoch: 1 pq: 0 rg: 17 | total time: 2.06m | eta: 326.0m
step 00233/35280 (0.66%) | loss: 4.976500 | lrm: 1.00 | dt: 559.67ms | tok/sec: 58,548 | bf16_mfu: 0.00 | epoch: 1 pq: 0 rg: 17 | total time: 2.07m | eta: 326.0m
step 00234/35280 (0.66%) | loss: 4.976676 | lrm: 1.00 | dt: 566.42ms | tok/sec: 57,851 | bf16_mfu: 0.00 | epoch: 1 pq: 0 rg: 18 | total time: 2.08m | eta: 326.0m
step 00235/35280 (0.67%) | loss: 4.979293 | lrm: 1.00 | dt: 560.84ms | tok/sec: 58,426 | bf16_mfu: 0.00 | epoch: 1 pq: 0 rg: 18 | total time: 2.09m | eta: 326.0m
step 00236/35280 (0.67%) | loss: 4.979515 | lrm: 1.00 | dt: 561.92ms | tok/sec: 58,314 | bf16_mfu: 0.00 | epoch: 1 pq: 0 rg: 18 | total time: 2.10m | eta: 326.0m
step 00237/35280 (0.67%) | loss: 4.959763 | lrm: 1.00 | dt: 555.89ms | tok/sec: 58,946 | bf16_mfu: 0.00 | epoch: 1 pq: 0 rg: 18 | total time: 2.11m | eta: 326.0m
step 00238/35280 (0.67%) | loss: 4.963118 | lrm: 1.00 | dt: 554.23ms | tok/sec: 59,123 | bf16_mfu: 0.00 | epoch: 1 pq: 0 rg: 18 | total time: 2.12m | eta: 325.9m
step 00239/35280 (0.68%) | loss: 4.934655 | lrm: 1.00 | dt: 554.19ms | tok/sec: 59,127 | bf16_mfu: 0.00 | epoch: 1 pq: 0 rg: 18 | total time: 2.13m | eta: 325.9m
step 00240/35280 (0.68%) | loss: 4.930259 | lrm: 1.00 | dt: 566.99ms | tok/sec: 57,792 | bf16_mfu: 0.00 | epoch: 1 pq: 0 rg: 18 | total time: 2.14m | eta: 325.9m
step 00241/35280 (0.68%) | loss: 4.916614 | lrm: 1.00 | dt: 567.71ms | tok/sec: 57,719 | bf16_mfu: 0.00 | epoch: 1 pq: 0 rg: 18 | total time: 2.15m | eta: 325.9m
step 00242/35280 (0.69%) | loss: 4.926079 | lrm: 1.00 | dt: 563.05ms | tok/sec: 58,196 | bf16_mfu: 0.00 | epoch: 1 pq: 0 rg: 18 | total time: 2.16m | eta: 325.9m
step 00243/35280 (0.69%) | loss: 4.936133 | lrm: 1.00 | dt: 573.95ms | tok/sec: 57,091 | bf16_mfu: 0.00 | epoch: 1 pq: 0 rg: 18 | total time: 2.17m | eta: 326.0m
step 00244/35280 (0.69%) | loss: 4.926561 | lrm: 1.00 | dt: 580.77ms | tok/sec: 56,421 | bf16_mfu: 0.00 | epoch: 1 pq: 0 rg: 18 | total time: 2.18m | eta: 326.0m
step 00245/35280 (0.69%) | loss: 4.953716 | lrm: 1.00 | dt: 608.57ms | tok/sec: 53,844 | bf16_mfu: 0.00 | epoch: 1 pq: 0 rg: 18 | total time: 2.19m | eta: 326.1m
step 00246/35280 (0.70%) | loss: 4.940174 | lrm: 1.00 | dt: 570.04ms | tok/sec: 57,483 | bf16_mfu: 0.00 | epoch: 1 pq: 0 rg: 18 | total time: 2.20m | eta: 326.2m
step 00247/35280 (0.70%) | loss: 4.921978 | lrm: 1.00 | dt: 568.72ms | tok/sec: 57,616 | bf16_mfu: 0.00 | epoch: 1 pq: 0 rg: 18 | total time: 2.21m | eta: 326.2m
step 00248/35280 (0.70%) | loss: 4.917850 | lrm: 1.00 | dt: 561.53ms | tok/sec: 58,354 | bf16_mfu: 0.00 | epoch: 1 pq: 0 rg: 18 | total time: 2.22m | eta: 326.2m
step 00249/35280 (0.71%) | loss: 4.911746 | lrm: 1.00 | dt: 587.64ms | tok/sec: 55,761 | bf16_mfu: 0.00 | epoch: 1 pq: 0 rg: 19 | total time: 2.23m | eta: 326.2m
